<?xml version="1.0" encoding="UTF-8"?>
<testsuite xmlns:xsi="http://www.w3.org/2001/XMLSchema-instance" xsi:noNamespaceSchemaLocation="https://maven.apache.org/surefire/maven-surefire-plugin/xsd/surefire-test-report.xsd" name="TestSuite" time="25.197" tests="275" errors="0" skipped="266" failures="9">
  <properties>
    <property name="http.proxyHost" value="airtelproxy.airtel.com"/>
    <property name="java.specification.version" value="17"/>
    <property name="sun.jnu.encoding" value="UTF-8"/>
    <property name="java.class.path" value="/Users/b0216523/apache-maven-3.8.4/boot/plexus-classworlds-2.6.0.jar"/>
    <property name="https.proxyPort" value="4145"/>
    <property name="java.vm.vendor" value="Oracle Corporation"/>
    <property name="sun.arch.data.model" value="64"/>
    <property name="java.vendor.url" value="https://java.oracle.com/"/>
    <property name="user.timezone" value="Asia/Kolkata"/>
    <property name="maven.conf" value="/Users/b0216523/apache-maven-3.8.4/conf"/>
    <property name="java.vm.specification.version" value="17"/>
    <property name="os.name" value="Mac OS X"/>
    <property name="sun.java.launcher" value="SUN_STANDARD"/>
    <property name="user.country" value="IN"/>
    <property name="sun.boot.library.path" value="/Library/Java/JavaVirtualMachines/jdk-17.0.2.jdk/Contents/Home/lib"/>
    <property name="sun.java.command" value="org.codehaus.plexus.classworlds.launcher.Launcher clean install"/>
    <property name="http.nonProxyHosts" value="local|*.local|169.254/16|*.169.254/16|airtel.com|*.airtel.com|local|*.local|169.254/16|*.169.254/16|airtelworld.in|*.airtelworld.in|touchtelindia.com|*.touchtelindia.com|airtelworld.in|*.airtelworld.in|10.1.9.45|mn.bharti.com|*.mn.bharti.com|goofy|*.goofy|https://sms.airtelworld.in|*.https://sms.airtelworld.in|webmail.airtel.com|*.webmail.airtel.com|oa.airtel.com|*.oa.airtel.com|w3.airtel.in|*.w3.airtel.in|airtelworld.in|*.airtelworld.in|airtel.com|*.airtel.com|webmail.airtel.com|*.webmail.airtel.com|atlas.hashicorp.com|*.atlas.hashicorp.com|10.14.6.81|10.14.50.33|10.14.50.31|alm.airtelworld.in|*.alm.airtelworld.in|127.0.0.1|localhost|*.localhost|local|*.local|feasibility.airtel.in|*.feasibility.airtel.in|compas.airtel.in|*.compas.airtel.in|10.5.207.160|10.5.252.109|10.5.198.56|10.5.213.105|10.5.213.106|10.5.247.168|10.5.74.29|internalapi-gateway.india.airtel.itm|*.internalapi-gateway.india.airtel.itm|10.5.233.231|https://repo1.maven.org/maven2|*.https://repo1.maven.org/maven2|myairtelappdr-internal-kong.india.airtel.itm|*.myairtelappdr-internal-kong.india.airtel.itm|10.241.101.50|10.241.101.51|10.241.101.52|10.5.76.86|http://consul.india.airtel.itm|*.http://consul.india.airtel.itm|10.5.29.159"/>
    <property name="jdk.debug" value="release"/>
    <property name="maven.home" value="/Users/b0216523/apache-maven-3.8.4"/>
    <property name="sun.cpu.endian" value="little"/>
    <property name="user.home" value="/Users/b0216523"/>
    <property name="user.language" value="en"/>
    <property name="sun.stderr.encoding" value="US-ASCII"/>
    <property name="java.specification.vendor" value="Oracle Corporation"/>
    <property name="java.version.date" value="2022-01-18"/>
    <property name="java.home" value="/Library/Java/JavaVirtualMachines/jdk-17.0.2.jdk/Contents/Home"/>
    <property name="file.separator" value="/"/>
    <property name="https.proxyHost" value="airtelproxy.airtel.com"/>
    <property name="java.vm.compressedOopsMode" value="Zero based"/>
    <property name="line.separator" value="&#10;"/>
    <property name="sun.stdout.encoding" value="US-ASCII"/>
    <property name="java.vm.specification.vendor" value="Oracle Corporation"/>
    <property name="java.specification.name" value="Java Platform API Specification"/>
    <property name="sun.management.compiler" value="HotSpot 64-Bit Tiered Compilers"/>
    <property name="ftp.nonProxyHosts" value="local|*.local|169.254/16|*.169.254/16|airtel.com|*.airtel.com|local|*.local|169.254/16|*.169.254/16|airtelworld.in|*.airtelworld.in|touchtelindia.com|*.touchtelindia.com|airtelworld.in|*.airtelworld.in|10.1.9.45|mn.bharti.com|*.mn.bharti.com|goofy|*.goofy|https://sms.airtelworld.in|*.https://sms.airtelworld.in|webmail.airtel.com|*.webmail.airtel.com|oa.airtel.com|*.oa.airtel.com|w3.airtel.in|*.w3.airtel.in|airtelworld.in|*.airtelworld.in|airtel.com|*.airtel.com|webmail.airtel.com|*.webmail.airtel.com|atlas.hashicorp.com|*.atlas.hashicorp.com|10.14.6.81|10.14.50.33|10.14.50.31|alm.airtelworld.in|*.alm.airtelworld.in|127.0.0.1|localhost|*.localhost|local|*.local|feasibility.airtel.in|*.feasibility.airtel.in|compas.airtel.in|*.compas.airtel.in|10.5.207.160|10.5.252.109|10.5.198.56|10.5.213.105|10.5.213.106|10.5.247.168|10.5.74.29|internalapi-gateway.india.airtel.itm|*.internalapi-gateway.india.airtel.itm|10.5.233.231|https://repo1.maven.org/maven2|*.https://repo1.maven.org/maven2|myairtelappdr-internal-kong.india.airtel.itm|*.myairtelappdr-internal-kong.india.airtel.itm|10.241.101.50|10.241.101.51|10.241.101.52|10.5.76.86|http://consul.india.airtel.itm|*.http://consul.india.airtel.itm|10.5.29.159"/>
    <property name="java.runtime.version" value="17.0.2+8-LTS-86"/>
    <property name="user.name" value="b0216523"/>
    <property name="path.separator" value=":"/>
    <property name="os.version" value="12.1"/>
    <property name="java.runtime.name" value="Java(TM) SE Runtime Environment"/>
    <property name="file.encoding" value="US-ASCII"/>
    <property name="guice.disable.misplaced.annotation.check" value="true"/>
    <property name="java.vm.name" value="Java HotSpot(TM) 64-Bit Server VM"/>
    <property name="java.vendor.url.bug" value="https://bugreport.java.com/bugreport/"/>
    <property name="java.io.tmpdir" value="/var/folders/1m/ljjy76b965z_lg2wg8qhdgcw0000gn/T/"/>
    <property name="java.version" value="17.0.2"/>
    <property name="user.dir" value="/Users/b0216523/Documents/adtech/BackEndAutomationProject/adtech-api-automation-master@18dad5e58c0"/>
    <property name="os.arch" value="aarch64"/>
    <property name="maven.multiModuleProjectDirectory" value="/Users/b0216523/Documents/adtech/BackEndAutomationProject/adtech-api-automation-master@18dad5e58c0"/>
    <property name="java.vm.specification.name" value="Java Virtual Machine Specification"/>
    <property name="native.encoding" value="US-ASCII"/>
    <property name="java.library.path" value="/Users/b0216523/Library/Java/Extensions:/Library/Java/Extensions:/Network/Library/Java/Extensions:/System/Library/Java/Extensions:/usr/lib/java:."/>
    <property name="java.vm.info" value="mixed mode, sharing"/>
    <property name="java.vendor" value="Oracle Corporation"/>
    <property name="java.vm.version" value="17.0.2+8-LTS-86"/>
    <property name="classworlds.conf" value="/Users/b0216523/apache-maven-3.8.4/bin/m2.conf"/>
    <property name="sun.io.unicode.encoding" value="UnicodeBig"/>
    <property name="library.jansi.path" value="/Users/b0216523/apache-maven-3.8.4/lib/jansi-native"/>
    <property name="socksNonProxyHosts" value="local|*.local|169.254/16|*.169.254/16|airtel.com|*.airtel.com|local|*.local|169.254/16|*.169.254/16|airtelworld.in|*.airtelworld.in|touchtelindia.com|*.touchtelindia.com|airtelworld.in|*.airtelworld.in|10.1.9.45|mn.bharti.com|*.mn.bharti.com|goofy|*.goofy|https://sms.airtelworld.in|*.https://sms.airtelworld.in|webmail.airtel.com|*.webmail.airtel.com|oa.airtel.com|*.oa.airtel.com|w3.airtel.in|*.w3.airtel.in|airtelworld.in|*.airtelworld.in|airtel.com|*.airtel.com|webmail.airtel.com|*.webmail.airtel.com|atlas.hashicorp.com|*.atlas.hashicorp.com|10.14.6.81|10.14.50.33|10.14.50.31|alm.airtelworld.in|*.alm.airtelworld.in|127.0.0.1|localhost|*.localhost|local|*.local|feasibility.airtel.in|*.feasibility.airtel.in|compas.airtel.in|*.compas.airtel.in|10.5.207.160|10.5.252.109|10.5.198.56|10.5.213.105|10.5.213.106|10.5.247.168|10.5.74.29|internalapi-gateway.india.airtel.itm|*.internalapi-gateway.india.airtel.itm|10.5.233.231|https://repo1.maven.org/maven2|*.https://repo1.maven.org/maven2|myairtelappdr-internal-kong.india.airtel.itm|*.myairtelappdr-internal-kong.india.airtel.itm|10.241.101.50|10.241.101.51|10.241.101.52|10.5.76.86|http://consul.india.airtel.itm|*.http://consul.india.airtel.itm|10.5.29.159"/>
    <property name="java.class.version" value="61.0"/>
    <property name="http.proxyPort" value="4145"/>
  </properties>
  <testcase name="createUserCompany" classname="com.airtel.RestAssured.Adtech.Tests.sms.AudienceTest" time="7.635">
    <failure message="expected [true] but found [false]" type="java.lang.AssertionError">java.lang.AssertionError: expected [true] but found [false]
	at com.airtel.RestAssured.Adtech.Tests.sms.AudienceTest.createUserCompany(AudienceTest.java:124)
</failure>
    <system-out><![CDATA[2022-05-18 13:15:17,072 main WARN No Root logger was configured, creating default ERROR-level Root logger with Console appender
2022-05-18 13:15:17,075 main ERROR Unable to locate appender "CONSOLE" for logger config "com"
]]></system-out>
    <system-err><![CDATA[log4j:ERROR setFile(null,true) call failed.
java.io.FileNotFoundException: /Users/b0210582/Work/server.log (No such file or directory)
	at java.base/java.io.FileOutputStream.open0(Native Method)
	at java.base/java.io.FileOutputStream.open(FileOutputStream.java:293)
	at java.base/java.io.FileOutputStream.<init>(FileOutputStream.java:235)
	at java.base/java.io.FileOutputStream.<init>(FileOutputStream.java:155)
	at org.apache.log4j.FileAppender.setFile(FileAppender.java:294)
	at org.apache.log4j.FileAppender.activateOptions(FileAppender.java:165)
	at org.apache.log4j.DailyRollingFileAppender.activateOptions(DailyRollingFileAppender.java:223)
	at org.apache.log4j.config.PropertySetter.activate(PropertySetter.java:307)
	at org.apache.log4j.config.PropertySetter.setProperties(PropertySetter.java:172)
	at org.apache.log4j.config.PropertySetter.setProperties(PropertySetter.java:104)
	at org.apache.log4j.PropertyConfigurator.parseAppender(PropertyConfigurator.java:842)
	at org.apache.log4j.PropertyConfigurator.parseCategory(PropertyConfigurator.java:768)
	at org.apache.log4j.PropertyConfigurator.configureRootCategory(PropertyConfigurator.java:648)
	at org.apache.log4j.PropertyConfigurator.doConfigure(PropertyConfigurator.java:514)
	at org.apache.log4j.PropertyConfigurator.doConfigure(PropertyConfigurator.java:580)
	at org.apache.log4j.helpers.OptionConverter.selectAndConfigure(OptionConverter.java:526)
	at org.apache.log4j.LogManager.<clinit>(LogManager.java:127)
	at org.apache.log4j.Logger.getLogger(Logger.java:104)
	at org.apache.commons.logging.impl.Log4JLogger.getLogger(Log4JLogger.java:262)
	at org.apache.commons.logging.impl.Log4JLogger.<init>(Log4JLogger.java:108)
	at java.base/jdk.internal.reflect.NativeConstructorAccessorImpl.newInstance0(Native Method)
	at java.base/jdk.internal.reflect.NativeConstructorAccessorImpl.newInstance(NativeConstructorAccessorImpl.java:77)
	at java.base/jdk.internal.reflect.DelegatingConstructorAccessorImpl.newInstance(DelegatingConstructorAccessorImpl.java:45)
	at java.base/java.lang.reflect.Constructor.newInstanceWithCaller(Constructor.java:499)
	at java.base/java.lang.reflect.Constructor.newInstance(Constructor.java:480)
	at org.apache.commons.logging.impl.LogFactoryImpl.createLogFromClass(LogFactoryImpl.java:1025)
	at org.apache.commons.logging.impl.LogFactoryImpl.discoverLogImplementation(LogFactoryImpl.java:844)
	at org.apache.commons.logging.impl.LogFactoryImpl.newInstance(LogFactoryImpl.java:541)
	at org.apache.commons.logging.impl.LogFactoryImpl.getInstance(LogFactoryImpl.java:292)
	at org.apache.commons.logging.impl.LogFactoryImpl.getInstance(LogFactoryImpl.java:269)
	at org.apache.commons.logging.LogFactory.getLog(LogFactory.java:655)
	at org.springframework.kafka.core.DefaultKafkaProducerFactory.<clinit>(DefaultKafkaProducerFactory.java:76)
	at com.airtel.Kafka.KafkaSender.<init>(KafkaSender.java:56)
	at com.airtel.optimusClient.Agent.initializeKafkaTemplate(Agent.java:37)
	at com.airtel.optimusClient.Agent.<init>(Agent.java:28)
	at com.airtel.optimusClient.Agent.getInstance(Agent.java:74)
	at com.airtel.listener.testng.OptimusTestNgListener.<init>(OptimusTestNgListener.java:30)
	at com.airtel.listener.testng.OptimusTestNgListener.<clinit>(OptimusTestNgListener.java:21)
	at com.airtel.listener.testng.Vangaurd.<init>(Vangaurd.java:8)
	at java.base/jdk.internal.reflect.NativeConstructorAccessorImpl.newInstance0(Native Method)
	at java.base/jdk.internal.reflect.NativeConstructorAccessorImpl.newInstance(NativeConstructorAccessorImpl.java:77)
	at java.base/jdk.internal.reflect.DelegatingConstructorAccessorImpl.newInstance(DelegatingConstructorAccessorImpl.java:45)
	at java.base/java.lang.reflect.Constructor.newInstanceWithCaller(Constructor.java:499)
	at java.base/java.lang.reflect.ReflectAccess.newInstance(ReflectAccess.java:128)
	at java.base/jdk.internal.reflect.ReflectionFactory.newInstance(ReflectionFactory.java:347)
	at java.base/java.lang.Class.newInstance(Class.java:645)
	at org.testng.internal.ClassHelper.newInstance(ClassHelper.java:65)
	at org.testng.TestRunner.initListeners(TestRunner.java:345)
	at org.testng.TestRunner.init(TestRunner.java:253)
	at org.testng.TestRunner.init(TestRunner.java:220)
	at org.testng.TestRunner.<init>(TestRunner.java:161)
	at org.testng.SuiteRunner$DefaultTestRunnerFactory.newTestRunner(SuiteRunner.java:578)
	at org.testng.SuiteRunner.init(SuiteRunner.java:185)
	at org.testng.SuiteRunner.<init>(SuiteRunner.java:131)
	at org.testng.TestNG.createSuiteRunner(TestNG.java:1383)
	at org.testng.TestNG.createSuiteRunners(TestNG.java:1363)
	at org.testng.TestNG.runSuitesLocally(TestNG.java:1217)
	at org.testng.TestNG.runSuites(TestNG.java:1144)
	at org.testng.TestNG.run(TestNG.java:1115)
	at org.apache.maven.surefire.testng.TestNGExecutor.run(TestNGExecutor.java:135)
	at org.apache.maven.surefire.testng.TestNGDirectoryTestSuite.executeMulti(TestNGDirectoryTestSuite.java:193)
	at org.apache.maven.surefire.testng.TestNGDirectoryTestSuite.execute(TestNGDirectoryTestSuite.java:94)
	at org.apache.maven.surefire.testng.TestNGProvider.invoke(TestNGProvider.java:146)
	at org.apache.maven.surefire.booter.ForkedBooter.invokeProviderInSameClassLoader(ForkedBooter.java:386)
	at org.apache.maven.surefire.booter.ForkedBooter.runSuitesInProcess(ForkedBooter.java:323)
	at org.apache.maven.surefire.booter.ForkedBooter.main(ForkedBooter.java:143)
log4j:ERROR Either File or DatePattern options are not set for appender [kafkaAppender].
log4j:ERROR setFile(null,true) call failed.
java.io.FileNotFoundException: /Users/b0210582/Work/kafka-request.log (No such file or directory)
	at java.base/java.io.FileOutputStream.open0(Native Method)
	at java.base/java.io.FileOutputStream.open(FileOutputStream.java:293)
	at java.base/java.io.FileOutputStream.<init>(FileOutputStream.java:235)
	at java.base/java.io.FileOutputStream.<init>(FileOutputStream.java:155)
	at org.apache.log4j.FileAppender.setFile(FileAppender.java:294)
	at org.apache.log4j.FileAppender.activateOptions(FileAppender.java:165)
	at org.apache.log4j.DailyRollingFileAppender.activateOptions(DailyRollingFileAppender.java:223)
	at org.apache.log4j.config.PropertySetter.activate(PropertySetter.java:307)
	at org.apache.log4j.config.PropertySetter.setProperties(PropertySetter.java:172)
	at org.apache.log4j.config.PropertySetter.setProperties(PropertySetter.java:104)
	at org.apache.log4j.PropertyConfigurator.parseAppender(PropertyConfigurator.java:842)
	at org.apache.log4j.PropertyConfigurator.parseCategory(PropertyConfigurator.java:768)
	at org.apache.log4j.PropertyConfigurator.parseCatsAndRenderers(PropertyConfigurator.java:672)
	at org.apache.log4j.PropertyConfigurator.doConfigure(PropertyConfigurator.java:516)
	at org.apache.log4j.PropertyConfigurator.doConfigure(PropertyConfigurator.java:580)
	at org.apache.log4j.helpers.OptionConverter.selectAndConfigure(OptionConverter.java:526)
	at org.apache.log4j.LogManager.<clinit>(LogManager.java:127)
	at org.apache.log4j.Logger.getLogger(Logger.java:104)
	at org.apache.commons.logging.impl.Log4JLogger.getLogger(Log4JLogger.java:262)
	at org.apache.commons.logging.impl.Log4JLogger.<init>(Log4JLogger.java:108)
	at java.base/jdk.internal.reflect.NativeConstructorAccessorImpl.newInstance0(Native Method)
	at java.base/jdk.internal.reflect.NativeConstructorAccessorImpl.newInstance(NativeConstructorAccessorImpl.java:77)
	at java.base/jdk.internal.reflect.DelegatingConstructorAccessorImpl.newInstance(DelegatingConstructorAccessorImpl.java:45)
	at java.base/java.lang.reflect.Constructor.newInstanceWithCaller(Constructor.java:499)
	at java.base/java.lang.reflect.Constructor.newInstance(Constructor.java:480)
	at org.apache.commons.logging.impl.LogFactoryImpl.createLogFromClass(LogFactoryImpl.java:1025)
	at org.apache.commons.logging.impl.LogFactoryImpl.discoverLogImplementation(LogFactoryImpl.java:844)
	at org.apache.commons.logging.impl.LogFactoryImpl.newInstance(LogFactoryImpl.java:541)
	at org.apache.commons.logging.impl.LogFactoryImpl.getInstance(LogFactoryImpl.java:292)
	at org.apache.commons.logging.impl.LogFactoryImpl.getInstance(LogFactoryImpl.java:269)
	at org.apache.commons.logging.LogFactory.getLog(LogFactory.java:655)
	at org.springframework.kafka.core.DefaultKafkaProducerFactory.<clinit>(DefaultKafkaProducerFactory.java:76)
	at com.airtel.Kafka.KafkaSender.<init>(KafkaSender.java:56)
	at com.airtel.optimusClient.Agent.initializeKafkaTemplate(Agent.java:37)
	at com.airtel.optimusClient.Agent.<init>(Agent.java:28)
	at com.airtel.optimusClient.Agent.getInstance(Agent.java:74)
	at com.airtel.listener.testng.OptimusTestNgListener.<init>(OptimusTestNgListener.java:30)
	at com.airtel.listener.testng.OptimusTestNgListener.<clinit>(OptimusTestNgListener.java:21)
	at com.airtel.listener.testng.Vangaurd.<init>(Vangaurd.java:8)
	at java.base/jdk.internal.reflect.NativeConstructorAccessorImpl.newInstance0(Native Method)
	at java.base/jdk.internal.reflect.NativeConstructorAccessorImpl.newInstance(NativeConstructorAccessorImpl.java:77)
	at java.base/jdk.internal.reflect.DelegatingConstructorAccessorImpl.newInstance(DelegatingConstructorAccessorImpl.java:45)
	at java.base/java.lang.reflect.Constructor.newInstanceWithCaller(Constructor.java:499)
	at java.base/java.lang.reflect.ReflectAccess.newInstance(ReflectAccess.java:128)
	at java.base/jdk.internal.reflect.ReflectionFactory.newInstance(ReflectionFactory.java:347)
	at java.base/java.lang.Class.newInstance(Class.java:645)
	at org.testng.internal.ClassHelper.newInstance(ClassHelper.java:65)
	at org.testng.TestRunner.initListeners(TestRunner.java:345)
	at org.testng.TestRunner.init(TestRunner.java:253)
	at org.testng.TestRunner.init(TestRunner.java:220)
	at org.testng.TestRunner.<init>(TestRunner.java:161)
	at org.testng.SuiteRunner$DefaultTestRunnerFactory.newTestRunner(SuiteRunner.java:578)
	at org.testng.SuiteRunner.init(SuiteRunner.java:185)
	at org.testng.SuiteRunner.<init>(SuiteRunner.java:131)
	at org.testng.TestNG.createSuiteRunner(TestNG.java:1383)
	at org.testng.TestNG.createSuiteRunners(TestNG.java:1363)
	at org.testng.TestNG.runSuitesLocally(TestNG.java:1217)
	at org.testng.TestNG.runSuites(TestNG.java:1144)
	at org.testng.TestNG.run(TestNG.java:1115)
	at org.apache.maven.surefire.testng.TestNGExecutor.run(TestNGExecutor.java:135)
	at org.apache.maven.surefire.testng.TestNGDirectoryTestSuite.executeMulti(TestNGDirectoryTestSuite.java:193)
	at org.apache.maven.surefire.testng.TestNGDirectoryTestSuite.execute(TestNGDirectoryTestSuite.java:94)
	at org.apache.maven.surefire.testng.TestNGProvider.invoke(TestNGProvider.java:146)
	at org.apache.maven.surefire.booter.ForkedBooter.invokeProviderInSameClassLoader(ForkedBooter.java:386)
	at org.apache.maven.surefire.booter.ForkedBooter.runSuitesInProcess(ForkedBooter.java:323)
	at org.apache.maven.surefire.booter.ForkedBooter.main(ForkedBooter.java:143)
log4j:ERROR Either File or DatePattern options are not set for appender [requestAppender].
log4j:ERROR setFile(null,true) call failed.
java.io.FileNotFoundException: /Users/b0210582/Work/kafka-authorizer.log (No such file or directory)
	at java.base/java.io.FileOutputStream.open0(Native Method)
	at java.base/java.io.FileOutputStream.open(FileOutputStream.java:293)
	at java.base/java.io.FileOutputStream.<init>(FileOutputStream.java:235)
	at java.base/java.io.FileOutputStream.<init>(FileOutputStream.java:155)
	at org.apache.log4j.FileAppender.setFile(FileAppender.java:294)
	at org.apache.log4j.FileAppender.activateOptions(FileAppender.java:165)
	at org.apache.log4j.DailyRollingFileAppender.activateOptions(DailyRollingFileAppender.java:223)
	at org.apache.log4j.config.PropertySetter.activate(PropertySetter.java:307)
	at org.apache.log4j.config.PropertySetter.setProperties(PropertySetter.java:172)
	at org.apache.log4j.config.PropertySetter.setProperties(PropertySetter.java:104)
	at org.apache.log4j.PropertyConfigurator.parseAppender(PropertyConfigurator.java:842)
	at org.apache.log4j.PropertyConfigurator.parseCategory(PropertyConfigurator.java:768)
	at org.apache.log4j.PropertyConfigurator.parseCatsAndRenderers(PropertyConfigurator.java:672)
	at org.apache.log4j.PropertyConfigurator.doConfigure(PropertyConfigurator.java:516)
	at org.apache.log4j.PropertyConfigurator.doConfigure(PropertyConfigurator.java:580)
	at org.apache.log4j.helpers.OptionConverter.selectAndConfigure(OptionConverter.java:526)
	at org.apache.log4j.LogManager.<clinit>(LogManager.java:127)
	at org.apache.log4j.Logger.getLogger(Logger.java:104)
	at org.apache.commons.logging.impl.Log4JLogger.getLogger(Log4JLogger.java:262)
	at org.apache.commons.logging.impl.Log4JLogger.<init>(Log4JLogger.java:108)
	at java.base/jdk.internal.reflect.NativeConstructorAccessorImpl.newInstance0(Native Method)
	at java.base/jdk.internal.reflect.NativeConstructorAccessorImpl.newInstance(NativeConstructorAccessorImpl.java:77)
	at java.base/jdk.internal.reflect.DelegatingConstructorAccessorImpl.newInstance(DelegatingConstructorAccessorImpl.java:45)
	at java.base/java.lang.reflect.Constructor.newInstanceWithCaller(Constructor.java:499)
	at java.base/java.lang.reflect.Constructor.newInstance(Constructor.java:480)
	at org.apache.commons.logging.impl.LogFactoryImpl.createLogFromClass(LogFactoryImpl.java:1025)
	at org.apache.commons.logging.impl.LogFactoryImpl.discoverLogImplementation(LogFactoryImpl.java:844)
	at org.apache.commons.logging.impl.LogFactoryImpl.newInstance(LogFactoryImpl.java:541)
	at org.apache.commons.logging.impl.LogFactoryImpl.getInstance(LogFactoryImpl.java:292)
	at org.apache.commons.logging.impl.LogFactoryImpl.getInstance(LogFactoryImpl.java:269)
	at org.apache.commons.logging.LogFactory.getLog(LogFactory.java:655)
	at org.springframework.kafka.core.DefaultKafkaProducerFactory.<clinit>(DefaultKafkaProducerFactory.java:76)
	at com.airtel.Kafka.KafkaSender.<init>(KafkaSender.java:56)
	at com.airtel.optimusClient.Agent.initializeKafkaTemplate(Agent.java:37)
	at com.airtel.optimusClient.Agent.<init>(Agent.java:28)
	at com.airtel.optimusClient.Agent.getInstance(Agent.java:74)
	at com.airtel.listener.testng.OptimusTestNgListener.<init>(OptimusTestNgListener.java:30)
	at com.airtel.listener.testng.OptimusTestNgListener.<clinit>(OptimusTestNgListener.java:21)
	at com.airtel.listener.testng.Vangaurd.<init>(Vangaurd.java:8)
	at java.base/jdk.internal.reflect.NativeConstructorAccessorImpl.newInstance0(Native Method)
	at java.base/jdk.internal.reflect.NativeConstructorAccessorImpl.newInstance(NativeConstructorAccessorImpl.java:77)
	at java.base/jdk.internal.reflect.DelegatingConstructorAccessorImpl.newInstance(DelegatingConstructorAccessorImpl.java:45)
	at java.base/java.lang.reflect.Constructor.newInstanceWithCaller(Constructor.java:499)
	at java.base/java.lang.reflect.ReflectAccess.newInstance(ReflectAccess.java:128)
	at java.base/jdk.internal.reflect.ReflectionFactory.newInstance(ReflectionFactory.java:347)
	at java.base/java.lang.Class.newInstance(Class.java:645)
	at org.testng.internal.ClassHelper.newInstance(ClassHelper.java:65)
	at org.testng.TestRunner.initListeners(TestRunner.java:345)
	at org.testng.TestRunner.init(TestRunner.java:253)
	at org.testng.TestRunner.init(TestRunner.java:220)
	at org.testng.TestRunner.<init>(TestRunner.java:161)
	at org.testng.SuiteRunner$DefaultTestRunnerFactory.newTestRunner(SuiteRunner.java:578)
	at org.testng.SuiteRunner.init(SuiteRunner.java:185)
	at org.testng.SuiteRunner.<init>(SuiteRunner.java:131)
	at org.testng.TestNG.createSuiteRunner(TestNG.java:1383)
	at org.testng.TestNG.createSuiteRunners(TestNG.java:1363)
	at org.testng.TestNG.runSuitesLocally(TestNG.java:1217)
	at org.testng.TestNG.runSuites(TestNG.java:1144)
	at org.testng.TestNG.run(TestNG.java:1115)
	at org.apache.maven.surefire.testng.TestNGExecutor.run(TestNGExecutor.java:135)
	at org.apache.maven.surefire.testng.TestNGDirectoryTestSuite.executeMulti(TestNGDirectoryTestSuite.java:193)
	at org.apache.maven.surefire.testng.TestNGDirectoryTestSuite.execute(TestNGDirectoryTestSuite.java:94)
	at org.apache.maven.surefire.testng.TestNGProvider.invoke(TestNGProvider.java:146)
	at org.apache.maven.surefire.booter.ForkedBooter.invokeProviderInSameClassLoader(ForkedBooter.java:386)
	at org.apache.maven.surefire.booter.ForkedBooter.runSuitesInProcess(ForkedBooter.java:323)
	at org.apache.maven.surefire.booter.ForkedBooter.main(ForkedBooter.java:143)
log4j:ERROR Either File or DatePattern options are not set for appender [authorizerAppender].
log4j:ERROR setFile(null,true) call failed.
java.io.FileNotFoundException: /Users/b0210582/Work/log-cleaner.log (No such file or directory)
	at java.base/java.io.FileOutputStream.open0(Native Method)
	at java.base/java.io.FileOutputStream.open(FileOutputStream.java:293)
	at java.base/java.io.FileOutputStream.<init>(FileOutputStream.java:235)
	at java.base/java.io.FileOutputStream.<init>(FileOutputStream.java:155)
	at org.apache.log4j.FileAppender.setFile(FileAppender.java:294)
	at org.apache.log4j.FileAppender.activateOptions(FileAppender.java:165)
	at org.apache.log4j.DailyRollingFileAppender.activateOptions(DailyRollingFileAppender.java:223)
	at org.apache.log4j.config.PropertySetter.activate(PropertySetter.java:307)
	at org.apache.log4j.config.PropertySetter.setProperties(PropertySetter.java:172)
	at org.apache.log4j.config.PropertySetter.setProperties(PropertySetter.java:104)
	at org.apache.log4j.PropertyConfigurator.parseAppender(PropertyConfigurator.java:842)
	at org.apache.log4j.PropertyConfigurator.parseCategory(PropertyConfigurator.java:768)
	at org.apache.log4j.PropertyConfigurator.parseCatsAndRenderers(PropertyConfigurator.java:672)
	at org.apache.log4j.PropertyConfigurator.doConfigure(PropertyConfigurator.java:516)
	at org.apache.log4j.PropertyConfigurator.doConfigure(PropertyConfigurator.java:580)
	at org.apache.log4j.helpers.OptionConverter.selectAndConfigure(OptionConverter.java:526)
	at org.apache.log4j.LogManager.<clinit>(LogManager.java:127)
	at org.apache.log4j.Logger.getLogger(Logger.java:104)
	at org.apache.commons.logging.impl.Log4JLogger.getLogger(Log4JLogger.java:262)
	at org.apache.commons.logging.impl.Log4JLogger.<init>(Log4JLogger.java:108)
	at java.base/jdk.internal.reflect.NativeConstructorAccessorImpl.newInstance0(Native Method)
	at java.base/jdk.internal.reflect.NativeConstructorAccessorImpl.newInstance(NativeConstructorAccessorImpl.java:77)
	at java.base/jdk.internal.reflect.DelegatingConstructorAccessorImpl.newInstance(DelegatingConstructorAccessorImpl.java:45)
	at java.base/java.lang.reflect.Constructor.newInstanceWithCaller(Constructor.java:499)
	at java.base/java.lang.reflect.Constructor.newInstance(Constructor.java:480)
	at org.apache.commons.logging.impl.LogFactoryImpl.createLogFromClass(LogFactoryImpl.java:1025)
	at org.apache.commons.logging.impl.LogFactoryImpl.discoverLogImplementation(LogFactoryImpl.java:844)
	at org.apache.commons.logging.impl.LogFactoryImpl.newInstance(LogFactoryImpl.java:541)
	at org.apache.commons.logging.impl.LogFactoryImpl.getInstance(LogFactoryImpl.java:292)
	at org.apache.commons.logging.impl.LogFactoryImpl.getInstance(LogFactoryImpl.java:269)
	at org.apache.commons.logging.LogFactory.getLog(LogFactory.java:655)
	at org.springframework.kafka.core.DefaultKafkaProducerFactory.<clinit>(DefaultKafkaProducerFactory.java:76)
	at com.airtel.Kafka.KafkaSender.<init>(KafkaSender.java:56)
	at com.airtel.optimusClient.Agent.initializeKafkaTemplate(Agent.java:37)
	at com.airtel.optimusClient.Agent.<init>(Agent.java:28)
	at com.airtel.optimusClient.Agent.getInstance(Agent.java:74)
	at com.airtel.listener.testng.OptimusTestNgListener.<init>(OptimusTestNgListener.java:30)
	at com.airtel.listener.testng.OptimusTestNgListener.<clinit>(OptimusTestNgListener.java:21)
	at com.airtel.listener.testng.Vangaurd.<init>(Vangaurd.java:8)
	at java.base/jdk.internal.reflect.NativeConstructorAccessorImpl.newInstance0(Native Method)
	at java.base/jdk.internal.reflect.NativeConstructorAccessorImpl.newInstance(NativeConstructorAccessorImpl.java:77)
	at java.base/jdk.internal.reflect.DelegatingConstructorAccessorImpl.newInstance(DelegatingConstructorAccessorImpl.java:45)
	at java.base/java.lang.reflect.Constructor.newInstanceWithCaller(Constructor.java:499)
	at java.base/java.lang.reflect.ReflectAccess.newInstance(ReflectAccess.java:128)
	at java.base/jdk.internal.reflect.ReflectionFactory.newInstance(ReflectionFactory.java:347)
	at java.base/java.lang.Class.newInstance(Class.java:645)
	at org.testng.internal.ClassHelper.newInstance(ClassHelper.java:65)
	at org.testng.TestRunner.initListeners(TestRunner.java:345)
	at org.testng.TestRunner.init(TestRunner.java:253)
	at org.testng.TestRunner.init(TestRunner.java:220)
	at org.testng.TestRunner.<init>(TestRunner.java:161)
	at org.testng.SuiteRunner$DefaultTestRunnerFactory.newTestRunner(SuiteRunner.java:578)
	at org.testng.SuiteRunner.init(SuiteRunner.java:185)
	at org.testng.SuiteRunner.<init>(SuiteRunner.java:131)
	at org.testng.TestNG.createSuiteRunner(TestNG.java:1383)
	at org.testng.TestNG.createSuiteRunners(TestNG.java:1363)
	at org.testng.TestNG.runSuitesLocally(TestNG.java:1217)
	at org.testng.TestNG.runSuites(TestNG.java:1144)
	at org.testng.TestNG.run(TestNG.java:1115)
	at org.apache.maven.surefire.testng.TestNGExecutor.run(TestNGExecutor.java:135)
	at org.apache.maven.surefire.testng.TestNGDirectoryTestSuite.executeMulti(TestNGDirectoryTestSuite.java:193)
	at org.apache.maven.surefire.testng.TestNGDirectoryTestSuite.execute(TestNGDirectoryTestSuite.java:94)
	at org.apache.maven.surefire.testng.TestNGProvider.invoke(TestNGProvider.java:146)
	at org.apache.maven.surefire.booter.ForkedBooter.invokeProviderInSameClassLoader(ForkedBooter.java:386)
	at org.apache.maven.surefire.booter.ForkedBooter.runSuitesInProcess(ForkedBooter.java:323)
	at org.apache.maven.surefire.booter.ForkedBooter.main(ForkedBooter.java:143)
log4j:ERROR Either File or DatePattern options are not set for appender [cleanerAppender].
log4j:ERROR setFile(null,true) call failed.
java.io.FileNotFoundException: /Users/b0210582/Work/state-change.log (No such file or directory)
	at java.base/java.io.FileOutputStream.open0(Native Method)
	at java.base/java.io.FileOutputStream.open(FileOutputStream.java:293)
	at java.base/java.io.FileOutputStream.<init>(FileOutputStream.java:235)
	at java.base/java.io.FileOutputStream.<init>(FileOutputStream.java:155)
	at org.apache.log4j.FileAppender.setFile(FileAppender.java:294)
	at org.apache.log4j.FileAppender.activateOptions(FileAppender.java:165)
	at org.apache.log4j.DailyRollingFileAppender.activateOptions(DailyRollingFileAppender.java:223)
	at org.apache.log4j.config.PropertySetter.activate(PropertySetter.java:307)
	at org.apache.log4j.config.PropertySetter.setProperties(PropertySetter.java:172)
	at org.apache.log4j.config.PropertySetter.setProperties(PropertySetter.java:104)
	at org.apache.log4j.PropertyConfigurator.parseAppender(PropertyConfigurator.java:842)
	at org.apache.log4j.PropertyConfigurator.parseCategory(PropertyConfigurator.java:768)
	at org.apache.log4j.PropertyConfigurator.parseCatsAndRenderers(PropertyConfigurator.java:672)
	at org.apache.log4j.PropertyConfigurator.doConfigure(PropertyConfigurator.java:516)
	at org.apache.log4j.PropertyConfigurator.doConfigure(PropertyConfigurator.java:580)
	at org.apache.log4j.helpers.OptionConverter.selectAndConfigure(OptionConverter.java:526)
	at org.apache.log4j.LogManager.<clinit>(LogManager.java:127)
	at org.apache.log4j.Logger.getLogger(Logger.java:104)
	at org.apache.commons.logging.impl.Log4JLogger.getLogger(Log4JLogger.java:262)
	at org.apache.commons.logging.impl.Log4JLogger.<init>(Log4JLogger.java:108)
	at java.base/jdk.internal.reflect.NativeConstructorAccessorImpl.newInstance0(Native Method)
	at java.base/jdk.internal.reflect.NativeConstructorAccessorImpl.newInstance(NativeConstructorAccessorImpl.java:77)
	at java.base/jdk.internal.reflect.DelegatingConstructorAccessorImpl.newInstance(DelegatingConstructorAccessorImpl.java:45)
	at java.base/java.lang.reflect.Constructor.newInstanceWithCaller(Constructor.java:499)
	at java.base/java.lang.reflect.Constructor.newInstance(Constructor.java:480)
	at org.apache.commons.logging.impl.LogFactoryImpl.createLogFromClass(LogFactoryImpl.java:1025)
	at org.apache.commons.logging.impl.LogFactoryImpl.discoverLogImplementation(LogFactoryImpl.java:844)
	at org.apache.commons.logging.impl.LogFactoryImpl.newInstance(LogFactoryImpl.java:541)
	at org.apache.commons.logging.impl.LogFactoryImpl.getInstance(LogFactoryImpl.java:292)
	at org.apache.commons.logging.impl.LogFactoryImpl.getInstance(LogFactoryImpl.java:269)
	at org.apache.commons.logging.LogFactory.getLog(LogFactory.java:655)
	at org.springframework.kafka.core.DefaultKafkaProducerFactory.<clinit>(DefaultKafkaProducerFactory.java:76)
	at com.airtel.Kafka.KafkaSender.<init>(KafkaSender.java:56)
	at com.airtel.optimusClient.Agent.initializeKafkaTemplate(Agent.java:37)
	at com.airtel.optimusClient.Agent.<init>(Agent.java:28)
	at com.airtel.optimusClient.Agent.getInstance(Agent.java:74)
	at com.airtel.listener.testng.OptimusTestNgListener.<init>(OptimusTestNgListener.java:30)
	at com.airtel.listener.testng.OptimusTestNgListener.<clinit>(OptimusTestNgListener.java:21)
	at com.airtel.listener.testng.Vangaurd.<init>(Vangaurd.java:8)
	at java.base/jdk.internal.reflect.NativeConstructorAccessorImpl.newInstance0(Native Method)
	at java.base/jdk.internal.reflect.NativeConstructorAccessorImpl.newInstance(NativeConstructorAccessorImpl.java:77)
	at java.base/jdk.internal.reflect.DelegatingConstructorAccessorImpl.newInstance(DelegatingConstructorAccessorImpl.java:45)
	at java.base/java.lang.reflect.Constructor.newInstanceWithCaller(Constructor.java:499)
	at java.base/java.lang.reflect.ReflectAccess.newInstance(ReflectAccess.java:128)
	at java.base/jdk.internal.reflect.ReflectionFactory.newInstance(ReflectionFactory.java:347)
	at java.base/java.lang.Class.newInstance(Class.java:645)
	at org.testng.internal.ClassHelper.newInstance(ClassHelper.java:65)
	at org.testng.TestRunner.initListeners(TestRunner.java:345)
	at org.testng.TestRunner.init(TestRunner.java:253)
	at org.testng.TestRunner.init(TestRunner.java:220)
	at org.testng.TestRunner.<init>(TestRunner.java:161)
	at org.testng.SuiteRunner$DefaultTestRunnerFactory.newTestRunner(SuiteRunner.java:578)
	at org.testng.SuiteRunner.init(SuiteRunner.java:185)
	at org.testng.SuiteRunner.<init>(SuiteRunner.java:131)
	at org.testng.TestNG.createSuiteRunner(TestNG.java:1383)
	at org.testng.TestNG.createSuiteRunners(TestNG.java:1363)
	at org.testng.TestNG.runSuitesLocally(TestNG.java:1217)
	at org.testng.TestNG.runSuites(TestNG.java:1144)
	at org.testng.TestNG.run(TestNG.java:1115)
	at org.apache.maven.surefire.testng.TestNGExecutor.run(TestNGExecutor.java:135)
	at org.apache.maven.surefire.testng.TestNGDirectoryTestSuite.executeMulti(TestNGDirectoryTestSuite.java:193)
	at org.apache.maven.surefire.testng.TestNGDirectoryTestSuite.execute(TestNGDirectoryTestSuite.java:94)
	at org.apache.maven.surefire.testng.TestNGProvider.invoke(TestNGProvider.java:146)
	at org.apache.maven.surefire.booter.ForkedBooter.invokeProviderInSameClassLoader(ForkedBooter.java:386)
	at org.apache.maven.surefire.booter.ForkedBooter.runSuitesInProcess(ForkedBooter.java:323)
	at org.apache.maven.surefire.booter.ForkedBooter.main(ForkedBooter.java:143)
log4j:ERROR Either File or DatePattern options are not set for appender [stateChangeAppender].
java.io.FileNotFoundException: /Users/b0216523/Documents/adtech/BackEndAutomationProject/adtech-api-automation-master@18dad5e58c0/config/order/orderTestData.properties (No such file or directory)
	at java.base/java.io.FileInputStream.open0(Native Method)
	at java.base/java.io.FileInputStream.open(FileInputStream.java:216)
	at java.base/java.io.FileInputStream.<init>(FileInputStream.java:157)
	at java.base/java.io.FileInputStream.<init>(FileInputStream.java:111)
	at com.airtel.teams.common.CommonApi.getTestDataConfigPropertyObject(CommonApi.java:650)
	at com.airtel.RestAssured.Adtech.Tests.sms.AudienceTest.setEnvironment(AudienceTest.java:88)
	at java.base/jdk.internal.reflect.NativeMethodAccessorImpl.invoke0(Native Method)
	at java.base/jdk.internal.reflect.NativeMethodAccessorImpl.invoke(NativeMethodAccessorImpl.java:77)
	at java.base/jdk.internal.reflect.DelegatingMethodAccessorImpl.invoke(DelegatingMethodAccessorImpl.java:43)
	at java.base/java.lang.reflect.Method.invoke(Method.java:568)
	at org.testng.internal.MethodInvocationHelper.invokeMethod(MethodInvocationHelper.java:108)
	at org.testng.internal.Invoker.invokeConfigurationMethod(Invoker.java:523)
	at org.testng.internal.Invoker.invokeConfigurations(Invoker.java:224)
	at org.testng.internal.Invoker.invokeConfigurations(Invoker.java:146)
	at org.testng.internal.TestMethodWorker.invokeBeforeClassMethods(TestMethodWorker.java:166)
	at org.testng.internal.TestMethodWorker.run(TestMethodWorker.java:105)
	at org.testng.TestRunner.privateRun(TestRunner.java:744)
	at org.testng.TestRunner.run(TestRunner.java:602)
	at org.testng.SuiteRunner.runTest(SuiteRunner.java:380)
	at org.testng.SuiteRunner.runSequentially(SuiteRunner.java:375)
	at org.testng.SuiteRunner.privateRun(SuiteRunner.java:340)
	at org.testng.SuiteRunner.run(SuiteRunner.java:289)
	at org.testng.SuiteRunnerWorker.runSuite(SuiteRunnerWorker.java:52)
	at org.testng.SuiteRunnerWorker.run(SuiteRunnerWorker.java:86)
	at org.testng.TestNG.runSuitesSequentially(TestNG.java:1301)
	at org.testng.TestNG.runSuitesLocally(TestNG.java:1226)
	at org.testng.TestNG.runSuites(TestNG.java:1144)
	at org.testng.TestNG.run(TestNG.java:1115)
	at org.apache.maven.surefire.testng.TestNGExecutor.run(TestNGExecutor.java:135)
	at org.apache.maven.surefire.testng.TestNGDirectoryTestSuite.executeMulti(TestNGDirectoryTestSuite.java:193)
	at org.apache.maven.surefire.testng.TestNGDirectoryTestSuite.execute(TestNGDirectoryTestSuite.java:94)
	at org.apache.maven.surefire.testng.TestNGProvider.invoke(TestNGProvider.java:146)
	at org.apache.maven.surefire.booter.ForkedBooter.invokeProviderInSameClassLoader(ForkedBooter.java:386)
	at org.apache.maven.surefire.booter.ForkedBooter.runSuitesInProcess(ForkedBooter.java:323)
	at org.apache.maven.surefire.booter.ForkedBooter.main(ForkedBooter.java:143)
java.io.FileNotFoundException: /Users/b0216523/Documents/adtech/BackEndAutomationProject/adtech-api-automation-master@18dad5e58c0/config/onboarding/onboardingTestData.properties (No such file or directory)
	at java.base/java.io.FileInputStream.open0(Native Method)
	at java.base/java.io.FileInputStream.open(FileInputStream.java:216)
	at java.base/java.io.FileInputStream.<init>(FileInputStream.java:157)
	at java.base/java.io.FileInputStream.<init>(FileInputStream.java:111)
	at com.airtel.teams.common.CommonApi.getTestDataConfigPropertyObject(CommonApi.java:650)
	at com.airtel.RestAssured.Adtech.Tests.sms.AudienceTest.setEnvironment(AudienceTest.java:89)
	at java.base/jdk.internal.reflect.NativeMethodAccessorImpl.invoke0(Native Method)
	at java.base/jdk.internal.reflect.NativeMethodAccessorImpl.invoke(NativeMethodAccessorImpl.java:77)
	at java.base/jdk.internal.reflect.DelegatingMethodAccessorImpl.invoke(DelegatingMethodAccessorImpl.java:43)
	at java.base/java.lang.reflect.Method.invoke(Method.java:568)
	at org.testng.internal.MethodInvocationHelper.invokeMethod(MethodInvocationHelper.java:108)
	at org.testng.internal.Invoker.invokeConfigurationMethod(Invoker.java:523)
	at org.testng.internal.Invoker.invokeConfigurations(Invoker.java:224)
	at org.testng.internal.Invoker.invokeConfigurations(Invoker.java:146)
	at org.testng.internal.TestMethodWorker.invokeBeforeClassMethods(TestMethodWorker.java:166)
	at org.testng.internal.TestMethodWorker.run(TestMethodWorker.java:105)
	at org.testng.TestRunner.privateRun(TestRunner.java:744)
	at org.testng.TestRunner.run(TestRunner.java:602)
	at org.testng.SuiteRunner.runTest(SuiteRunner.java:380)
	at org.testng.SuiteRunner.runSequentially(SuiteRunner.java:375)
	at org.testng.SuiteRunner.privateRun(SuiteRunner.java:340)
	at org.testng.SuiteRunner.run(SuiteRunner.java:289)
	at org.testng.SuiteRunnerWorker.runSuite(SuiteRunnerWorker.java:52)
	at org.testng.SuiteRunnerWorker.run(SuiteRunnerWorker.java:86)
	at org.testng.TestNG.runSuitesSequentially(TestNG.java:1301)
	at org.testng.TestNG.runSuitesLocally(TestNG.java:1226)
	at org.testng.TestNG.runSuites(TestNG.java:1144)
	at org.testng.TestNG.run(TestNG.java:1115)
	at org.apache.maven.surefire.testng.TestNGExecutor.run(TestNGExecutor.java:135)
	at org.apache.maven.surefire.testng.TestNGDirectoryTestSuite.executeMulti(TestNGDirectoryTestSuite.java:193)
	at org.apache.maven.surefire.testng.TestNGDirectoryTestSuite.execute(TestNGDirectoryTestSuite.java:94)
	at org.apache.maven.surefire.testng.TestNGProvider.invoke(TestNGProvider.java:146)
	at org.apache.maven.surefire.booter.ForkedBooter.invokeProviderInSameClassLoader(ForkedBooter.java:386)
	at org.apache.maven.surefire.booter.ForkedBooter.runSuitesInProcess(ForkedBooter.java:323)
	at org.apache.maven.surefire.booter.ForkedBooter.main(ForkedBooter.java:143)
java.io.FileNotFoundException: /Users/b0216523/Documents/adtech/BackEndAutomationProject/adtech-api-automation-master@18dad5e58c0/config/payment/paymentTestData.properties (No such file or directory)
	at java.base/java.io.FileInputStream.open0(Native Method)
	at java.base/java.io.FileInputStream.open(FileInputStream.java:216)
	at java.base/java.io.FileInputStream.<init>(FileInputStream.java:157)
	at java.base/java.io.FileInputStream.<init>(FileInputStream.java:111)
	at com.airtel.teams.common.CommonApi.getTestDataConfigPropertyObject(CommonApi.java:650)
	at com.airtel.RestAssured.Adtech.Tests.sms.AudienceTest.setEnvironment(AudienceTest.java:90)
	at java.base/jdk.internal.reflect.NativeMethodAccessorImpl.invoke0(Native Method)
	at java.base/jdk.internal.reflect.NativeMethodAccessorImpl.invoke(NativeMethodAccessorImpl.java:77)
	at java.base/jdk.internal.reflect.DelegatingMethodAccessorImpl.invoke(DelegatingMethodAccessorImpl.java:43)
	at java.base/java.lang.reflect.Method.invoke(Method.java:568)
	at org.testng.internal.MethodInvocationHelper.invokeMethod(MethodInvocationHelper.java:108)
	at org.testng.internal.Invoker.invokeConfigurationMethod(Invoker.java:523)
	at org.testng.internal.Invoker.invokeConfigurations(Invoker.java:224)
	at org.testng.internal.Invoker.invokeConfigurations(Invoker.java:146)
	at org.testng.internal.TestMethodWorker.invokeBeforeClassMethods(TestMethodWorker.java:166)
	at org.testng.internal.TestMethodWorker.run(TestMethodWorker.java:105)
	at org.testng.TestRunner.privateRun(TestRunner.java:744)
	at org.testng.TestRunner.run(TestRunner.java:602)
	at org.testng.SuiteRunner.runTest(SuiteRunner.java:380)
	at org.testng.SuiteRunner.runSequentially(SuiteRunner.java:375)
	at org.testng.SuiteRunner.privateRun(SuiteRunner.java:340)
	at org.testng.SuiteRunner.run(SuiteRunner.java:289)
	at org.testng.SuiteRunnerWorker.runSuite(SuiteRunnerWorker.java:52)
	at org.testng.SuiteRunnerWorker.run(SuiteRunnerWorker.java:86)
	at org.testng.TestNG.runSuitesSequentially(TestNG.java:1301)
	at org.testng.TestNG.runSuitesLocally(TestNG.java:1226)
	at org.testng.TestNG.runSuites(TestNG.java:1144)
	at org.testng.TestNG.run(TestNG.java:1115)
	at org.apache.maven.surefire.testng.TestNGExecutor.run(TestNGExecutor.java:135)
	at org.apache.maven.surefire.testng.TestNGDirectoryTestSuite.executeMulti(TestNGDirectoryTestSuite.java:193)
	at org.apache.maven.surefire.testng.TestNGDirectoryTestSuite.execute(TestNGDirectoryTestSuite.java:94)
	at org.apache.maven.surefire.testng.TestNGProvider.invoke(TestNGProvider.java:146)
	at org.apache.maven.surefire.booter.ForkedBooter.invokeProviderInSameClassLoader(ForkedBooter.java:386)
	at org.apache.maven.surefire.booter.ForkedBooter.runSuitesInProcess(ForkedBooter.java:323)
	at org.apache.maven.surefire.booter.ForkedBooter.main(ForkedBooter.java:143)
Loading class `com.mysql.jdbc.Driver'. This is deprecated. The new driver class is `com.mysql.cj.jdbc.Driver'. The driver is automatically registered via the SPI and manual loading of the driver class is generally unnecessary.
Wed May 18 13:15:21 IST 2022 WARN: Establishing SSL connection without server's identity verification is not recommended. According to MySQL 5.5.45+, 5.6.26+ and 5.7.6+ requirements SSL connection must be established by default if explicit option isn't set. For compliance with existing applications not using SSL the verifyServerCertificate property is set to 'false'. You need either to explicitly disable SSL by setting useSSL=false, or set useSSL=true and provide truststore for server certificate verification.
Wed May 18 13:15:21 IST 2022 WARN: Establishing SSL connection without server's identity verification is not recommended. According to MySQL 5.5.45+, 5.6.26+ and 5.7.6+ requirements SSL connection must be established by default if explicit option isn't set. For compliance with existing applications not using SSL the verifyServerCertificate property is set to 'false'. You need either to explicitly disable SSL by setting useSSL=false, or set useSSL=true and provide truststore for server certificate verification.
Wed May 18 13:15:22 IST 2022 WARN: Establishing SSL connection without server's identity verification is not recommended. According to MySQL 5.5.45+, 5.6.26+ and 5.7.6+ requirements SSL connection must be established by default if explicit option isn't set. For compliance with existing applications not using SSL the verifyServerCertificate property is set to 'false'. You need either to explicitly disable SSL by setting useSSL=false, or set useSSL=true and provide truststore for server certificate verification.
Wed May 18 13:15:22 IST 2022 WARN: Establishing SSL connection without server's identity verification is not recommended. According to MySQL 5.5.45+, 5.6.26+ and 5.7.6+ requirements SSL connection must be established by default if explicit option isn't set. For compliance with existing applications not using SSL the verifyServerCertificate property is set to 'false'. You need either to explicitly disable SSL by setting useSSL=false, or set useSSL=true and provide truststore for server certificate verification.
]]></system-err>
  </testcase>
  <testcase name="createUserCompany" classname="com.airtel.RestAssured.Adtech.Tests.sms.AudienceTest" time="0">
    <skipped/>
  </testcase>
  <testcase name="createUserCompany" classname="com.airtel.RestAssured.Adtech.Tests.sms.AudienceTest" time="0">
    <skipped/>
  </testcase>
  <testcase name="createUserCompany" classname="com.airtel.RestAssured.Adtech.Tests.sms.AudienceTest" time="0">
    <skipped/>
  </testcase>
  <testcase name="createUserCompany" classname="com.airtel.RestAssured.Adtech.Tests.sms.AudienceTest" time="0">
    <skipped/>
  </testcase>
  <testcase name="createCamapignandVerifyAudienceinMongo" classname="com.airtel.RestAssured.Adtech.Tests.sms.AudienceTest" time="0">
    <skipped message="expected [true] but found [false]"/>
  </testcase>
  <testcase name="fetchAudience" classname="com.airtel.RestAssured.Adtech.Tests.sms.AudienceTest" time="0">
    <skipped message="expected [true] but found [false]"/>
  </testcase>
  <testcase name="getAudienceCount" classname="com.airtel.RestAssured.Adtech.Tests.sms.AudienceTest" time="0">
    <skipped message="expected [true] but found [false]"/>
  </testcase>
  <testcase name="verifyApproveAudience" classname="com.airtel.RestAssured.Adtech.Tests.sms.AudienceTest" time="0">
    <skipped message="expected [true] but found [false]"/>
  </testcase>
  <testcase name="verifyAudienceonUpdatedOrder" classname="com.airtel.RestAssured.Adtech.Tests.sms.AudienceTest" time="0">
    <skipped message="expected [true] but found [false]"/>
  </testcase>
  <testcase name="demo" classname="com.airtel.RestAssured.Adtech.Tests.sms.DemoTest" time="0.154">
    <failure message="expected [true] but found [false]" type="java.lang.AssertionError">java.lang.AssertionError: expected [true] but found [false]
	at com.airtel.RestAssured.Adtech.Tests.sms.DemoTest.demo(DemoTest.java:14)
</failure>
  </testcase>
  <testcase name="createUserCompany" classname="com.airtel.RestAssured.Adtech.Tests.sms.CampaignTest" time="2.265">
    <failure message="expected [true] but found [false]" type="java.lang.AssertionError">java.lang.AssertionError: expected [true] but found [false]
	at com.airtel.RestAssured.Adtech.Tests.sms.CampaignTest.createUserCompany(CampaignTest.java:142)
</failure>
    <system-err><![CDATA[java.io.FileNotFoundException: /Users/b0216523/Documents/adtech/BackEndAutomationProject/adtech-api-automation-master@18dad5e58c0/config/order/orderTestData.properties (No such file or directory)
	at java.base/java.io.FileInputStream.open0(Native Method)
	at java.base/java.io.FileInputStream.open(FileInputStream.java:216)
	at java.base/java.io.FileInputStream.<init>(FileInputStream.java:157)
	at java.base/java.io.FileInputStream.<init>(FileInputStream.java:111)
	at com.airtel.teams.common.CommonApi.getTestDataConfigPropertyObject(CommonApi.java:650)
	at com.airtel.RestAssured.Adtech.Tests.sms.CampaignTest.setEnvironment(CampaignTest.java:102)
	at java.base/jdk.internal.reflect.NativeMethodAccessorImpl.invoke0(Native Method)
	at java.base/jdk.internal.reflect.NativeMethodAccessorImpl.invoke(NativeMethodAccessorImpl.java:77)
	at java.base/jdk.internal.reflect.DelegatingMethodAccessorImpl.invoke(DelegatingMethodAccessorImpl.java:43)
	at java.base/java.lang.reflect.Method.invoke(Method.java:568)
	at org.testng.internal.MethodInvocationHelper.invokeMethod(MethodInvocationHelper.java:108)
	at org.testng.internal.Invoker.invokeConfigurationMethod(Invoker.java:523)
	at org.testng.internal.Invoker.invokeConfigurations(Invoker.java:224)
	at org.testng.internal.Invoker.invokeConfigurations(Invoker.java:146)
	at org.testng.internal.TestMethodWorker.invokeBeforeClassMethods(TestMethodWorker.java:166)
	at org.testng.internal.TestMethodWorker.run(TestMethodWorker.java:105)
	at org.testng.TestRunner.privateRun(TestRunner.java:744)
	at org.testng.TestRunner.run(TestRunner.java:602)
	at org.testng.SuiteRunner.runTest(SuiteRunner.java:380)
	at org.testng.SuiteRunner.runSequentially(SuiteRunner.java:375)
	at org.testng.SuiteRunner.privateRun(SuiteRunner.java:340)
	at org.testng.SuiteRunner.run(SuiteRunner.java:289)
	at org.testng.SuiteRunnerWorker.runSuite(SuiteRunnerWorker.java:52)
	at org.testng.SuiteRunnerWorker.run(SuiteRunnerWorker.java:86)
	at org.testng.TestNG.runSuitesSequentially(TestNG.java:1301)
	at org.testng.TestNG.runSuitesLocally(TestNG.java:1226)
	at org.testng.TestNG.runSuites(TestNG.java:1144)
	at org.testng.TestNG.run(TestNG.java:1115)
	at org.apache.maven.surefire.testng.TestNGExecutor.run(TestNGExecutor.java:135)
	at org.apache.maven.surefire.testng.TestNGDirectoryTestSuite.executeMulti(TestNGDirectoryTestSuite.java:193)
	at org.apache.maven.surefire.testng.TestNGDirectoryTestSuite.execute(TestNGDirectoryTestSuite.java:94)
	at org.apache.maven.surefire.testng.TestNGProvider.invoke(TestNGProvider.java:146)
	at org.apache.maven.surefire.booter.ForkedBooter.invokeProviderInSameClassLoader(ForkedBooter.java:386)
	at org.apache.maven.surefire.booter.ForkedBooter.runSuitesInProcess(ForkedBooter.java:323)
	at org.apache.maven.surefire.booter.ForkedBooter.main(ForkedBooter.java:143)
java.io.FileNotFoundException: /Users/b0216523/Documents/adtech/BackEndAutomationProject/adtech-api-automation-master@18dad5e58c0/config/onboarding/onboardingTestData.properties (No such file or directory)
	at java.base/java.io.FileInputStream.open0(Native Method)
	at java.base/java.io.FileInputStream.open(FileInputStream.java:216)
	at java.base/java.io.FileInputStream.<init>(FileInputStream.java:157)
	at java.base/java.io.FileInputStream.<init>(FileInputStream.java:111)
	at com.airtel.teams.common.CommonApi.getTestDataConfigPropertyObject(CommonApi.java:650)
	at com.airtel.RestAssured.Adtech.Tests.sms.CampaignTest.setEnvironment(CampaignTest.java:103)
	at java.base/jdk.internal.reflect.NativeMethodAccessorImpl.invoke0(Native Method)
	at java.base/jdk.internal.reflect.NativeMethodAccessorImpl.invoke(NativeMethodAccessorImpl.java:77)
	at java.base/jdk.internal.reflect.DelegatingMethodAccessorImpl.invoke(DelegatingMethodAccessorImpl.java:43)
	at java.base/java.lang.reflect.Method.invoke(Method.java:568)
	at org.testng.internal.MethodInvocationHelper.invokeMethod(MethodInvocationHelper.java:108)
	at org.testng.internal.Invoker.invokeConfigurationMethod(Invoker.java:523)
	at org.testng.internal.Invoker.invokeConfigurations(Invoker.java:224)
	at org.testng.internal.Invoker.invokeConfigurations(Invoker.java:146)
	at org.testng.internal.TestMethodWorker.invokeBeforeClassMethods(TestMethodWorker.java:166)
	at org.testng.internal.TestMethodWorker.run(TestMethodWorker.java:105)
	at org.testng.TestRunner.privateRun(TestRunner.java:744)
	at org.testng.TestRunner.run(TestRunner.java:602)
	at org.testng.SuiteRunner.runTest(SuiteRunner.java:380)
	at org.testng.SuiteRunner.runSequentially(SuiteRunner.java:375)
	at org.testng.SuiteRunner.privateRun(SuiteRunner.java:340)
	at org.testng.SuiteRunner.run(SuiteRunner.java:289)
	at org.testng.SuiteRunnerWorker.runSuite(SuiteRunnerWorker.java:52)
	at org.testng.SuiteRunnerWorker.run(SuiteRunnerWorker.java:86)
	at org.testng.TestNG.runSuitesSequentially(TestNG.java:1301)
	at org.testng.TestNG.runSuitesLocally(TestNG.java:1226)
	at org.testng.TestNG.runSuites(TestNG.java:1144)
	at org.testng.TestNG.run(TestNG.java:1115)
	at org.apache.maven.surefire.testng.TestNGExecutor.run(TestNGExecutor.java:135)
	at org.apache.maven.surefire.testng.TestNGDirectoryTestSuite.executeMulti(TestNGDirectoryTestSuite.java:193)
	at org.apache.maven.surefire.testng.TestNGDirectoryTestSuite.execute(TestNGDirectoryTestSuite.java:94)
	at org.apache.maven.surefire.testng.TestNGProvider.invoke(TestNGProvider.java:146)
	at org.apache.maven.surefire.booter.ForkedBooter.invokeProviderInSameClassLoader(ForkedBooter.java:386)
	at org.apache.maven.surefire.booter.ForkedBooter.runSuitesInProcess(ForkedBooter.java:323)
	at org.apache.maven.surefire.booter.ForkedBooter.main(ForkedBooter.java:143)
java.io.FileNotFoundException: /Users/b0216523/Documents/adtech/BackEndAutomationProject/adtech-api-automation-master@18dad5e58c0/config/payment/paymentTestData.properties (No such file or directory)
	at java.base/java.io.FileInputStream.open0(Native Method)
	at java.base/java.io.FileInputStream.open(FileInputStream.java:216)
	at java.base/java.io.FileInputStream.<init>(FileInputStream.java:157)
	at java.base/java.io.FileInputStream.<init>(FileInputStream.java:111)
	at com.airtel.teams.common.CommonApi.getTestDataConfigPropertyObject(CommonApi.java:650)
	at com.airtel.RestAssured.Adtech.Tests.sms.CampaignTest.setEnvironment(CampaignTest.java:104)
	at java.base/jdk.internal.reflect.NativeMethodAccessorImpl.invoke0(Native Method)
	at java.base/jdk.internal.reflect.NativeMethodAccessorImpl.invoke(NativeMethodAccessorImpl.java:77)
	at java.base/jdk.internal.reflect.DelegatingMethodAccessorImpl.invoke(DelegatingMethodAccessorImpl.java:43)
	at java.base/java.lang.reflect.Method.invoke(Method.java:568)
	at org.testng.internal.MethodInvocationHelper.invokeMethod(MethodInvocationHelper.java:108)
	at org.testng.internal.Invoker.invokeConfigurationMethod(Invoker.java:523)
	at org.testng.internal.Invoker.invokeConfigurations(Invoker.java:224)
	at org.testng.internal.Invoker.invokeConfigurations(Invoker.java:146)
	at org.testng.internal.TestMethodWorker.invokeBeforeClassMethods(TestMethodWorker.java:166)
	at org.testng.internal.TestMethodWorker.run(TestMethodWorker.java:105)
	at org.testng.TestRunner.privateRun(TestRunner.java:744)
	at org.testng.TestRunner.run(TestRunner.java:602)
	at org.testng.SuiteRunner.runTest(SuiteRunner.java:380)
	at org.testng.SuiteRunner.runSequentially(SuiteRunner.java:375)
	at org.testng.SuiteRunner.privateRun(SuiteRunner.java:340)
	at org.testng.SuiteRunner.run(SuiteRunner.java:289)
	at org.testng.SuiteRunnerWorker.runSuite(SuiteRunnerWorker.java:52)
	at org.testng.SuiteRunnerWorker.run(SuiteRunnerWorker.java:86)
	at org.testng.TestNG.runSuitesSequentially(TestNG.java:1301)
	at org.testng.TestNG.runSuitesLocally(TestNG.java:1226)
	at org.testng.TestNG.runSuites(TestNG.java:1144)
	at org.testng.TestNG.run(TestNG.java:1115)
	at org.apache.maven.surefire.testng.TestNGExecutor.run(TestNGExecutor.java:135)
	at org.apache.maven.surefire.testng.TestNGDirectoryTestSuite.executeMulti(TestNGDirectoryTestSuite.java:193)
	at org.apache.maven.surefire.testng.TestNGDirectoryTestSuite.execute(TestNGDirectoryTestSuite.java:94)
	at org.apache.maven.surefire.testng.TestNGProvider.invoke(TestNGProvider.java:146)
	at org.apache.maven.surefire.booter.ForkedBooter.invokeProviderInSameClassLoader(ForkedBooter.java:386)
	at org.apache.maven.surefire.booter.ForkedBooter.runSuitesInProcess(ForkedBooter.java:323)
	at org.apache.maven.surefire.booter.ForkedBooter.main(ForkedBooter.java:143)
Wed May 18 13:15:24 IST 2022 WARN: Establishing SSL connection without server's identity verification is not recommended. According to MySQL 5.5.45+, 5.6.26+ and 5.7.6+ requirements SSL connection must be established by default if explicit option isn't set. For compliance with existing applications not using SSL the verifyServerCertificate property is set to 'false'. You need either to explicitly disable SSL by setting useSSL=false, or set useSSL=true and provide truststore for server certificate verification.
Wed May 18 13:15:24 IST 2022 WARN: Establishing SSL connection without server's identity verification is not recommended. According to MySQL 5.5.45+, 5.6.26+ and 5.7.6+ requirements SSL connection must be established by default if explicit option isn't set. For compliance with existing applications not using SSL the verifyServerCertificate property is set to 'false'. You need either to explicitly disable SSL by setting useSSL=false, or set useSSL=true and provide truststore for server certificate verification.
Wed May 18 13:15:24 IST 2022 WARN: Establishing SSL connection without server's identity verification is not recommended. According to MySQL 5.5.45+, 5.6.26+ and 5.7.6+ requirements SSL connection must be established by default if explicit option isn't set. For compliance with existing applications not using SSL the verifyServerCertificate property is set to 'false'. You need either to explicitly disable SSL by setting useSSL=false, or set useSSL=true and provide truststore for server certificate verification.
Wed May 18 13:15:24 IST 2022 WARN: Establishing SSL connection without server's identity verification is not recommended. According to MySQL 5.5.45+, 5.6.26+ and 5.7.6+ requirements SSL connection must be established by default if explicit option isn't set. For compliance with existing applications not using SSL the verifyServerCertificate property is set to 'false'. You need either to explicitly disable SSL by setting useSSL=false, or set useSSL=true and provide truststore for server certificate verification.
]]></system-err>
  </testcase>
  <testcase name="createUserCompany" classname="com.airtel.RestAssured.Adtech.Tests.sms.CampaignTest" time="0">
    <skipped/>
  </testcase>
  <testcase name="createUserCompany" classname="com.airtel.RestAssured.Adtech.Tests.sms.CampaignTest" time="0">
    <skipped/>
  </testcase>
  <testcase name="createUserCompany" classname="com.airtel.RestAssured.Adtech.Tests.sms.CampaignTest" time="0">
    <skipped/>
  </testcase>
  <testcase name="createUserCompany" classname="com.airtel.RestAssured.Adtech.Tests.sms.CampaignTest" time="0">
    <skipped/>
  </testcase>
  <testcase name="createUserCompany" classname="com.airtel.RestAssured.Adtech.Tests.sms.CampaignTest" time="0">
    <skipped/>
  </testcase>
  <testcase name="createUserCompany" classname="com.airtel.RestAssured.Adtech.Tests.sms.CampaignTest" time="0">
    <skipped/>
  </testcase>
  <testcase name="createUserCompany" classname="com.airtel.RestAssured.Adtech.Tests.sms.CampaignTest" time="0">
    <skipped/>
  </testcase>
  <testcase name="createUserCompany" classname="com.airtel.RestAssured.Adtech.Tests.sms.CampaignTest" time="0">
    <skipped/>
  </testcase>
  <testcase name="createUserCompany" classname="com.airtel.RestAssured.Adtech.Tests.sms.CampaignTest" time="0">
    <skipped/>
  </testcase>
  <testcase name="createUserCompany" classname="com.airtel.RestAssured.Adtech.Tests.sms.CampaignTest" time="0">
    <skipped/>
  </testcase>
  <testcase name="createUserCompany" classname="com.airtel.RestAssured.Adtech.Tests.sms.CampaignTest" time="0">
    <skipped/>
  </testcase>
  <testcase name="createUserCompany" classname="com.airtel.RestAssured.Adtech.Tests.sms.CampaignTest" time="0">
    <skipped/>
  </testcase>
  <testcase name="createUserCompany" classname="com.airtel.RestAssured.Adtech.Tests.sms.CampaignTest" time="0">
    <skipped/>
  </testcase>
  <testcase name="createUserCompany" classname="com.airtel.RestAssured.Adtech.Tests.sms.CampaignTest" time="0">
    <skipped/>
  </testcase>
  <testcase name="createUserCompany" classname="com.airtel.RestAssured.Adtech.Tests.sms.CampaignTest" time="0">
    <skipped/>
  </testcase>
  <testcase name="createUserCompany" classname="com.airtel.RestAssured.Adtech.Tests.sms.CampaignTest" time="0">
    <skipped/>
  </testcase>
  <testcase name="createUserCompany" classname="com.airtel.RestAssured.Adtech.Tests.sms.CampaignTest" time="0">
    <skipped/>
  </testcase>
  <testcase name="createUserCompany" classname="com.airtel.RestAssured.Adtech.Tests.sms.CampaignTest" time="0">
    <skipped/>
  </testcase>
  <testcase name="createUserCompany" classname="com.airtel.RestAssured.Adtech.Tests.sms.CampaignTest" time="0">
    <skipped/>
  </testcase>
  <testcase name="createUserCompany" classname="com.airtel.RestAssured.Adtech.Tests.sms.CampaignTest" time="0">
    <skipped/>
  </testcase>
  <testcase name="createUserCompany" classname="com.airtel.RestAssured.Adtech.Tests.sms.CampaignTest" time="0">
    <skipped/>
  </testcase>
  <testcase name="createUserCompany" classname="com.airtel.RestAssured.Adtech.Tests.sms.CampaignTest" time="0">
    <skipped/>
  </testcase>
  <testcase name="createUserCompany" classname="com.airtel.RestAssured.Adtech.Tests.sms.CampaignTest" time="0">
    <skipped/>
  </testcase>
  <testcase name="createUserCompany" classname="com.airtel.RestAssured.Adtech.Tests.sms.CampaignTest" time="0">
    <skipped/>
  </testcase>
  <testcase name="createUserCompany" classname="com.airtel.RestAssured.Adtech.Tests.sms.CampaignTest" time="0">
    <skipped/>
  </testcase>
  <testcase name="submitCampaignandValidatewithPeid" classname="com.airtel.RestAssured.Adtech.Tests.sms.CampaignTest" time="0">
    <skipped message="expected [true] but found [false]"/>
  </testcase>
  <testcase name="createUserCompany" classname="com.airtel.RestAssured.Adtech.Tests.sms.SmsDLTTest" time="4.253">
    <failure message="expected [true] but found [false]" type="java.lang.AssertionError">java.lang.AssertionError: expected [true] but found [false]
	at com.airtel.RestAssured.Adtech.Tests.sms.SmsDLTTest.createUserCompany(SmsDLTTest.java:124)
</failure>
    <system-err><![CDATA[java.io.FileNotFoundException: /Users/b0216523/Documents/adtech/BackEndAutomationProject/adtech-api-automation-master@18dad5e58c0/config/order/orderTestData.properties (No such file or directory)
	at java.base/java.io.FileInputStream.open0(Native Method)
	at java.base/java.io.FileInputStream.open(FileInputStream.java:216)
	at java.base/java.io.FileInputStream.<init>(FileInputStream.java:157)
	at java.base/java.io.FileInputStream.<init>(FileInputStream.java:111)
	at com.airtel.teams.common.CommonApi.getTestDataConfigPropertyObject(CommonApi.java:650)
	at com.airtel.RestAssured.Adtech.Tests.sms.SmsDLTTest.setEnvironment(SmsDLTTest.java:89)
	at java.base/jdk.internal.reflect.NativeMethodAccessorImpl.invoke0(Native Method)
	at java.base/jdk.internal.reflect.NativeMethodAccessorImpl.invoke(NativeMethodAccessorImpl.java:77)
	at java.base/jdk.internal.reflect.DelegatingMethodAccessorImpl.invoke(DelegatingMethodAccessorImpl.java:43)
	at java.base/java.lang.reflect.Method.invoke(Method.java:568)
	at org.testng.internal.MethodInvocationHelper.invokeMethod(MethodInvocationHelper.java:108)
	at org.testng.internal.Invoker.invokeConfigurationMethod(Invoker.java:523)
	at org.testng.internal.Invoker.invokeConfigurations(Invoker.java:224)
	at org.testng.internal.Invoker.invokeConfigurations(Invoker.java:146)
	at org.testng.internal.TestMethodWorker.invokeBeforeClassMethods(TestMethodWorker.java:166)
	at org.testng.internal.TestMethodWorker.run(TestMethodWorker.java:105)
	at org.testng.TestRunner.privateRun(TestRunner.java:744)
	at org.testng.TestRunner.run(TestRunner.java:602)
	at org.testng.SuiteRunner.runTest(SuiteRunner.java:380)
	at org.testng.SuiteRunner.runSequentially(SuiteRunner.java:375)
	at org.testng.SuiteRunner.privateRun(SuiteRunner.java:340)
	at org.testng.SuiteRunner.run(SuiteRunner.java:289)
	at org.testng.SuiteRunnerWorker.runSuite(SuiteRunnerWorker.java:52)
	at org.testng.SuiteRunnerWorker.run(SuiteRunnerWorker.java:86)
	at org.testng.TestNG.runSuitesSequentially(TestNG.java:1301)
	at org.testng.TestNG.runSuitesLocally(TestNG.java:1226)
	at org.testng.TestNG.runSuites(TestNG.java:1144)
	at org.testng.TestNG.run(TestNG.java:1115)
	at org.apache.maven.surefire.testng.TestNGExecutor.run(TestNGExecutor.java:135)
	at org.apache.maven.surefire.testng.TestNGDirectoryTestSuite.executeMulti(TestNGDirectoryTestSuite.java:193)
	at org.apache.maven.surefire.testng.TestNGDirectoryTestSuite.execute(TestNGDirectoryTestSuite.java:94)
	at org.apache.maven.surefire.testng.TestNGProvider.invoke(TestNGProvider.java:146)
	at org.apache.maven.surefire.booter.ForkedBooter.invokeProviderInSameClassLoader(ForkedBooter.java:386)
	at org.apache.maven.surefire.booter.ForkedBooter.runSuitesInProcess(ForkedBooter.java:323)
	at org.apache.maven.surefire.booter.ForkedBooter.main(ForkedBooter.java:143)
java.io.FileNotFoundException: /Users/b0216523/Documents/adtech/BackEndAutomationProject/adtech-api-automation-master@18dad5e58c0/config/onboarding/onboardingTestData.properties (No such file or directory)
	at java.base/java.io.FileInputStream.open0(Native Method)
	at java.base/java.io.FileInputStream.open(FileInputStream.java:216)
	at java.base/java.io.FileInputStream.<init>(FileInputStream.java:157)
	at java.base/java.io.FileInputStream.<init>(FileInputStream.java:111)
	at com.airtel.teams.common.CommonApi.getTestDataConfigPropertyObject(CommonApi.java:650)
	at com.airtel.RestAssured.Adtech.Tests.sms.SmsDLTTest.setEnvironment(SmsDLTTest.java:90)
	at java.base/jdk.internal.reflect.NativeMethodAccessorImpl.invoke0(Native Method)
	at java.base/jdk.internal.reflect.NativeMethodAccessorImpl.invoke(NativeMethodAccessorImpl.java:77)
	at java.base/jdk.internal.reflect.DelegatingMethodAccessorImpl.invoke(DelegatingMethodAccessorImpl.java:43)
	at java.base/java.lang.reflect.Method.invoke(Method.java:568)
	at org.testng.internal.MethodInvocationHelper.invokeMethod(MethodInvocationHelper.java:108)
	at org.testng.internal.Invoker.invokeConfigurationMethod(Invoker.java:523)
	at org.testng.internal.Invoker.invokeConfigurations(Invoker.java:224)
	at org.testng.internal.Invoker.invokeConfigurations(Invoker.java:146)
	at org.testng.internal.TestMethodWorker.invokeBeforeClassMethods(TestMethodWorker.java:166)
	at org.testng.internal.TestMethodWorker.run(TestMethodWorker.java:105)
	at org.testng.TestRunner.privateRun(TestRunner.java:744)
	at org.testng.TestRunner.run(TestRunner.java:602)
	at org.testng.SuiteRunner.runTest(SuiteRunner.java:380)
	at org.testng.SuiteRunner.runSequentially(SuiteRunner.java:375)
	at org.testng.SuiteRunner.privateRun(SuiteRunner.java:340)
	at org.testng.SuiteRunner.run(SuiteRunner.java:289)
	at org.testng.SuiteRunnerWorker.runSuite(SuiteRunnerWorker.java:52)
	at org.testng.SuiteRunnerWorker.run(SuiteRunnerWorker.java:86)
	at org.testng.TestNG.runSuitesSequentially(TestNG.java:1301)
	at org.testng.TestNG.runSuitesLocally(TestNG.java:1226)
	at org.testng.TestNG.runSuites(TestNG.java:1144)
	at org.testng.TestNG.run(TestNG.java:1115)
	at org.apache.maven.surefire.testng.TestNGExecutor.run(TestNGExecutor.java:135)
	at org.apache.maven.surefire.testng.TestNGDirectoryTestSuite.executeMulti(TestNGDirectoryTestSuite.java:193)
	at org.apache.maven.surefire.testng.TestNGDirectoryTestSuite.execute(TestNGDirectoryTestSuite.java:94)
	at org.apache.maven.surefire.testng.TestNGProvider.invoke(TestNGProvider.java:146)
	at org.apache.maven.surefire.booter.ForkedBooter.invokeProviderInSameClassLoader(ForkedBooter.java:386)
	at org.apache.maven.surefire.booter.ForkedBooter.runSuitesInProcess(ForkedBooter.java:323)
	at org.apache.maven.surefire.booter.ForkedBooter.main(ForkedBooter.java:143)
java.io.FileNotFoundException: /Users/b0216523/Documents/adtech/BackEndAutomationProject/adtech-api-automation-master@18dad5e58c0/config/payment/paymentTestData.properties (No such file or directory)
	at java.base/java.io.FileInputStream.open0(Native Method)
	at java.base/java.io.FileInputStream.open(FileInputStream.java:216)
	at java.base/java.io.FileInputStream.<init>(FileInputStream.java:157)
	at java.base/java.io.FileInputStream.<init>(FileInputStream.java:111)
	at com.airtel.teams.common.CommonApi.getTestDataConfigPropertyObject(CommonApi.java:650)
	at com.airtel.RestAssured.Adtech.Tests.sms.SmsDLTTest.setEnvironment(SmsDLTTest.java:91)
	at java.base/jdk.internal.reflect.NativeMethodAccessorImpl.invoke0(Native Method)
	at java.base/jdk.internal.reflect.NativeMethodAccessorImpl.invoke(NativeMethodAccessorImpl.java:77)
	at java.base/jdk.internal.reflect.DelegatingMethodAccessorImpl.invoke(DelegatingMethodAccessorImpl.java:43)
	at java.base/java.lang.reflect.Method.invoke(Method.java:568)
	at org.testng.internal.MethodInvocationHelper.invokeMethod(MethodInvocationHelper.java:108)
	at org.testng.internal.Invoker.invokeConfigurationMethod(Invoker.java:523)
	at org.testng.internal.Invoker.invokeConfigurations(Invoker.java:224)
	at org.testng.internal.Invoker.invokeConfigurations(Invoker.java:146)
	at org.testng.internal.TestMethodWorker.invokeBeforeClassMethods(TestMethodWorker.java:166)
	at org.testng.internal.TestMethodWorker.run(TestMethodWorker.java:105)
	at org.testng.TestRunner.privateRun(TestRunner.java:744)
	at org.testng.TestRunner.run(TestRunner.java:602)
	at org.testng.SuiteRunner.runTest(SuiteRunner.java:380)
	at org.testng.SuiteRunner.runSequentially(SuiteRunner.java:375)
	at org.testng.SuiteRunner.privateRun(SuiteRunner.java:340)
	at org.testng.SuiteRunner.run(SuiteRunner.java:289)
	at org.testng.SuiteRunnerWorker.runSuite(SuiteRunnerWorker.java:52)
	at org.testng.SuiteRunnerWorker.run(SuiteRunnerWorker.java:86)
	at org.testng.TestNG.runSuitesSequentially(TestNG.java:1301)
	at org.testng.TestNG.runSuitesLocally(TestNG.java:1226)
	at org.testng.TestNG.runSuites(TestNG.java:1144)
	at org.testng.TestNG.run(TestNG.java:1115)
	at org.apache.maven.surefire.testng.TestNGExecutor.run(TestNGExecutor.java:135)
	at org.apache.maven.surefire.testng.TestNGDirectoryTestSuite.executeMulti(TestNGDirectoryTestSuite.java:193)
	at org.apache.maven.surefire.testng.TestNGDirectoryTestSuite.execute(TestNGDirectoryTestSuite.java:94)
	at org.apache.maven.surefire.testng.TestNGProvider.invoke(TestNGProvider.java:146)
	at org.apache.maven.surefire.booter.ForkedBooter.invokeProviderInSameClassLoader(ForkedBooter.java:386)
	at org.apache.maven.surefire.booter.ForkedBooter.runSuitesInProcess(ForkedBooter.java:323)
	at org.apache.maven.surefire.booter.ForkedBooter.main(ForkedBooter.java:143)
Wed May 18 13:15:26 IST 2022 WARN: Establishing SSL connection without server's identity verification is not recommended. According to MySQL 5.5.45+, 5.6.26+ and 5.7.6+ requirements SSL connection must be established by default if explicit option isn't set. For compliance with existing applications not using SSL the verifyServerCertificate property is set to 'false'. You need either to explicitly disable SSL by setting useSSL=false, or set useSSL=true and provide truststore for server certificate verification.
Wed May 18 13:15:26 IST 2022 WARN: Establishing SSL connection without server's identity verification is not recommended. According to MySQL 5.5.45+, 5.6.26+ and 5.7.6+ requirements SSL connection must be established by default if explicit option isn't set. For compliance with existing applications not using SSL the verifyServerCertificate property is set to 'false'. You need either to explicitly disable SSL by setting useSSL=false, or set useSSL=true and provide truststore for server certificate verification.
Wed May 18 13:15:26 IST 2022 WARN: Establishing SSL connection without server's identity verification is not recommended. According to MySQL 5.5.45+, 5.6.26+ and 5.7.6+ requirements SSL connection must be established by default if explicit option isn't set. For compliance with existing applications not using SSL the verifyServerCertificate property is set to 'false'. You need either to explicitly disable SSL by setting useSSL=false, or set useSSL=true and provide truststore for server certificate verification.
Wed May 18 13:15:27 IST 2022 WARN: Establishing SSL connection without server's identity verification is not recommended. According to MySQL 5.5.45+, 5.6.26+ and 5.7.6+ requirements SSL connection must be established by default if explicit option isn't set. For compliance with existing applications not using SSL the verifyServerCertificate property is set to 'false'. You need either to explicitly disable SSL by setting useSSL=false, or set useSSL=true and provide truststore for server certificate verification.
]]></system-err>
  </testcase>
  <testcase name="createUserCompany" classname="com.airtel.RestAssured.Adtech.Tests.sms.SmsDLTTest" time="0">
    <skipped/>
  </testcase>
  <testcase name="createUserCompany" classname="com.airtel.RestAssured.Adtech.Tests.sms.SmsDLTTest" time="0">
    <skipped/>
  </testcase>
  <testcase name="createUserCompany" classname="com.airtel.RestAssured.Adtech.Tests.sms.SmsDLTTest" time="0">
    <skipped/>
  </testcase>
  <testcase name="createUserCompany" classname="com.airtel.RestAssured.Adtech.Tests.sms.SmsDLTTest" time="0">
    <skipped/>
  </testcase>
  <testcase name="createUserCompany" classname="com.airtel.RestAssured.Adtech.Tests.sms.SmsDLTTest" time="0">
    <skipped/>
  </testcase>
  <testcase name="createUserCompany" classname="com.airtel.RestAssured.Adtech.Tests.sms.SmsDLTTest" time="0">
    <skipped/>
  </testcase>
  <testcase name="createUserCompany" classname="com.airtel.RestAssured.Adtech.Tests.sms.SmsDLTTest" time="0">
    <skipped/>
  </testcase>
  <testcase name="createUserCompany" classname="com.airtel.RestAssured.Adtech.Tests.sms.SmsDLTTest" time="0">
    <skipped/>
  </testcase>
  <testcase name="createUserCompany" classname="com.airtel.RestAssured.Adtech.Tests.sms.SmsDLTTest" time="0">
    <skipped/>
  </testcase>
  <testcase name="createUserCompany" classname="com.airtel.RestAssured.Adtech.Tests.sms.SmsDLTTest" time="0">
    <skipped/>
  </testcase>
  <testcase name="createUserCompany" classname="com.airtel.RestAssured.Adtech.Tests.sms.SmsDLTTest" time="0">
    <skipped/>
  </testcase>
  <testcase name="createUserCompany" classname="com.airtel.RestAssured.Adtech.Tests.sms.SmsDLTTest" time="0">
    <skipped/>
  </testcase>
  <testcase name="registerandvalidateDlt" classname="com.airtel.RestAssured.Adtech.Tests.sms.SmsDLTTest" time="0">
    <skipped message="expected [true] but found [false]"/>
  </testcase>
  <testcase name="createUserCompany" classname="com.airtel.RestAssured.Adtech.Tests.sms.AdminTest" time="6.204">
    <failure message="expected [true] but found [false]" type="java.lang.AssertionError">java.lang.AssertionError: expected [true] but found [false]
	at com.airtel.RestAssured.Adtech.Tests.sms.AdminTest.createUserCompany(AdminTest.java:156)
</failure>
    <system-err><![CDATA[Wed May 18 13:15:28 IST 2022 WARN: Establishing SSL connection without server's identity verification is not recommended. According to MySQL 5.5.45+, 5.6.26+ and 5.7.6+ requirements SSL connection must be established by default if explicit option isn't set. For compliance with existing applications not using SSL the verifyServerCertificate property is set to 'false'. You need either to explicitly disable SSL by setting useSSL=false, or set useSSL=true and provide truststore for server certificate verification.
Wed May 18 13:15:28 IST 2022 WARN: Establishing SSL connection without server's identity verification is not recommended. According to MySQL 5.5.45+, 5.6.26+ and 5.7.6+ requirements SSL connection must be established by default if explicit option isn't set. For compliance with existing applications not using SSL the verifyServerCertificate property is set to 'false'. You need either to explicitly disable SSL by setting useSSL=false, or set useSSL=true and provide truststore for server certificate verification.
Wed May 18 13:15:28 IST 2022 WARN: Establishing SSL connection without server's identity verification is not recommended. According to MySQL 5.5.45+, 5.6.26+ and 5.7.6+ requirements SSL connection must be established by default if explicit option isn't set. For compliance with existing applications not using SSL the verifyServerCertificate property is set to 'false'. You need either to explicitly disable SSL by setting useSSL=false, or set useSSL=true and provide truststore for server certificate verification.
Wed May 18 13:15:29 IST 2022 WARN: Establishing SSL connection without server's identity verification is not recommended. According to MySQL 5.5.45+, 5.6.26+ and 5.7.6+ requirements SSL connection must be established by default if explicit option isn't set. For compliance with existing applications not using SSL the verifyServerCertificate property is set to 'false'. You need either to explicitly disable SSL by setting useSSL=false, or set useSSL=true and provide truststore for server certificate verification.
]]></system-err>
  </testcase>
  <testcase name="createUserCompany" classname="com.airtel.RestAssured.Adtech.Tests.sms.AdminTest" time="0">
    <skipped/>
  </testcase>
  <testcase name="createUserCompany" classname="com.airtel.RestAssured.Adtech.Tests.sms.AdminTest" time="0">
    <skipped/>
  </testcase>
  <testcase name="createUserCompany" classname="com.airtel.RestAssured.Adtech.Tests.sms.AdminTest" time="0">
    <skipped/>
  </testcase>
  <testcase name="createUserCompany" classname="com.airtel.RestAssured.Adtech.Tests.sms.AdminTest" time="0">
    <skipped/>
  </testcase>
  <testcase name="createUserCompany" classname="com.airtel.RestAssured.Adtech.Tests.sms.AdminTest" time="0">
    <skipped/>
  </testcase>
  <testcase name="createUserCompany" classname="com.airtel.RestAssured.Adtech.Tests.sms.AdminTest" time="0">
    <skipped/>
  </testcase>
  <testcase name="createUserCompany" classname="com.airtel.RestAssured.Adtech.Tests.sms.AdminTest" time="0">
    <skipped/>
  </testcase>
  <testcase name="createUserCompany" classname="com.airtel.RestAssured.Adtech.Tests.sms.AdminTest" time="0">
    <skipped/>
  </testcase>
  <testcase name="createUserCompany" classname="com.airtel.RestAssured.Adtech.Tests.sms.AdminTest" time="0">
    <skipped/>
  </testcase>
  <testcase name="createUserCompany" classname="com.airtel.RestAssured.Adtech.Tests.sms.AdminTest" time="0">
    <skipped/>
  </testcase>
  <testcase name="createUserCompany" classname="com.airtel.RestAssured.Adtech.Tests.sms.AdminTest" time="0">
    <skipped/>
  </testcase>
  <testcase name="createUserCompany" classname="com.airtel.RestAssured.Adtech.Tests.sms.AdminTest" time="0">
    <skipped/>
  </testcase>
  <testcase name="createUserCompany" classname="com.airtel.RestAssured.Adtech.Tests.sms.AdminTest" time="0">
    <skipped/>
  </testcase>
  <testcase name="createUserCompany" classname="com.airtel.RestAssured.Adtech.Tests.sms.AdminTest" time="0">
    <skipped/>
  </testcase>
  <testcase name="createUserCompany" classname="com.airtel.RestAssured.Adtech.Tests.sms.AdminTest" time="0">
    <skipped/>
  </testcase>
  <testcase name="createUserCompany" classname="com.airtel.RestAssured.Adtech.Tests.sms.AdminTest" time="0">
    <skipped/>
  </testcase>
  <testcase name="createUserCompany" classname="com.airtel.RestAssured.Adtech.Tests.sms.AdminTest" time="0">
    <skipped/>
  </testcase>
  <testcase name="createUserCompany" classname="com.airtel.RestAssured.Adtech.Tests.sms.AdminTest" time="0">
    <skipped/>
  </testcase>
  <testcase name="createUserCompany" classname="com.airtel.RestAssured.Adtech.Tests.sms.AdminTest" time="0">
    <skipped/>
  </testcase>
  <testcase name="createUserCompany" classname="com.airtel.RestAssured.Adtech.Tests.sms.AdminTest" time="0">
    <skipped/>
  </testcase>
  <testcase name="createUserCompany" classname="com.airtel.RestAssured.Adtech.Tests.sms.AdminTest" time="0">
    <skipped/>
  </testcase>
  <testcase name="createUserCompany" classname="com.airtel.RestAssured.Adtech.Tests.sms.AdminTest" time="0">
    <skipped/>
  </testcase>
  <testcase name="createUserCompany" classname="com.airtel.RestAssured.Adtech.Tests.sms.AdminTest" time="0">
    <skipped/>
  </testcase>
  <testcase name="createUserCompany" classname="com.airtel.RestAssured.Adtech.Tests.sms.AdminTest" time="0">
    <skipped/>
  </testcase>
  <testcase name="createUserCompany" classname="com.airtel.RestAssured.Adtech.Tests.sms.AdminTest" time="0">
    <skipped/>
  </testcase>
  <testcase name="createUserCompany" classname="com.airtel.RestAssured.Adtech.Tests.sms.AdminTest" time="0">
    <skipped/>
  </testcase>
  <testcase name="createUserCompany" classname="com.airtel.RestAssured.Adtech.Tests.sms.AdminTest" time="0">
    <skipped/>
  </testcase>
  <testcase name="createUserCompany" classname="com.airtel.RestAssured.Adtech.Tests.sms.AdminTest" time="0">
    <skipped/>
  </testcase>
  <testcase name="createUserCompany" classname="com.airtel.RestAssured.Adtech.Tests.sms.AdminTest" time="0">
    <skipped/>
  </testcase>
  <testcase name="createUserCompany" classname="com.airtel.RestAssured.Adtech.Tests.sms.AdminTest" time="0">
    <skipped/>
  </testcase>
  <testcase name="createUserCompany" classname="com.airtel.RestAssured.Adtech.Tests.sms.AdminTest" time="0">
    <skipped/>
  </testcase>
  <testcase name="createUserCompany" classname="com.airtel.RestAssured.Adtech.Tests.sms.AdminTest" time="0">
    <skipped/>
  </testcase>
  <testcase name="createUserCompany" classname="com.airtel.RestAssured.Adtech.Tests.sms.AdminTest" time="0">
    <skipped/>
  </testcase>
  <testcase name="createUserCompany" classname="com.airtel.RestAssured.Adtech.Tests.sms.AdminTest" time="0">
    <skipped/>
  </testcase>
  <testcase name="createUserCompany" classname="com.airtel.RestAssured.Adtech.Tests.sms.AdminTest" time="0">
    <skipped/>
  </testcase>
  <testcase name="createUserCompany" classname="com.airtel.RestAssured.Adtech.Tests.sms.AdminTest" time="0">
    <skipped/>
  </testcase>
  <testcase name="campaignListByPageLimitAndSort" classname="com.airtel.RestAssured.Adtech.Tests.sms.AdminTest" time="0">
    <skipped message="expected [true] but found [false]"/>
  </testcase>
  <testcase name="createUserCompany" classname="com.airtel.RestAssured.Adtech.Tests.sms.AnalyticsTimeSlotTest" time="8.451">
    <failure message="expected [true] but found [false]" type="java.lang.AssertionError">java.lang.AssertionError: expected [true] but found [false]
	at com.airtel.RestAssured.Adtech.Tests.sms.AnalyticsTimeSlotTest.createUserCompany(AnalyticsTimeSlotTest.java:145)
</failure>
    <system-err><![CDATA[java.io.FileNotFoundException: /Users/b0216523/Documents/adtech/BackEndAutomationProject/adtech-api-automation-master@18dad5e58c0/config/order/orderTestData.properties (No such file or directory)
	at java.base/java.io.FileInputStream.open0(Native Method)
	at java.base/java.io.FileInputStream.open(FileInputStream.java:216)
	at java.base/java.io.FileInputStream.<init>(FileInputStream.java:157)
	at java.base/java.io.FileInputStream.<init>(FileInputStream.java:111)
	at com.airtel.teams.common.CommonApi.getTestDataConfigPropertyObject(CommonApi.java:650)
	at com.airtel.RestAssured.Adtech.Tests.sms.AnalyticsTimeSlotTest.setEnvironment(AnalyticsTimeSlotTest.java:109)
	at java.base/jdk.internal.reflect.NativeMethodAccessorImpl.invoke0(Native Method)
	at java.base/jdk.internal.reflect.NativeMethodAccessorImpl.invoke(NativeMethodAccessorImpl.java:77)
	at java.base/jdk.internal.reflect.DelegatingMethodAccessorImpl.invoke(DelegatingMethodAccessorImpl.java:43)
	at java.base/java.lang.reflect.Method.invoke(Method.java:568)
	at org.testng.internal.MethodInvocationHelper.invokeMethod(MethodInvocationHelper.java:108)
	at org.testng.internal.Invoker.invokeConfigurationMethod(Invoker.java:523)
	at org.testng.internal.Invoker.invokeConfigurations(Invoker.java:224)
	at org.testng.internal.Invoker.invokeConfigurations(Invoker.java:146)
	at org.testng.internal.TestMethodWorker.invokeBeforeClassMethods(TestMethodWorker.java:166)
	at org.testng.internal.TestMethodWorker.run(TestMethodWorker.java:105)
	at org.testng.TestRunner.privateRun(TestRunner.java:744)
	at org.testng.TestRunner.run(TestRunner.java:602)
	at org.testng.SuiteRunner.runTest(SuiteRunner.java:380)
	at org.testng.SuiteRunner.runSequentially(SuiteRunner.java:375)
	at org.testng.SuiteRunner.privateRun(SuiteRunner.java:340)
	at org.testng.SuiteRunner.run(SuiteRunner.java:289)
	at org.testng.SuiteRunnerWorker.runSuite(SuiteRunnerWorker.java:52)
	at org.testng.SuiteRunnerWorker.run(SuiteRunnerWorker.java:86)
	at org.testng.TestNG.runSuitesSequentially(TestNG.java:1301)
	at org.testng.TestNG.runSuitesLocally(TestNG.java:1226)
	at org.testng.TestNG.runSuites(TestNG.java:1144)
	at org.testng.TestNG.run(TestNG.java:1115)
	at org.apache.maven.surefire.testng.TestNGExecutor.run(TestNGExecutor.java:135)
	at org.apache.maven.surefire.testng.TestNGDirectoryTestSuite.executeMulti(TestNGDirectoryTestSuite.java:193)
	at org.apache.maven.surefire.testng.TestNGDirectoryTestSuite.execute(TestNGDirectoryTestSuite.java:94)
	at org.apache.maven.surefire.testng.TestNGProvider.invoke(TestNGProvider.java:146)
	at org.apache.maven.surefire.booter.ForkedBooter.invokeProviderInSameClassLoader(ForkedBooter.java:386)
	at org.apache.maven.surefire.booter.ForkedBooter.runSuitesInProcess(ForkedBooter.java:323)
	at org.apache.maven.surefire.booter.ForkedBooter.main(ForkedBooter.java:143)
java.io.FileNotFoundException: /Users/b0216523/Documents/adtech/BackEndAutomationProject/adtech-api-automation-master@18dad5e58c0/config/onboarding/onboardingTestData.properties (No such file or directory)
	at java.base/java.io.FileInputStream.open0(Native Method)
	at java.base/java.io.FileInputStream.open(FileInputStream.java:216)
	at java.base/java.io.FileInputStream.<init>(FileInputStream.java:157)
	at java.base/java.io.FileInputStream.<init>(FileInputStream.java:111)
	at com.airtel.teams.common.CommonApi.getTestDataConfigPropertyObject(CommonApi.java:650)
	at com.airtel.RestAssured.Adtech.Tests.sms.AnalyticsTimeSlotTest.setEnvironment(AnalyticsTimeSlotTest.java:110)
	at java.base/jdk.internal.reflect.NativeMethodAccessorImpl.invoke0(Native Method)
	at java.base/jdk.internal.reflect.NativeMethodAccessorImpl.invoke(NativeMethodAccessorImpl.java:77)
	at java.base/jdk.internal.reflect.DelegatingMethodAccessorImpl.invoke(DelegatingMethodAccessorImpl.java:43)
	at java.base/java.lang.reflect.Method.invoke(Method.java:568)
	at org.testng.internal.MethodInvocationHelper.invokeMethod(MethodInvocationHelper.java:108)
	at org.testng.internal.Invoker.invokeConfigurationMethod(Invoker.java:523)
	at org.testng.internal.Invoker.invokeConfigurations(Invoker.java:224)
	at org.testng.internal.Invoker.invokeConfigurations(Invoker.java:146)
	at org.testng.internal.TestMethodWorker.invokeBeforeClassMethods(TestMethodWorker.java:166)
	at org.testng.internal.TestMethodWorker.run(TestMethodWorker.java:105)
	at org.testng.TestRunner.privateRun(TestRunner.java:744)
	at org.testng.TestRunner.run(TestRunner.java:602)
	at org.testng.SuiteRunner.runTest(SuiteRunner.java:380)
	at org.testng.SuiteRunner.runSequentially(SuiteRunner.java:375)
	at org.testng.SuiteRunner.privateRun(SuiteRunner.java:340)
	at org.testng.SuiteRunner.run(SuiteRunner.java:289)
	at org.testng.SuiteRunnerWorker.runSuite(SuiteRunnerWorker.java:52)
	at org.testng.SuiteRunnerWorker.run(SuiteRunnerWorker.java:86)
	at org.testng.TestNG.runSuitesSequentially(TestNG.java:1301)
	at org.testng.TestNG.runSuitesLocally(TestNG.java:1226)
	at org.testng.TestNG.runSuites(TestNG.java:1144)
	at org.testng.TestNG.run(TestNG.java:1115)
	at org.apache.maven.surefire.testng.TestNGExecutor.run(TestNGExecutor.java:135)
	at org.apache.maven.surefire.testng.TestNGDirectoryTestSuite.executeMulti(TestNGDirectoryTestSuite.java:193)
	at org.apache.maven.surefire.testng.TestNGDirectoryTestSuite.execute(TestNGDirectoryTestSuite.java:94)
	at org.apache.maven.surefire.testng.TestNGProvider.invoke(TestNGProvider.java:146)
	at org.apache.maven.surefire.booter.ForkedBooter.invokeProviderInSameClassLoader(ForkedBooter.java:386)
	at org.apache.maven.surefire.booter.ForkedBooter.runSuitesInProcess(ForkedBooter.java:323)
	at org.apache.maven.surefire.booter.ForkedBooter.main(ForkedBooter.java:143)
java.io.FileNotFoundException: /Users/b0216523/Documents/adtech/BackEndAutomationProject/adtech-api-automation-master@18dad5e58c0/config/payment/paymentTestData.properties (No such file or directory)
	at java.base/java.io.FileInputStream.open0(Native Method)
	at java.base/java.io.FileInputStream.open(FileInputStream.java:216)
	at java.base/java.io.FileInputStream.<init>(FileInputStream.java:157)
	at java.base/java.io.FileInputStream.<init>(FileInputStream.java:111)
	at com.airtel.teams.common.CommonApi.getTestDataConfigPropertyObject(CommonApi.java:650)
	at com.airtel.RestAssured.Adtech.Tests.sms.AnalyticsTimeSlotTest.setEnvironment(AnalyticsTimeSlotTest.java:111)
	at java.base/jdk.internal.reflect.NativeMethodAccessorImpl.invoke0(Native Method)
	at java.base/jdk.internal.reflect.NativeMethodAccessorImpl.invoke(NativeMethodAccessorImpl.java:77)
	at java.base/jdk.internal.reflect.DelegatingMethodAccessorImpl.invoke(DelegatingMethodAccessorImpl.java:43)
	at java.base/java.lang.reflect.Method.invoke(Method.java:568)
	at org.testng.internal.MethodInvocationHelper.invokeMethod(MethodInvocationHelper.java:108)
	at org.testng.internal.Invoker.invokeConfigurationMethod(Invoker.java:523)
	at org.testng.internal.Invoker.invokeConfigurations(Invoker.java:224)
	at org.testng.internal.Invoker.invokeConfigurations(Invoker.java:146)
	at org.testng.internal.TestMethodWorker.invokeBeforeClassMethods(TestMethodWorker.java:166)
	at org.testng.internal.TestMethodWorker.run(TestMethodWorker.java:105)
	at org.testng.TestRunner.privateRun(TestRunner.java:744)
	at org.testng.TestRunner.run(TestRunner.java:602)
	at org.testng.SuiteRunner.runTest(SuiteRunner.java:380)
	at org.testng.SuiteRunner.runSequentially(SuiteRunner.java:375)
	at org.testng.SuiteRunner.privateRun(SuiteRunner.java:340)
	at org.testng.SuiteRunner.run(SuiteRunner.java:289)
	at org.testng.SuiteRunnerWorker.runSuite(SuiteRunnerWorker.java:52)
	at org.testng.SuiteRunnerWorker.run(SuiteRunnerWorker.java:86)
	at org.testng.TestNG.runSuitesSequentially(TestNG.java:1301)
	at org.testng.TestNG.runSuitesLocally(TestNG.java:1226)
	at org.testng.TestNG.runSuites(TestNG.java:1144)
	at org.testng.TestNG.run(TestNG.java:1115)
	at org.apache.maven.surefire.testng.TestNGExecutor.run(TestNGExecutor.java:135)
	at org.apache.maven.surefire.testng.TestNGDirectoryTestSuite.executeMulti(TestNGDirectoryTestSuite.java:193)
	at org.apache.maven.surefire.testng.TestNGDirectoryTestSuite.execute(TestNGDirectoryTestSuite.java:94)
	at org.apache.maven.surefire.testng.TestNGProvider.invoke(TestNGProvider.java:146)
	at org.apache.maven.surefire.booter.ForkedBooter.invokeProviderInSameClassLoader(ForkedBooter.java:386)
	at org.apache.maven.surefire.booter.ForkedBooter.runSuitesInProcess(ForkedBooter.java:323)
	at org.apache.maven.surefire.booter.ForkedBooter.main(ForkedBooter.java:143)
Wed May 18 13:15:30 IST 2022 WARN: Establishing SSL connection without server's identity verification is not recommended. According to MySQL 5.5.45+, 5.6.26+ and 5.7.6+ requirements SSL connection must be established by default if explicit option isn't set. For compliance with existing applications not using SSL the verifyServerCertificate property is set to 'false'. You need either to explicitly disable SSL by setting useSSL=false, or set useSSL=true and provide truststore for server certificate verification.
Wed May 18 13:15:30 IST 2022 WARN: Establishing SSL connection without server's identity verification is not recommended. According to MySQL 5.5.45+, 5.6.26+ and 5.7.6+ requirements SSL connection must be established by default if explicit option isn't set. For compliance with existing applications not using SSL the verifyServerCertificate property is set to 'false'. You need either to explicitly disable SSL by setting useSSL=false, or set useSSL=true and provide truststore for server certificate verification.
Wed May 18 13:15:30 IST 2022 WARN: Establishing SSL connection without server's identity verification is not recommended. According to MySQL 5.5.45+, 5.6.26+ and 5.7.6+ requirements SSL connection must be established by default if explicit option isn't set. For compliance with existing applications not using SSL the verifyServerCertificate property is set to 'false'. You need either to explicitly disable SSL by setting useSSL=false, or set useSSL=true and provide truststore for server certificate verification.
Wed May 18 13:15:31 IST 2022 WARN: Establishing SSL connection without server's identity verification is not recommended. According to MySQL 5.5.45+, 5.6.26+ and 5.7.6+ requirements SSL connection must be established by default if explicit option isn't set. For compliance with existing applications not using SSL the verifyServerCertificate property is set to 'false'. You need either to explicitly disable SSL by setting useSSL=false, or set useSSL=true and provide truststore for server certificate verification.
]]></system-err>
  </testcase>
  <testcase name="createUserCompany" classname="com.airtel.RestAssured.Adtech.Tests.sms.AnalyticsTimeSlotTest" time="0">
    <skipped/>
  </testcase>
  <testcase name="createUserCompany" classname="com.airtel.RestAssured.Adtech.Tests.sms.AnalyticsTimeSlotTest" time="0">
    <skipped/>
  </testcase>
  <testcase name="createUserCompany" classname="com.airtel.RestAssured.Adtech.Tests.sms.AnalyticsTimeSlotTest" time="0">
    <skipped/>
  </testcase>
  <testcase name="createUserCompany" classname="com.airtel.RestAssured.Adtech.Tests.sms.AnalyticsTimeSlotTest" time="0">
    <skipped/>
  </testcase>
  <testcase name="createUserCompany" classname="com.airtel.RestAssured.Adtech.Tests.sms.AnalyticsTimeSlotTest" time="0">
    <skipped/>
  </testcase>
  <testcase name="createUserCompany" classname="com.airtel.RestAssured.Adtech.Tests.sms.AnalyticsTimeSlotTest" time="0">
    <skipped/>
  </testcase>
  <testcase name="createUserCompany" classname="com.airtel.RestAssured.Adtech.Tests.sms.AnalyticsTimeSlotTest" time="0">
    <skipped/>
  </testcase>
  <testcase name="createUserCompany" classname="com.airtel.RestAssured.Adtech.Tests.sms.AnalyticsTimeSlotTest" time="0">
    <skipped/>
  </testcase>
  <testcase name="createUserCompany" classname="com.airtel.RestAssured.Adtech.Tests.sms.AnalyticsTimeSlotTest" time="0">
    <skipped/>
  </testcase>
  <testcase name="createUserCompany" classname="com.airtel.RestAssured.Adtech.Tests.sms.AnalyticsTimeSlotTest" time="0">
    <skipped/>
  </testcase>
  <testcase name="createUserCompany" classname="com.airtel.RestAssured.Adtech.Tests.sms.AnalyticsTimeSlotTest" time="0">
    <skipped/>
  </testcase>
  <testcase name="createUserCompany" classname="com.airtel.RestAssured.Adtech.Tests.sms.AnalyticsTimeSlotTest" time="0">
    <skipped/>
  </testcase>
  <testcase name="fetchAnalytics" classname="com.airtel.RestAssured.Adtech.Tests.sms.AnalyticsTimeSlotTest" time="0">
    <skipped message="expected [true] but found [false]"/>
  </testcase>
  <testcase name="createUserCompany" classname="com.airtel.RestAssured.Adtech.Tests.billing.InvoiceTest" time="10.633">
    <failure message="expected [true] but found [false]" type="java.lang.AssertionError">java.lang.AssertionError: expected [true] but found [false]
	at com.airtel.RestAssured.Adtech.Tests.billing.InvoiceTest.createUserCompany(InvoiceTest.java:131)
</failure>
    <system-err><![CDATA[java.io.FileNotFoundException: /Users/b0216523/Documents/adtech/BackEndAutomationProject/adtech-api-automation-master@18dad5e58c0/config/billing/billingTestData.properties (No such file or directory)
	at java.base/java.io.FileInputStream.open0(Native Method)
	at java.base/java.io.FileInputStream.open(FileInputStream.java:216)
	at java.base/java.io.FileInputStream.<init>(FileInputStream.java:157)
	at java.base/java.io.FileInputStream.<init>(FileInputStream.java:111)
	at com.airtel.teams.common.CommonApi.getTestDataConfigPropertyObject(CommonApi.java:650)
	at com.airtel.RestAssured.Adtech.Tests.billing.InvoiceTest.setEnvironment(InvoiceTest.java:89)
	at java.base/jdk.internal.reflect.NativeMethodAccessorImpl.invoke0(Native Method)
	at java.base/jdk.internal.reflect.NativeMethodAccessorImpl.invoke(NativeMethodAccessorImpl.java:77)
	at java.base/jdk.internal.reflect.DelegatingMethodAccessorImpl.invoke(DelegatingMethodAccessorImpl.java:43)
	at java.base/java.lang.reflect.Method.invoke(Method.java:568)
	at org.testng.internal.MethodInvocationHelper.invokeMethod(MethodInvocationHelper.java:108)
	at org.testng.internal.Invoker.invokeConfigurationMethod(Invoker.java:523)
	at org.testng.internal.Invoker.invokeConfigurations(Invoker.java:224)
	at org.testng.internal.Invoker.invokeConfigurations(Invoker.java:146)
	at org.testng.internal.TestMethodWorker.invokeBeforeClassMethods(TestMethodWorker.java:166)
	at org.testng.internal.TestMethodWorker.run(TestMethodWorker.java:105)
	at org.testng.TestRunner.privateRun(TestRunner.java:744)
	at org.testng.TestRunner.run(TestRunner.java:602)
	at org.testng.SuiteRunner.runTest(SuiteRunner.java:380)
	at org.testng.SuiteRunner.runSequentially(SuiteRunner.java:375)
	at org.testng.SuiteRunner.privateRun(SuiteRunner.java:340)
	at org.testng.SuiteRunner.run(SuiteRunner.java:289)
	at org.testng.SuiteRunnerWorker.runSuite(SuiteRunnerWorker.java:52)
	at org.testng.SuiteRunnerWorker.run(SuiteRunnerWorker.java:86)
	at org.testng.TestNG.runSuitesSequentially(TestNG.java:1301)
	at org.testng.TestNG.runSuitesLocally(TestNG.java:1226)
	at org.testng.TestNG.runSuites(TestNG.java:1144)
	at org.testng.TestNG.run(TestNG.java:1115)
	at org.apache.maven.surefire.testng.TestNGExecutor.run(TestNGExecutor.java:135)
	at org.apache.maven.surefire.testng.TestNGDirectoryTestSuite.executeMulti(TestNGDirectoryTestSuite.java:193)
	at org.apache.maven.surefire.testng.TestNGDirectoryTestSuite.execute(TestNGDirectoryTestSuite.java:94)
	at org.apache.maven.surefire.testng.TestNGProvider.invoke(TestNGProvider.java:146)
	at org.apache.maven.surefire.booter.ForkedBooter.invokeProviderInSameClassLoader(ForkedBooter.java:386)
	at org.apache.maven.surefire.booter.ForkedBooter.runSuitesInProcess(ForkedBooter.java:323)
	at org.apache.maven.surefire.booter.ForkedBooter.main(ForkedBooter.java:143)
java.io.FileNotFoundException: /Users/b0216523/Documents/adtech/BackEndAutomationProject/adtech-api-automation-master@18dad5e58c0/config/order/orderTestData.properties (No such file or directory)
	at java.base/java.io.FileInputStream.open0(Native Method)
	at java.base/java.io.FileInputStream.open(FileInputStream.java:216)
	at java.base/java.io.FileInputStream.<init>(FileInputStream.java:157)
	at java.base/java.io.FileInputStream.<init>(FileInputStream.java:111)
	at com.airtel.teams.common.CommonApi.getTestDataConfigPropertyObject(CommonApi.java:650)
	at com.airtel.RestAssured.Adtech.Tests.billing.InvoiceTest.setEnvironment(InvoiceTest.java:92)
	at java.base/jdk.internal.reflect.NativeMethodAccessorImpl.invoke0(Native Method)
	at java.base/jdk.internal.reflect.NativeMethodAccessorImpl.invoke(NativeMethodAccessorImpl.java:77)
	at java.base/jdk.internal.reflect.DelegatingMethodAccessorImpl.invoke(DelegatingMethodAccessorImpl.java:43)
	at java.base/java.lang.reflect.Method.invoke(Method.java:568)
	at org.testng.internal.MethodInvocationHelper.invokeMethod(MethodInvocationHelper.java:108)
	at org.testng.internal.Invoker.invokeConfigurationMethod(Invoker.java:523)
	at org.testng.internal.Invoker.invokeConfigurations(Invoker.java:224)
	at org.testng.internal.Invoker.invokeConfigurations(Invoker.java:146)
	at org.testng.internal.TestMethodWorker.invokeBeforeClassMethods(TestMethodWorker.java:166)
	at org.testng.internal.TestMethodWorker.run(TestMethodWorker.java:105)
	at org.testng.TestRunner.privateRun(TestRunner.java:744)
	at org.testng.TestRunner.run(TestRunner.java:602)
	at org.testng.SuiteRunner.runTest(SuiteRunner.java:380)
	at org.testng.SuiteRunner.runSequentially(SuiteRunner.java:375)
	at org.testng.SuiteRunner.privateRun(SuiteRunner.java:340)
	at org.testng.SuiteRunner.run(SuiteRunner.java:289)
	at org.testng.SuiteRunnerWorker.runSuite(SuiteRunnerWorker.java:52)
	at org.testng.SuiteRunnerWorker.run(SuiteRunnerWorker.java:86)
	at org.testng.TestNG.runSuitesSequentially(TestNG.java:1301)
	at org.testng.TestNG.runSuitesLocally(TestNG.java:1226)
	at org.testng.TestNG.runSuites(TestNG.java:1144)
	at org.testng.TestNG.run(TestNG.java:1115)
	at org.apache.maven.surefire.testng.TestNGExecutor.run(TestNGExecutor.java:135)
	at org.apache.maven.surefire.testng.TestNGDirectoryTestSuite.executeMulti(TestNGDirectoryTestSuite.java:193)
	at org.apache.maven.surefire.testng.TestNGDirectoryTestSuite.execute(TestNGDirectoryTestSuite.java:94)
	at org.apache.maven.surefire.testng.TestNGProvider.invoke(TestNGProvider.java:146)
	at org.apache.maven.surefire.booter.ForkedBooter.invokeProviderInSameClassLoader(ForkedBooter.java:386)
	at org.apache.maven.surefire.booter.ForkedBooter.runSuitesInProcess(ForkedBooter.java:323)
	at org.apache.maven.surefire.booter.ForkedBooter.main(ForkedBooter.java:143)
java.io.FileNotFoundException: /Users/b0216523/Documents/adtech/BackEndAutomationProject/adtech-api-automation-master@18dad5e58c0/config/onboarding/onboardingTestData.properties (No such file or directory)
	at java.base/java.io.FileInputStream.open0(Native Method)
	at java.base/java.io.FileInputStream.open(FileInputStream.java:216)
	at java.base/java.io.FileInputStream.<init>(FileInputStream.java:157)
	at java.base/java.io.FileInputStream.<init>(FileInputStream.java:111)
	at com.airtel.teams.common.CommonApi.getTestDataConfigPropertyObject(CommonApi.java:650)
	at com.airtel.RestAssured.Adtech.Tests.billing.InvoiceTest.setEnvironment(InvoiceTest.java:93)
	at java.base/jdk.internal.reflect.NativeMethodAccessorImpl.invoke0(Native Method)
	at java.base/jdk.internal.reflect.NativeMethodAccessorImpl.invoke(NativeMethodAccessorImpl.java:77)
	at java.base/jdk.internal.reflect.DelegatingMethodAccessorImpl.invoke(DelegatingMethodAccessorImpl.java:43)
	at java.base/java.lang.reflect.Method.invoke(Method.java:568)
	at org.testng.internal.MethodInvocationHelper.invokeMethod(MethodInvocationHelper.java:108)
	at org.testng.internal.Invoker.invokeConfigurationMethod(Invoker.java:523)
	at org.testng.internal.Invoker.invokeConfigurations(Invoker.java:224)
	at org.testng.internal.Invoker.invokeConfigurations(Invoker.java:146)
	at org.testng.internal.TestMethodWorker.invokeBeforeClassMethods(TestMethodWorker.java:166)
	at org.testng.internal.TestMethodWorker.run(TestMethodWorker.java:105)
	at org.testng.TestRunner.privateRun(TestRunner.java:744)
	at org.testng.TestRunner.run(TestRunner.java:602)
	at org.testng.SuiteRunner.runTest(SuiteRunner.java:380)
	at org.testng.SuiteRunner.runSequentially(SuiteRunner.java:375)
	at org.testng.SuiteRunner.privateRun(SuiteRunner.java:340)
	at org.testng.SuiteRunner.run(SuiteRunner.java:289)
	at org.testng.SuiteRunnerWorker.runSuite(SuiteRunnerWorker.java:52)
	at org.testng.SuiteRunnerWorker.run(SuiteRunnerWorker.java:86)
	at org.testng.TestNG.runSuitesSequentially(TestNG.java:1301)
	at org.testng.TestNG.runSuitesLocally(TestNG.java:1226)
	at org.testng.TestNG.runSuites(TestNG.java:1144)
	at org.testng.TestNG.run(TestNG.java:1115)
	at org.apache.maven.surefire.testng.TestNGExecutor.run(TestNGExecutor.java:135)
	at org.apache.maven.surefire.testng.TestNGDirectoryTestSuite.executeMulti(TestNGDirectoryTestSuite.java:193)
	at org.apache.maven.surefire.testng.TestNGDirectoryTestSuite.execute(TestNGDirectoryTestSuite.java:94)
	at org.apache.maven.surefire.testng.TestNGProvider.invoke(TestNGProvider.java:146)
	at org.apache.maven.surefire.booter.ForkedBooter.invokeProviderInSameClassLoader(ForkedBooter.java:386)
	at org.apache.maven.surefire.booter.ForkedBooter.runSuitesInProcess(ForkedBooter.java:323)
	at org.apache.maven.surefire.booter.ForkedBooter.main(ForkedBooter.java:143)
java.io.FileNotFoundException: /Users/b0216523/Documents/adtech/BackEndAutomationProject/adtech-api-automation-master@18dad5e58c0/config/payment/paymentTestData.properties (No such file or directory)
	at java.base/java.io.FileInputStream.open0(Native Method)
	at java.base/java.io.FileInputStream.open(FileInputStream.java:216)
	at java.base/java.io.FileInputStream.<init>(FileInputStream.java:157)
	at java.base/java.io.FileInputStream.<init>(FileInputStream.java:111)
	at com.airtel.teams.common.CommonApi.getTestDataConfigPropertyObject(CommonApi.java:650)
	at com.airtel.RestAssured.Adtech.Tests.billing.InvoiceTest.setEnvironment(InvoiceTest.java:94)
	at java.base/jdk.internal.reflect.NativeMethodAccessorImpl.invoke0(Native Method)
	at java.base/jdk.internal.reflect.NativeMethodAccessorImpl.invoke(NativeMethodAccessorImpl.java:77)
	at java.base/jdk.internal.reflect.DelegatingMethodAccessorImpl.invoke(DelegatingMethodAccessorImpl.java:43)
	at java.base/java.lang.reflect.Method.invoke(Method.java:568)
	at org.testng.internal.MethodInvocationHelper.invokeMethod(MethodInvocationHelper.java:108)
	at org.testng.internal.Invoker.invokeConfigurationMethod(Invoker.java:523)
	at org.testng.internal.Invoker.invokeConfigurations(Invoker.java:224)
	at org.testng.internal.Invoker.invokeConfigurations(Invoker.java:146)
	at org.testng.internal.TestMethodWorker.invokeBeforeClassMethods(TestMethodWorker.java:166)
	at org.testng.internal.TestMethodWorker.run(TestMethodWorker.java:105)
	at org.testng.TestRunner.privateRun(TestRunner.java:744)
	at org.testng.TestRunner.run(TestRunner.java:602)
	at org.testng.SuiteRunner.runTest(SuiteRunner.java:380)
	at org.testng.SuiteRunner.runSequentially(SuiteRunner.java:375)
	at org.testng.SuiteRunner.privateRun(SuiteRunner.java:340)
	at org.testng.SuiteRunner.run(SuiteRunner.java:289)
	at org.testng.SuiteRunnerWorker.runSuite(SuiteRunnerWorker.java:52)
	at org.testng.SuiteRunnerWorker.run(SuiteRunnerWorker.java:86)
	at org.testng.TestNG.runSuitesSequentially(TestNG.java:1301)
	at org.testng.TestNG.runSuitesLocally(TestNG.java:1226)
	at org.testng.TestNG.runSuites(TestNG.java:1144)
	at org.testng.TestNG.run(TestNG.java:1115)
	at org.apache.maven.surefire.testng.TestNGExecutor.run(TestNGExecutor.java:135)
	at org.apache.maven.surefire.testng.TestNGDirectoryTestSuite.executeMulti(TestNGDirectoryTestSuite.java:193)
	at org.apache.maven.surefire.testng.TestNGDirectoryTestSuite.execute(TestNGDirectoryTestSuite.java:94)
	at org.apache.maven.surefire.testng.TestNGProvider.invoke(TestNGProvider.java:146)
	at org.apache.maven.surefire.booter.ForkedBooter.invokeProviderInSameClassLoader(ForkedBooter.java:386)
	at org.apache.maven.surefire.booter.ForkedBooter.runSuitesInProcess(ForkedBooter.java:323)
	at org.apache.maven.surefire.booter.ForkedBooter.main(ForkedBooter.java:143)
Wed May 18 13:15:32 IST 2022 WARN: Establishing SSL connection without server's identity verification is not recommended. According to MySQL 5.5.45+, 5.6.26+ and 5.7.6+ requirements SSL connection must be established by default if explicit option isn't set. For compliance with existing applications not using SSL the verifyServerCertificate property is set to 'false'. You need either to explicitly disable SSL by setting useSSL=false, or set useSSL=true and provide truststore for server certificate verification.
Wed May 18 13:15:33 IST 2022 WARN: Establishing SSL connection without server's identity verification is not recommended. According to MySQL 5.5.45+, 5.6.26+ and 5.7.6+ requirements SSL connection must be established by default if explicit option isn't set. For compliance with existing applications not using SSL the verifyServerCertificate property is set to 'false'. You need either to explicitly disable SSL by setting useSSL=false, or set useSSL=true and provide truststore for server certificate verification.
Wed May 18 13:15:33 IST 2022 WARN: Establishing SSL connection without server's identity verification is not recommended. According to MySQL 5.5.45+, 5.6.26+ and 5.7.6+ requirements SSL connection must be established by default if explicit option isn't set. For compliance with existing applications not using SSL the verifyServerCertificate property is set to 'false'. You need either to explicitly disable SSL by setting useSSL=false, or set useSSL=true and provide truststore for server certificate verification.
Wed May 18 13:15:33 IST 2022 WARN: Establishing SSL connection without server's identity verification is not recommended. According to MySQL 5.5.45+, 5.6.26+ and 5.7.6+ requirements SSL connection must be established by default if explicit option isn't set. For compliance with existing applications not using SSL the verifyServerCertificate property is set to 'false'. You need either to explicitly disable SSL by setting useSSL=false, or set useSSL=true and provide truststore for server certificate verification.
]]></system-err>
  </testcase>
  <testcase name="createUserCompany" classname="com.airtel.RestAssured.Adtech.Tests.billing.InvoiceTest" time="0">
    <skipped/>
  </testcase>
  <testcase name="createUserCompany" classname="com.airtel.RestAssured.Adtech.Tests.billing.InvoiceTest" time="0">
    <skipped/>
  </testcase>
  <testcase name="createUserCompany" classname="com.airtel.RestAssured.Adtech.Tests.billing.InvoiceTest" time="0">
    <skipped/>
  </testcase>
  <testcase name="createUserCompany" classname="com.airtel.RestAssured.Adtech.Tests.billing.InvoiceTest" time="0">
    <skipped/>
  </testcase>
  <testcase name="createUserCompany" classname="com.airtel.RestAssured.Adtech.Tests.billing.InvoiceTest" time="0">
    <skipped/>
  </testcase>
  <testcase name="createUserCompany" classname="com.airtel.RestAssured.Adtech.Tests.billing.InvoiceTest" time="0">
    <skipped/>
  </testcase>
  <testcase name="createUserCompany" classname="com.airtel.RestAssured.Adtech.Tests.billing.InvoiceTest" time="0">
    <skipped/>
  </testcase>
  <testcase name="createUserCompany" classname="com.airtel.RestAssured.Adtech.Tests.billing.InvoiceTest" time="0">
    <skipped/>
  </testcase>
  <testcase name="createUserCompany" classname="com.airtel.RestAssured.Adtech.Tests.billing.InvoiceTest" time="0">
    <skipped/>
  </testcase>
  <testcase name="createUserCompany" classname="com.airtel.RestAssured.Adtech.Tests.billing.InvoiceTest" time="0">
    <skipped/>
  </testcase>
  <testcase name="createUserCompany" classname="com.airtel.RestAssured.Adtech.Tests.billing.InvoiceTest" time="0">
    <skipped/>
  </testcase>
  <testcase name="createUserCompany" classname="com.airtel.RestAssured.Adtech.Tests.billing.InvoiceTest" time="0">
    <skipped/>
  </testcase>
  <testcase name="createUserCompany" classname="com.airtel.RestAssured.Adtech.Tests.billing.InvoiceTest" time="0">
    <skipped/>
  </testcase>
  <testcase name="createUserCompany" classname="com.airtel.RestAssured.Adtech.Tests.billing.InvoiceTest" time="0">
    <skipped/>
  </testcase>
  <testcase name="createUserCompany" classname="com.airtel.RestAssured.Adtech.Tests.billing.InvoiceTest" time="0">
    <skipped/>
  </testcase>
  <testcase name="createUserCompany" classname="com.airtel.RestAssured.Adtech.Tests.billing.InvoiceTest" time="0">
    <skipped/>
  </testcase>
  <testcase name="fetchInvoices" classname="com.airtel.RestAssured.Adtech.Tests.billing.InvoiceTest" time="0">
    <skipped message="expected [true] but found [false]"/>
  </testcase>
  <testcase name="setEnvironment" classname="com.airtel.RestAssured.Adtech.Tests.billing.ReceiptTest" time="15.054">
    <failure message="Cannot invoke &quot;String.toCharArray()&quot; because &quot;val&quot; is null" type="java.lang.NullPointerException">java.lang.NullPointerException: Cannot invoke "String.toCharArray()" because "val" is null
	at com.airtel.RestAssured.Adtech.Tests.billing.ReceiptTest.setEnvironment(ReceiptTest.java:99)
</failure>
    <system-err><![CDATA[java.io.FileNotFoundException: /Users/b0216523/Documents/adtech/BackEndAutomationProject/adtech-api-automation-master@18dad5e58c0/config/billing/billingTestData.properties (No such file or directory)
	at java.base/java.io.FileInputStream.open0(Native Method)
	at java.base/java.io.FileInputStream.open(FileInputStream.java:216)
	at java.base/java.io.FileInputStream.<init>(FileInputStream.java:157)
	at java.base/java.io.FileInputStream.<init>(FileInputStream.java:111)
	at com.airtel.teams.common.CommonApi.getTestDataConfigPropertyObject(CommonApi.java:650)
	at com.airtel.RestAssured.Adtech.Tests.billing.ReceiptTest.setEnvironment(ReceiptTest.java:84)
	at java.base/jdk.internal.reflect.NativeMethodAccessorImpl.invoke0(Native Method)
	at java.base/jdk.internal.reflect.NativeMethodAccessorImpl.invoke(NativeMethodAccessorImpl.java:77)
	at java.base/jdk.internal.reflect.DelegatingMethodAccessorImpl.invoke(DelegatingMethodAccessorImpl.java:43)
	at java.base/java.lang.reflect.Method.invoke(Method.java:568)
	at org.testng.internal.MethodInvocationHelper.invokeMethod(MethodInvocationHelper.java:108)
	at org.testng.internal.Invoker.invokeConfigurationMethod(Invoker.java:523)
	at org.testng.internal.Invoker.invokeConfigurations(Invoker.java:224)
	at org.testng.internal.Invoker.invokeConfigurations(Invoker.java:146)
	at org.testng.internal.TestMethodWorker.invokeBeforeClassMethods(TestMethodWorker.java:166)
	at org.testng.internal.TestMethodWorker.run(TestMethodWorker.java:105)
	at org.testng.TestRunner.privateRun(TestRunner.java:744)
	at org.testng.TestRunner.run(TestRunner.java:602)
	at org.testng.SuiteRunner.runTest(SuiteRunner.java:380)
	at org.testng.SuiteRunner.runSequentially(SuiteRunner.java:375)
	at org.testng.SuiteRunner.privateRun(SuiteRunner.java:340)
	at org.testng.SuiteRunner.run(SuiteRunner.java:289)
	at org.testng.SuiteRunnerWorker.runSuite(SuiteRunnerWorker.java:52)
	at org.testng.SuiteRunnerWorker.run(SuiteRunnerWorker.java:86)
	at org.testng.TestNG.runSuitesSequentially(TestNG.java:1301)
	at org.testng.TestNG.runSuitesLocally(TestNG.java:1226)
	at org.testng.TestNG.runSuites(TestNG.java:1144)
	at org.testng.TestNG.run(TestNG.java:1115)
	at org.apache.maven.surefire.testng.TestNGExecutor.run(TestNGExecutor.java:135)
	at org.apache.maven.surefire.testng.TestNGDirectoryTestSuite.executeMulti(TestNGDirectoryTestSuite.java:193)
	at org.apache.maven.surefire.testng.TestNGDirectoryTestSuite.execute(TestNGDirectoryTestSuite.java:94)
	at org.apache.maven.surefire.testng.TestNGProvider.invoke(TestNGProvider.java:146)
	at org.apache.maven.surefire.booter.ForkedBooter.invokeProviderInSameClassLoader(ForkedBooter.java:386)
	at org.apache.maven.surefire.booter.ForkedBooter.runSuitesInProcess(ForkedBooter.java:323)
	at org.apache.maven.surefire.booter.ForkedBooter.main(ForkedBooter.java:143)
java.io.FileNotFoundException: /Users/b0216523/Documents/adtech/BackEndAutomationProject/adtech-api-automation-master@18dad5e58c0/config/order/orderTestData.properties (No such file or directory)
	at java.base/java.io.FileInputStream.open0(Native Method)
	at java.base/java.io.FileInputStream.open(FileInputStream.java:216)
	at java.base/java.io.FileInputStream.<init>(FileInputStream.java:157)
	at java.base/java.io.FileInputStream.<init>(FileInputStream.java:111)
	at com.airtel.teams.common.CommonApi.getTestDataConfigPropertyObject(CommonApi.java:650)
	at com.airtel.RestAssured.Adtech.Tests.billing.ReceiptTest.setEnvironment(ReceiptTest.java:87)
	at java.base/jdk.internal.reflect.NativeMethodAccessorImpl.invoke0(Native Method)
	at java.base/jdk.internal.reflect.NativeMethodAccessorImpl.invoke(NativeMethodAccessorImpl.java:77)
	at java.base/jdk.internal.reflect.DelegatingMethodAccessorImpl.invoke(DelegatingMethodAccessorImpl.java:43)
	at java.base/java.lang.reflect.Method.invoke(Method.java:568)
	at org.testng.internal.MethodInvocationHelper.invokeMethod(MethodInvocationHelper.java:108)
	at org.testng.internal.Invoker.invokeConfigurationMethod(Invoker.java:523)
	at org.testng.internal.Invoker.invokeConfigurations(Invoker.java:224)
	at org.testng.internal.Invoker.invokeConfigurations(Invoker.java:146)
	at org.testng.internal.TestMethodWorker.invokeBeforeClassMethods(TestMethodWorker.java:166)
	at org.testng.internal.TestMethodWorker.run(TestMethodWorker.java:105)
	at org.testng.TestRunner.privateRun(TestRunner.java:744)
	at org.testng.TestRunner.run(TestRunner.java:602)
	at org.testng.SuiteRunner.runTest(SuiteRunner.java:380)
	at org.testng.SuiteRunner.runSequentially(SuiteRunner.java:375)
	at org.testng.SuiteRunner.privateRun(SuiteRunner.java:340)
	at org.testng.SuiteRunner.run(SuiteRunner.java:289)
	at org.testng.SuiteRunnerWorker.runSuite(SuiteRunnerWorker.java:52)
	at org.testng.SuiteRunnerWorker.run(SuiteRunnerWorker.java:86)
	at org.testng.TestNG.runSuitesSequentially(TestNG.java:1301)
	at org.testng.TestNG.runSuitesLocally(TestNG.java:1226)
	at org.testng.TestNG.runSuites(TestNG.java:1144)
	at org.testng.TestNG.run(TestNG.java:1115)
	at org.apache.maven.surefire.testng.TestNGExecutor.run(TestNGExecutor.java:135)
	at org.apache.maven.surefire.testng.TestNGDirectoryTestSuite.executeMulti(TestNGDirectoryTestSuite.java:193)
	at org.apache.maven.surefire.testng.TestNGDirectoryTestSuite.execute(TestNGDirectoryTestSuite.java:94)
	at org.apache.maven.surefire.testng.TestNGProvider.invoke(TestNGProvider.java:146)
	at org.apache.maven.surefire.booter.ForkedBooter.invokeProviderInSameClassLoader(ForkedBooter.java:386)
	at org.apache.maven.surefire.booter.ForkedBooter.runSuitesInProcess(ForkedBooter.java:323)
	at org.apache.maven.surefire.booter.ForkedBooter.main(ForkedBooter.java:143)
java.io.FileNotFoundException: /Users/b0216523/Documents/adtech/BackEndAutomationProject/adtech-api-automation-master@18dad5e58c0/config/onboarding/onboardingTestData.properties (No such file or directory)
	at java.base/java.io.FileInputStream.open0(Native Method)
	at java.base/java.io.FileInputStream.open(FileInputStream.java:216)
	at java.base/java.io.FileInputStream.<init>(FileInputStream.java:157)
	at java.base/java.io.FileInputStream.<init>(FileInputStream.java:111)
	at com.airtel.teams.common.CommonApi.getTestDataConfigPropertyObject(CommonApi.java:650)
	at com.airtel.RestAssured.Adtech.Tests.billing.ReceiptTest.setEnvironment(ReceiptTest.java:89)
	at java.base/jdk.internal.reflect.NativeMethodAccessorImpl.invoke0(Native Method)
	at java.base/jdk.internal.reflect.NativeMethodAccessorImpl.invoke(NativeMethodAccessorImpl.java:77)
	at java.base/jdk.internal.reflect.DelegatingMethodAccessorImpl.invoke(DelegatingMethodAccessorImpl.java:43)
	at java.base/java.lang.reflect.Method.invoke(Method.java:568)
	at org.testng.internal.MethodInvocationHelper.invokeMethod(MethodInvocationHelper.java:108)
	at org.testng.internal.Invoker.invokeConfigurationMethod(Invoker.java:523)
	at org.testng.internal.Invoker.invokeConfigurations(Invoker.java:224)
	at org.testng.internal.Invoker.invokeConfigurations(Invoker.java:146)
	at org.testng.internal.TestMethodWorker.invokeBeforeClassMethods(TestMethodWorker.java:166)
	at org.testng.internal.TestMethodWorker.run(TestMethodWorker.java:105)
	at org.testng.TestRunner.privateRun(TestRunner.java:744)
	at org.testng.TestRunner.run(TestRunner.java:602)
	at org.testng.SuiteRunner.runTest(SuiteRunner.java:380)
	at org.testng.SuiteRunner.runSequentially(SuiteRunner.java:375)
	at org.testng.SuiteRunner.privateRun(SuiteRunner.java:340)
	at org.testng.SuiteRunner.run(SuiteRunner.java:289)
	at org.testng.SuiteRunnerWorker.runSuite(SuiteRunnerWorker.java:52)
	at org.testng.SuiteRunnerWorker.run(SuiteRunnerWorker.java:86)
	at org.testng.TestNG.runSuitesSequentially(TestNG.java:1301)
	at org.testng.TestNG.runSuitesLocally(TestNG.java:1226)
	at org.testng.TestNG.runSuites(TestNG.java:1144)
	at org.testng.TestNG.run(TestNG.java:1115)
	at org.apache.maven.surefire.testng.TestNGExecutor.run(TestNGExecutor.java:135)
	at org.apache.maven.surefire.testng.TestNGDirectoryTestSuite.executeMulti(TestNGDirectoryTestSuite.java:193)
	at org.apache.maven.surefire.testng.TestNGDirectoryTestSuite.execute(TestNGDirectoryTestSuite.java:94)
	at org.apache.maven.surefire.testng.TestNGProvider.invoke(TestNGProvider.java:146)
	at org.apache.maven.surefire.booter.ForkedBooter.invokeProviderInSameClassLoader(ForkedBooter.java:386)
	at org.apache.maven.surefire.booter.ForkedBooter.runSuitesInProcess(ForkedBooter.java:323)
	at org.apache.maven.surefire.booter.ForkedBooter.main(ForkedBooter.java:143)
java.io.FileNotFoundException: /Users/b0216523/Documents/adtech/BackEndAutomationProject/adtech-api-automation-master@18dad5e58c0/config/payment/paymentTestData.properties (No such file or directory)
	at java.base/java.io.FileInputStream.open0(Native Method)
	at java.base/java.io.FileInputStream.open(FileInputStream.java:216)
	at java.base/java.io.FileInputStream.<init>(FileInputStream.java:157)
	at java.base/java.io.FileInputStream.<init>(FileInputStream.java:111)
	at com.airtel.teams.common.CommonApi.getTestDataConfigPropertyObject(CommonApi.java:650)
	at com.airtel.RestAssured.Adtech.Tests.billing.ReceiptTest.setEnvironment(ReceiptTest.java:91)
	at java.base/jdk.internal.reflect.NativeMethodAccessorImpl.invoke0(Native Method)
	at java.base/jdk.internal.reflect.NativeMethodAccessorImpl.invoke(NativeMethodAccessorImpl.java:77)
	at java.base/jdk.internal.reflect.DelegatingMethodAccessorImpl.invoke(DelegatingMethodAccessorImpl.java:43)
	at java.base/java.lang.reflect.Method.invoke(Method.java:568)
	at org.testng.internal.MethodInvocationHelper.invokeMethod(MethodInvocationHelper.java:108)
	at org.testng.internal.Invoker.invokeConfigurationMethod(Invoker.java:523)
	at org.testng.internal.Invoker.invokeConfigurations(Invoker.java:224)
	at org.testng.internal.Invoker.invokeConfigurations(Invoker.java:146)
	at org.testng.internal.TestMethodWorker.invokeBeforeClassMethods(TestMethodWorker.java:166)
	at org.testng.internal.TestMethodWorker.run(TestMethodWorker.java:105)
	at org.testng.TestRunner.privateRun(TestRunner.java:744)
	at org.testng.TestRunner.run(TestRunner.java:602)
	at org.testng.SuiteRunner.runTest(SuiteRunner.java:380)
	at org.testng.SuiteRunner.runSequentially(SuiteRunner.java:375)
	at org.testng.SuiteRunner.privateRun(SuiteRunner.java:340)
	at org.testng.SuiteRunner.run(SuiteRunner.java:289)
	at org.testng.SuiteRunnerWorker.runSuite(SuiteRunnerWorker.java:52)
	at org.testng.SuiteRunnerWorker.run(SuiteRunnerWorker.java:86)
	at org.testng.TestNG.runSuitesSequentially(TestNG.java:1301)
	at org.testng.TestNG.runSuitesLocally(TestNG.java:1226)
	at org.testng.TestNG.runSuites(TestNG.java:1144)
	at org.testng.TestNG.run(TestNG.java:1115)
	at org.apache.maven.surefire.testng.TestNGExecutor.run(TestNGExecutor.java:135)
	at org.apache.maven.surefire.testng.TestNGDirectoryTestSuite.executeMulti(TestNGDirectoryTestSuite.java:193)
	at org.apache.maven.surefire.testng.TestNGDirectoryTestSuite.execute(TestNGDirectoryTestSuite.java:94)
	at org.apache.maven.surefire.testng.TestNGProvider.invoke(TestNGProvider.java:146)
	at org.apache.maven.surefire.booter.ForkedBooter.invokeProviderInSameClassLoader(ForkedBooter.java:386)
	at org.apache.maven.surefire.booter.ForkedBooter.runSuitesInProcess(ForkedBooter.java:323)
	at org.apache.maven.surefire.booter.ForkedBooter.main(ForkedBooter.java:143)
Wed May 18 13:15:39 IST 2022 WARN: Establishing SSL connection without server's identity verification is not recommended. According to MySQL 5.5.45+, 5.6.26+ and 5.7.6+ requirements SSL connection must be established by default if explicit option isn't set. For compliance with existing applications not using SSL the verifyServerCertificate property is set to 'false'. You need either to explicitly disable SSL by setting useSSL=false, or set useSSL=true and provide truststore for server certificate verification.
Wed May 18 13:15:39 IST 2022 WARN: Establishing SSL connection without server's identity verification is not recommended. According to MySQL 5.5.45+, 5.6.26+ and 5.7.6+ requirements SSL connection must be established by default if explicit option isn't set. For compliance with existing applications not using SSL the verifyServerCertificate property is set to 'false'. You need either to explicitly disable SSL by setting useSSL=false, or set useSSL=true and provide truststore for server certificate verification.
Wed May 18 13:15:39 IST 2022 WARN: Establishing SSL connection without server's identity verification is not recommended. According to MySQL 5.5.45+, 5.6.26+ and 5.7.6+ requirements SSL connection must be established by default if explicit option isn't set. For compliance with existing applications not using SSL the verifyServerCertificate property is set to 'false'. You need either to explicitly disable SSL by setting useSSL=false, or set useSSL=true and provide truststore for server certificate verification.
Wed May 18 13:15:39 IST 2022 WARN: Establishing SSL connection without server's identity verification is not recommended. According to MySQL 5.5.45+, 5.6.26+ and 5.7.6+ requirements SSL connection must be established by default if explicit option isn't set. For compliance with existing applications not using SSL the verifyServerCertificate property is set to 'false'. You need either to explicitly disable SSL by setting useSSL=false, or set useSSL=true and provide truststore for server certificate verification.
]]></system-err>
  </testcase>
  <testcase name="createUserCompany" classname="com.airtel.RestAssured.Adtech.Tests.billing.ReceiptTest" time="0">
    <skipped/>
  </testcase>
  <testcase name="createUserCompany" classname="com.airtel.RestAssured.Adtech.Tests.billing.ReceiptTest" time="0">
    <skipped/>
  </testcase>
  <testcase name="createUserCompany" classname="com.airtel.RestAssured.Adtech.Tests.billing.ReceiptTest" time="0">
    <skipped/>
  </testcase>
  <testcase name="createUserCompany" classname="com.airtel.RestAssured.Adtech.Tests.billing.ReceiptTest" time="0">
    <skipped/>
  </testcase>
  <testcase name="createUserCompany" classname="com.airtel.RestAssured.Adtech.Tests.billing.ReceiptTest" time="0">
    <skipped/>
  </testcase>
  <testcase name="createUserCompany" classname="com.airtel.RestAssured.Adtech.Tests.billing.ReceiptTest" time="0">
    <skipped/>
  </testcase>
  <testcase name="createUserCompany" classname="com.airtel.RestAssured.Adtech.Tests.billing.ReceiptTest" time="0">
    <skipped/>
  </testcase>
  <testcase name="createUserCompany" classname="com.airtel.RestAssured.Adtech.Tests.billing.ReceiptTest" time="0">
    <skipped/>
  </testcase>
  <testcase name="createUserCompany" classname="com.airtel.RestAssured.Adtech.Tests.billing.ReceiptTest" time="0">
    <skipped/>
  </testcase>
  <testcase name="createUserCompany" classname="com.airtel.RestAssured.Adtech.Tests.billing.ReceiptTest" time="0">
    <skipped/>
  </testcase>
  <testcase name="createUserCompany" classname="com.airtel.RestAssured.Adtech.Tests.billing.ReceiptTest" time="0">
    <skipped/>
  </testcase>
  <testcase name="createUserCompany" classname="com.airtel.RestAssured.Adtech.Tests.billing.ReceiptTest" time="0">
    <skipped/>
  </testcase>
  <testcase name="createUserCompany" classname="com.airtel.RestAssured.Adtech.Tests.billing.ReceiptTest" time="0">
    <skipped/>
  </testcase>
  <testcase name="createUserCompany" classname="com.airtel.RestAssured.Adtech.Tests.billing.ReceiptTest" time="0">
    <skipped/>
  </testcase>
  <testcase name="validateInitiatePaymentSuccess" classname="com.airtel.RestAssured.Adtech.Tests.billing.ReceiptTest" time="0">
    <skipped message="Cannot invoke &quot;String.toCharArray()&quot; because &quot;val&quot; is null"/>
  </testcase>
  <testcase name="createUserCompany" classname="com.airtel.RestAssured.Adtech.Tests.sms.TestSMSApiTest" time="17.166">
    <failure message="expected [true] but found [false]" type="java.lang.AssertionError">java.lang.AssertionError: expected [true] but found [false]
	at com.airtel.RestAssured.Adtech.Tests.sms.TestSMSApiTest.createUserCompany(TestSMSApiTest.java:91)
</failure>
    <system-err><![CDATA[java.io.FileNotFoundException: /Users/b0216523/Documents/adtech/BackEndAutomationProject/adtech-api-automation-master@18dad5e58c0/config/onboarding/onboardingTestData.properties (No such file or directory)
	at java.base/java.io.FileInputStream.open0(Native Method)
	at java.base/java.io.FileInputStream.open(FileInputStream.java:216)
	at java.base/java.io.FileInputStream.<init>(FileInputStream.java:157)
	at java.base/java.io.FileInputStream.<init>(FileInputStream.java:111)
	at com.airtel.teams.common.CommonApi.getTestDataConfigPropertyObject(CommonApi.java:650)
	at com.airtel.RestAssured.Adtech.Tests.sms.TestSMSApiTest.setEnvironment(TestSMSApiTest.java:64)
	at java.base/jdk.internal.reflect.NativeMethodAccessorImpl.invoke0(Native Method)
	at java.base/jdk.internal.reflect.NativeMethodAccessorImpl.invoke(NativeMethodAccessorImpl.java:77)
	at java.base/jdk.internal.reflect.DelegatingMethodAccessorImpl.invoke(DelegatingMethodAccessorImpl.java:43)
	at java.base/java.lang.reflect.Method.invoke(Method.java:568)
	at org.testng.internal.MethodInvocationHelper.invokeMethod(MethodInvocationHelper.java:108)
	at org.testng.internal.Invoker.invokeConfigurationMethod(Invoker.java:523)
	at org.testng.internal.Invoker.invokeConfigurations(Invoker.java:224)
	at org.testng.internal.Invoker.invokeConfigurations(Invoker.java:146)
	at org.testng.internal.TestMethodWorker.invokeBeforeClassMethods(TestMethodWorker.java:166)
	at org.testng.internal.TestMethodWorker.run(TestMethodWorker.java:105)
	at org.testng.TestRunner.privateRun(TestRunner.java:744)
	at org.testng.TestRunner.run(TestRunner.java:602)
	at org.testng.SuiteRunner.runTest(SuiteRunner.java:380)
	at org.testng.SuiteRunner.runSequentially(SuiteRunner.java:375)
	at org.testng.SuiteRunner.privateRun(SuiteRunner.java:340)
	at org.testng.SuiteRunner.run(SuiteRunner.java:289)
	at org.testng.SuiteRunnerWorker.runSuite(SuiteRunnerWorker.java:52)
	at org.testng.SuiteRunnerWorker.run(SuiteRunnerWorker.java:86)
	at org.testng.TestNG.runSuitesSequentially(TestNG.java:1301)
	at org.testng.TestNG.runSuitesLocally(TestNG.java:1226)
	at org.testng.TestNG.runSuites(TestNG.java:1144)
	at org.testng.TestNG.run(TestNG.java:1115)
	at org.apache.maven.surefire.testng.TestNGExecutor.run(TestNGExecutor.java:135)
	at org.apache.maven.surefire.testng.TestNGDirectoryTestSuite.executeMulti(TestNGDirectoryTestSuite.java:193)
	at org.apache.maven.surefire.testng.TestNGDirectoryTestSuite.execute(TestNGDirectoryTestSuite.java:94)
	at org.apache.maven.surefire.testng.TestNGProvider.invoke(TestNGProvider.java:146)
	at org.apache.maven.surefire.booter.ForkedBooter.invokeProviderInSameClassLoader(ForkedBooter.java:386)
	at org.apache.maven.surefire.booter.ForkedBooter.runSuitesInProcess(ForkedBooter.java:323)
	at org.apache.maven.surefire.booter.ForkedBooter.main(ForkedBooter.java:143)
Wed May 18 13:15:39 IST 2022 WARN: Establishing SSL connection without server's identity verification is not recommended. According to MySQL 5.5.45+, 5.6.26+ and 5.7.6+ requirements SSL connection must be established by default if explicit option isn't set. For compliance with existing applications not using SSL the verifyServerCertificate property is set to 'false'. You need either to explicitly disable SSL by setting useSSL=false, or set useSSL=true and provide truststore for server certificate verification.
Wed May 18 13:15:39 IST 2022 WARN: Establishing SSL connection without server's identity verification is not recommended. According to MySQL 5.5.45+, 5.6.26+ and 5.7.6+ requirements SSL connection must be established by default if explicit option isn't set. For compliance with existing applications not using SSL the verifyServerCertificate property is set to 'false'. You need either to explicitly disable SSL by setting useSSL=false, or set useSSL=true and provide truststore for server certificate verification.
Wed May 18 13:15:39 IST 2022 WARN: Establishing SSL connection without server's identity verification is not recommended. According to MySQL 5.5.45+, 5.6.26+ and 5.7.6+ requirements SSL connection must be established by default if explicit option isn't set. For compliance with existing applications not using SSL the verifyServerCertificate property is set to 'false'. You need either to explicitly disable SSL by setting useSSL=false, or set useSSL=true and provide truststore for server certificate verification.
Wed May 18 13:15:39 IST 2022 WARN: Establishing SSL connection without server's identity verification is not recommended. According to MySQL 5.5.45+, 5.6.26+ and 5.7.6+ requirements SSL connection must be established by default if explicit option isn't set. For compliance with existing applications not using SSL the verifyServerCertificate property is set to 'false'. You need either to explicitly disable SSL by setting useSSL=false, or set useSSL=true and provide truststore for server certificate verification.
]]></system-err>
  </testcase>
  <testcase name="createUserCompany" classname="com.airtel.RestAssured.Adtech.Tests.sms.TestSMSApiTest" time="0">
    <skipped/>
  </testcase>
  <testcase name="createUserCompany" classname="com.airtel.RestAssured.Adtech.Tests.sms.TestSMSApiTest" time="0">
    <skipped/>
  </testcase>
  <testcase name="createUserCompany" classname="com.airtel.RestAssured.Adtech.Tests.sms.TestSMSApiTest" time="0">
    <skipped/>
  </testcase>
  <testcase name="createUserCompany" classname="com.airtel.RestAssured.Adtech.Tests.sms.TestSMSApiTest" time="0">
    <skipped/>
  </testcase>
  <testcase name="createUserCompany" classname="com.airtel.RestAssured.Adtech.Tests.sms.TestSMSApiTest" time="0">
    <skipped/>
  </testcase>
  <testcase name="createUserCompany" classname="com.airtel.RestAssured.Adtech.Tests.sms.TestSMSApiTest" time="0">
    <skipped/>
  </testcase>
  <testcase name="createUserCompany" classname="com.airtel.RestAssured.Adtech.Tests.sms.TestSMSApiTest" time="0">
    <skipped/>
  </testcase>
  <testcase name="createUserCompany" classname="com.airtel.RestAssured.Adtech.Tests.sms.TestSMSApiTest" time="0">
    <skipped/>
  </testcase>
  <testcase name="createUserCompany" classname="com.airtel.RestAssured.Adtech.Tests.sms.TestSMSApiTest" time="0">
    <skipped/>
  </testcase>
  <testcase name="createUserCompany" classname="com.airtel.RestAssured.Adtech.Tests.sms.TestSMSApiTest" time="0">
    <skipped/>
  </testcase>
  <testcase name="testSMSSend" classname="com.airtel.RestAssured.Adtech.Tests.sms.TestSMSApiTest" time="0">
    <skipped message="expected [true] but found [false]"/>
  </testcase>
  <testcase name="submitCampaignandValidatewithPan" classname="com.airtel.RestAssured.Adtech.Tests.sms.CampaignTest" time="0">
    <skipped message="expected [true] but found [false]"/>
  </testcase>
  <testcase name="registerDLTwithPeid" classname="com.airtel.RestAssured.Adtech.Tests.sms.SmsDLTTest" time="0">
    <skipped message="expected [true] but found [false]"/>
  </testcase>
  <testcase name="dltListByPageLimitAndSort" classname="com.airtel.RestAssured.Adtech.Tests.sms.AdminTest" time="0">
    <skipped message="expected [true] but found [false]"/>
  </testcase>
  <testcase name="fetchAnalyticsAdmin" classname="com.airtel.RestAssured.Adtech.Tests.sms.AnalyticsTimeSlotTest" time="0">
    <skipped message="Method AnalyticsTimeSlotTest.fetchAnalyticsAdmin()[pri:2, instance:com.airtel.RestAssured.Adtech.Tests.sms.AnalyticsTimeSlotTest@6622fc65] depends on not successfully finished methods"/>
  </testcase>
  <testcase name="fetchInvoiceAfterValidatePayment" classname="com.airtel.RestAssured.Adtech.Tests.billing.InvoiceTest" time="0">
    <skipped message="expected [true] but found [false]"/>
  </testcase>
  <testcase name="validateInitiatePaymentFailure" classname="com.airtel.RestAssured.Adtech.Tests.billing.ReceiptTest" time="0">
    <skipped message="Cannot invoke &quot;String.toCharArray()&quot; because &quot;val&quot; is null"/>
  </testcase>
  <testcase name="testSMSWithDraftStatus" classname="com.airtel.RestAssured.Adtech.Tests.sms.TestSMSApiTest" time="0">
    <skipped message="expected [true] but found [false]"/>
  </testcase>
  <testcase name="registerNewTemplatewithDLT" classname="com.airtel.RestAssured.Adtech.Tests.sms.CampaignTest" time="0">
    <skipped message="expected [true] but found [false]"/>
  </testcase>
  <testcase name="registerDltwithDraftStatus" classname="com.airtel.RestAssured.Adtech.Tests.sms.SmsDLTTest" time="0">
    <skipped message="expected [true] but found [false]"/>
  </testcase>
  <testcase name="campaignListWithZeroPageNo" classname="com.airtel.RestAssured.Adtech.Tests.sms.AdminTest" time="0">
    <skipped message="expected [true] but found [false]"/>
  </testcase>
  <testcase name="fetchInvoiceForInvalidPayment" classname="com.airtel.RestAssured.Adtech.Tests.billing.InvoiceTest" time="0">
    <skipped message="expected [true] but found [false]"/>
  </testcase>
  <testcase name="initiatePaymentwithInvalidAmount" classname="com.airtel.RestAssured.Adtech.Tests.billing.ReceiptTest" time="0">
    <skipped message="Cannot invoke &quot;String.toCharArray()&quot; because &quot;val&quot; is null"/>
  </testcase>
  <testcase name="testSMSWithSubmittedStatus" classname="com.airtel.RestAssured.Adtech.Tests.sms.TestSMSApiTest" time="0">
    <skipped message="expected [true] but found [false]"/>
  </testcase>
  <testcase name="verifyTimeSlotPositiveCase" classname="com.airtel.RestAssured.Adtech.Tests.sms.AnalyticsTimeSlotTest" time="0">
    <skipped message="expected [true] but found [false]"/>
  </testcase>
  <testcase name="fetchandSubmitCampaign" classname="com.airtel.RestAssured.Adtech.Tests.sms.CampaignTest" time="0">
    <skipped message="expected [true] but found [false]"/>
  </testcase>
  <testcase name="registerDltandCampaignwithDraftStatus" classname="com.airtel.RestAssured.Adtech.Tests.sms.SmsDLTTest" time="0">
    <skipped message="expected [true] but found [false]"/>
  </testcase>
  <testcase name="dltListWithMaxPageNo" classname="com.airtel.RestAssured.Adtech.Tests.sms.AdminTest" time="0">
    <skipped message="expected [true] but found [false]"/>
  </testcase>
  <testcase name="invalidTimeSlot" classname="com.airtel.RestAssured.Adtech.Tests.sms.AnalyticsTimeSlotTest" time="0">
    <skipped message="expected [true] but found [false]"/>
  </testcase>
  <testcase name="fetchInvoiceWithoutCloseFlag" classname="com.airtel.RestAssured.Adtech.Tests.billing.InvoiceTest" time="0">
    <skipped message="expected [true] but found [false]"/>
  </testcase>
  <testcase name="initiatePaymentOnPartialPaidInvoice" classname="com.airtel.RestAssured.Adtech.Tests.billing.ReceiptTest" time="0">
    <skipped message="Cannot invoke &quot;String.toCharArray()&quot; because &quot;val&quot; is null"/>
  </testcase>
  <testcase name="testSMSwithMultipleTemplates" classname="com.airtel.RestAssured.Adtech.Tests.sms.TestSMSApiTest" time="0">
    <skipped message="expected [true] but found [false]"/>
  </testcase>
  <testcase name="updateExistingCampaign" classname="com.airtel.RestAssured.Adtech.Tests.sms.CampaignTest" time="0">
    <skipped message="expected [true] but found [false]"/>
  </testcase>
  <testcase name="validateCampaignandDLTWithSubmittedStatus" classname="com.airtel.RestAssured.Adtech.Tests.sms.SmsDLTTest" time="0">
    <skipped message="expected [true] but found [false]"/>
  </testcase>
  <testcase name="campaignListWithZeroLimit" classname="com.airtel.RestAssured.Adtech.Tests.sms.AdminTest" time="0">
    <skipped message="expected [true] but found [false]"/>
  </testcase>
  <testcase name="initiatePaymentWithInvalidEvent" classname="com.airtel.RestAssured.Adtech.Tests.billing.ReceiptTest" time="0">
    <skipped message="Cannot invoke &quot;String.toCharArray()&quot; because &quot;val&quot; is null"/>
  </testcase>
  <testcase name="testSMSTrackCount" classname="com.airtel.RestAssured.Adtech.Tests.sms.TestSMSApiTest" time="0">
    <skipped message="expected [true] but found [false]"/>
  </testcase>
  <testcase name="invalidTimeSlotFormat" classname="com.airtel.RestAssured.Adtech.Tests.sms.AnalyticsTimeSlotTest" time="0">
    <skipped message="expected [true] but found [false]"/>
  </testcase>
  <testcase name="multipleCampaignWithDLTapproved" classname="com.airtel.RestAssured.Adtech.Tests.sms.CampaignTest" time="0">
    <skipped message="expected [true] but found [false]"/>
  </testcase>
  <testcase name="approveandverifyCampignandDLTwithPeid" classname="com.airtel.RestAssured.Adtech.Tests.sms.SmsDLTTest" time="0">
    <skipped message="expected [true] but found [false]"/>
  </testcase>
  <testcase name="campaignListWithNullLimit" classname="com.airtel.RestAssured.Adtech.Tests.sms.AdminTest" time="0">
    <skipped message="expected [true] but found [false]"/>
  </testcase>
  <testcase name="fetchInvoiceAfterFailurePayment" classname="com.airtel.RestAssured.Adtech.Tests.billing.InvoiceTest" time="0">
    <skipped message="expected [true] but found [false]"/>
  </testcase>
  <testcase name="initiatePaymentWithMultipleInvoices" classname="com.airtel.RestAssured.Adtech.Tests.billing.ReceiptTest" time="0">
    <skipped message="Cannot invoke &quot;String.toCharArray()&quot; because &quot;val&quot; is null"/>
  </testcase>
  <testcase name="testSMSExpiryDate" classname="com.airtel.RestAssured.Adtech.Tests.sms.TestSMSApiTest" time="0">
    <skipped message="expected [true] but found [false]"/>
  </testcase>
  <testcase name="timeSlotAfterNine" classname="com.airtel.RestAssured.Adtech.Tests.sms.AnalyticsTimeSlotTest" time="0">
    <skipped message="expected [true] but found [false]"/>
  </testcase>
  <testcase name="multiCampaignswithSubmittedStatus" classname="com.airtel.RestAssured.Adtech.Tests.sms.CampaignTest" time="0">
    <skipped message="expected [true] but found [false]"/>
  </testcase>
  <testcase name="approveandverifyCampignandDLTwithPan" classname="com.airtel.RestAssured.Adtech.Tests.sms.SmsDLTTest" time="0">
    <skipped message="expected [true] but found [false]"/>
  </testcase>
  <testcase name="campaignListWithNullOffset" classname="com.airtel.RestAssured.Adtech.Tests.sms.AdminTest" time="0">
    <skipped message="expected [true] but found [false]"/>
  </testcase>
  <testcase name="fetchReceipts" classname="com.airtel.RestAssured.Adtech.Tests.billing.InvoiceTest" time="0">
    <skipped message="expected [true] but found [false]"/>
  </testcase>
  <testcase name="testSMSIncorrectTemplateId" classname="com.airtel.RestAssured.Adtech.Tests.sms.TestSMSApiTest" time="0">
    <skipped message="expected [true] but found [false]"/>
  </testcase>
  <testcase name="timeSlotWithTweleveHourWindow" classname="com.airtel.RestAssured.Adtech.Tests.sms.AnalyticsTimeSlotTest" time="0">
    <skipped message="expected [true] but found [false]"/>
  </testcase>
  <testcase name="createOrderWithoutDLT" classname="com.airtel.RestAssured.Adtech.Tests.sms.CampaignTest" time="0">
    <skipped message="expected [true] but found [false]"/>
  </testcase>
  <testcase name="verifyPeidWithInvalidData" classname="com.airtel.RestAssured.Adtech.Tests.sms.SmsDLTTest" time="0">
    <skipped message="expected [true] but found [false]"/>
  </testcase>
  <testcase name="campaignListByPageLimitAndSortDesc" classname="com.airtel.RestAssured.Adtech.Tests.sms.AdminTest" time="0">
    <skipped message="expected [true] but found [false]"/>
  </testcase>
  <testcase name="fetchTransaction" classname="com.airtel.RestAssured.Adtech.Tests.billing.InvoiceTest" time="0">
    <skipped message="expected [true] but found [false]"/>
  </testcase>
  <testcase name="verifyValidateAPITwice" classname="com.airtel.RestAssured.Adtech.Tests.billing.ReceiptTest" time="0">
    <skipped message="Cannot invoke &quot;String.toCharArray()&quot; because &quot;val&quot; is null"/>
  </testcase>
  <testcase name="testSMSIncorrectHeaderId" classname="com.airtel.RestAssured.Adtech.Tests.sms.TestSMSApiTest" time="0">
    <skipped message="expected [true] but found [false]"/>
  </testcase>
  <testcase name="outdatedCampaignDuration" classname="com.airtel.RestAssured.Adtech.Tests.sms.AnalyticsTimeSlotTest" time="0">
    <skipped message="expected [true] but found [false]"/>
  </testcase>
  <testcase name="orderwithInvalidIndustry" classname="com.airtel.RestAssured.Adtech.Tests.sms.CampaignTest" time="0">
    <skipped message="expected [true] but found [false]"/>
  </testcase>
  <testcase name="registerDltMultipleTimeswithSingleUser" classname="com.airtel.RestAssured.Adtech.Tests.sms.SmsDLTTest" time="0">
    <skipped message="expected [true] but found [false]"/>
  </testcase>
  <testcase name="getCampaignSearchWithTitle" classname="com.airtel.RestAssured.Adtech.Tests.sms.AdminTest" time="0">
    <skipped message="expected [true] but found [false]"/>
  </testcase>
  <testcase name="verifyTdsNegValue" classname="com.airtel.RestAssured.Adtech.Tests.billing.InvoiceTest" time="0">
    <skipped message="expected [true] but found [false]"/>
  </testcase>
  <testcase name="initiatePaymentOnProceesedStatus" classname="com.airtel.RestAssured.Adtech.Tests.billing.ReceiptTest" time="0">
    <skipped message="Cannot invoke &quot;String.toCharArray()&quot; because &quot;val&quot; is null"/>
  </testcase>
  <testcase name="testSMSIncorrectTemplateContent" classname="com.airtel.RestAssured.Adtech.Tests.sms.TestSMSApiTest" time="0">
    <skipped message="expected [true] but found [false]"/>
  </testcase>
  <testcase name="futureDatedCampaignDuration" classname="com.airtel.RestAssured.Adtech.Tests.sms.AnalyticsTimeSlotTest" time="0">
    <skipped message="expected [true] but found [false]"/>
  </testcase>
  <testcase name="createCamapignwithCurrentDate" classname="com.airtel.RestAssured.Adtech.Tests.sms.CampaignTest" time="0">
    <skipped message="expected [true] but found [false]"/>
  </testcase>
  <testcase name="headerIdwithMultipleTemplates" classname="com.airtel.RestAssured.Adtech.Tests.sms.SmsDLTTest" time="0">
    <skipped message="expected [true] but found [false]"/>
  </testcase>
  <testcase name="getDLTSearchWithCompany" classname="com.airtel.RestAssured.Adtech.Tests.sms.AdminTest" time="0">
    <skipped message="expected [true] but found [false]"/>
  </testcase>
  <testcase name="verifyTdsuptoThreeDecimcalValue" classname="com.airtel.RestAssured.Adtech.Tests.billing.InvoiceTest" time="0">
    <skipped message="expected [true] but found [false]"/>
  </testcase>
  <testcase name="validateInvoiceAndReceipt" classname="com.airtel.RestAssured.Adtech.Tests.billing.ReceiptTest" time="0">
    <skipped message="Cannot invoke &quot;String.toCharArray()&quot; because &quot;val&quot; is null"/>
  </testcase>
  <testcase name="testSMSBlankBody" classname="com.airtel.RestAssured.Adtech.Tests.sms.TestSMSApiTest" time="0">
    <skipped message="expected [true] but found [false]"/>
  </testcase>
  <testcase name="validateLinkTracking" classname="com.airtel.RestAssured.Adtech.Tests.sms.AnalyticsTimeSlotTest" time="0">
    <skipped message="expected [true] but found [false]"/>
  </testcase>
  <testcase name="createCamapignwithIncorrectTemplateId" classname="com.airtel.RestAssured.Adtech.Tests.sms.CampaignTest" time="0">
    <skipped message="expected [true] but found [false]"/>
  </testcase>
  <testcase name="sendOtp" classname="com.airtel.RestAssured.Adtech.Tests.sms.SmsDLTTest" time="0">
    <skipped message="expected [true] but found [false]"/>
  </testcase>
  <testcase name="getCampaignByPartialTemplateSearch" classname="com.airtel.RestAssured.Adtech.Tests.sms.AdminTest" time="0">
    <skipped message="expected [true] but found [false]"/>
  </testcase>
  <testcase name="verifylinkScehdulerforApprovedOrders" classname="com.airtel.RestAssured.Adtech.Tests.sms.AnalyticsTimeSlotTest" time="0">
    <skipped message="expected [true] but found [false]"/>
  </testcase>
  <testcase name="verifyTdsGreaterThanTenValue" classname="com.airtel.RestAssured.Adtech.Tests.billing.InvoiceTest" time="0">
    <skipped message="expected [true] but found [false]"/>
  </testcase>
  <testcase name="validateInvoiceReceiptWithLessInvoiceAmount" classname="com.airtel.RestAssured.Adtech.Tests.billing.ReceiptTest" time="0">
    <skipped message="Cannot invoke &quot;String.toCharArray()&quot; because &quot;val&quot; is null"/>
  </testcase>
  <testcase name="testSMSInvalidPhoneNumber" classname="com.airtel.RestAssured.Adtech.Tests.sms.TestSMSApiTest" time="0">
    <skipped message="expected [true] but found [false]"/>
  </testcase>
  <testcase name="calculateBudgetandcreateOrder" classname="com.airtel.RestAssured.Adtech.Tests.sms.CampaignTest" time="0">
    <skipped message="expected [true] but found [false]"/>
  </testcase>
  <testcase name="verifyTdsuptoTwoDecimcalValue" classname="com.airtel.RestAssured.Adtech.Tests.billing.InvoiceTest" time="0">
    <skipped message="expected [true] but found [false]"/>
  </testcase>
  <testcase name="validateOtp" classname="com.airtel.RestAssured.Adtech.Tests.sms.SmsDLTTest" time="0">
    <skipped message="expected [true] but found [false]"/>
  </testcase>
  <testcase name="getDLTBySearchWithEmail" classname="com.airtel.RestAssured.Adtech.Tests.sms.AdminTest" time="0">
    <skipped message="expected [true] but found [false]"/>
  </testcase>
  <testcase name="verifyReceiptsforMultipleInvoices" classname="com.airtel.RestAssured.Adtech.Tests.billing.ReceiptTest" time="0">
    <skipped message="Cannot invoke &quot;String.toCharArray()&quot; because &quot;val&quot; is null"/>
  </testcase>
  <testcase name="verifylinkSchedulerforValidityExpired" classname="com.airtel.RestAssured.Adtech.Tests.sms.AnalyticsTimeSlotTest" time="0">
    <skipped message="expected [true] but found [false]"/>
  </testcase>
  <testcase name="orderWithInvalidIndustryinBudgetApi" classname="com.airtel.RestAssured.Adtech.Tests.sms.CampaignTest" time="0">
    <skipped message="expected [true] but found [false]"/>
  </testcase>
  <testcase name="verifyTdsasNullValue" classname="com.airtel.RestAssured.Adtech.Tests.billing.InvoiceTest" time="0">
    <skipped message="expected [true] but found [false]"/>
  </testcase>
  <testcase name="incorrectPanExtension" classname="com.airtel.RestAssured.Adtech.Tests.sms.SmsDLTTest" time="0">
    <skipped message="expected [true] but found [false]"/>
  </testcase>
  <testcase name="getDLTByPartialSearchWithName" classname="com.airtel.RestAssured.Adtech.Tests.sms.AdminTest" time="0">
    <skipped message="expected [true] but found [false]"/>
  </testcase>
  <testcase name="verifyReceiptsforMultipleInvoiceswithPendingReceipts" classname="com.airtel.RestAssured.Adtech.Tests.billing.ReceiptTest" time="0">
    <skipped message="Cannot invoke &quot;String.toCharArray()&quot; because &quot;val&quot; is null"/>
  </testcase>
  <testcase name="verifyIncorrectURlinSubmitCampaign" classname="com.airtel.RestAssured.Adtech.Tests.sms.AnalyticsTimeSlotTest" time="0">
    <skipped message="expected [true] but found [false]"/>
  </testcase>
  <testcase name="verifySchedulerwithCompletedStatus" classname="com.airtel.RestAssured.Adtech.Tests.sms.CampaignTest" time="0">
    <skipped message="expected [true] but found [false]"/>
  </testcase>
  <testcase name="verifyValidateAdtechBillingApi" classname="com.airtel.RestAssured.Adtech.Tests.billing.InvoiceTest" time="0">
    <skipped message="expected [true] but found [false]"/>
  </testcase>
  <testcase name="getDLTByIncorrectSearch" classname="com.airtel.RestAssured.Adtech.Tests.sms.AdminTest" time="0">
    <skipped message="expected [true] but found [false]"/>
  </testcase>
  <testcase name="verifyReceiptswithGreaterAmountThanInvoice" classname="com.airtel.RestAssured.Adtech.Tests.billing.ReceiptTest" time="0">
    <skipped message="Cannot invoke &quot;String.toCharArray()&quot; because &quot;val&quot; is null"/>
  </testcase>
  <testcase name="verifyValidityinDays" classname="com.airtel.RestAssured.Adtech.Tests.sms.AnalyticsTimeSlotTest" time="0">
    <skipped message="expected [true] but found [false]"/>
  </testcase>
  <testcase name="verifySchedulerwithFailedStatus" classname="com.airtel.RestAssured.Adtech.Tests.sms.CampaignTest" time="0">
    <skipped message="expected [true] but found [false]"/>
  </testcase>
  <testcase name="verifyTransactionStatus" classname="com.airtel.RestAssured.Adtech.Tests.billing.InvoiceTest" time="0">
    <skipped message="expected [true] but found [false]"/>
  </testcase>
  <testcase name="verifyTagPeid" classname="com.airtel.RestAssured.Adtech.Tests.sms.AdminTest" time="0">
    <skipped message="expected [true] but found [false]"/>
  </testcase>
  <testcase name="duplicateEvent" classname="com.airtel.RestAssured.Adtech.Tests.billing.ReceiptTest" time="0">
    <skipped message="Cannot invoke &quot;String.toCharArray()&quot; because &quot;val&quot; is null"/>
  </testcase>
  <testcase name="verifySchedulerwithDummyEvent" classname="com.airtel.RestAssured.Adtech.Tests.sms.CampaignTest" time="0">
    <skipped message="expected [true] but found [false]"/>
  </testcase>
  <testcase name="verifyInitiatewithIncorrectCompany" classname="com.airtel.RestAssured.Adtech.Tests.billing.InvoiceTest" time="0">
    <skipped message="expected [true] but found [false]"/>
  </testcase>
  <testcase name="verifyTagPeidInCampaign" classname="com.airtel.RestAssured.Adtech.Tests.sms.AdminTest" time="0">
    <skipped message="expected [true] but found [false]"/>
  </testcase>
  <testcase name="verifySchedulerwithFileCreationEvent" classname="com.airtel.RestAssured.Adtech.Tests.sms.CampaignTest" time="0">
    <skipped message="expected [true] but found [false]"/>
  </testcase>
  <testcase name="verifyInitiatewithIncorrectUserId" classname="com.airtel.RestAssured.Adtech.Tests.billing.InvoiceTest" time="0">
    <skipped message="expected [true] but found [false]"/>
  </testcase>
  <testcase name="verifyTagPeidWithDraftDLT" classname="com.airtel.RestAssured.Adtech.Tests.sms.AdminTest" time="0">
    <skipped message="expected [true] but found [false]"/>
  </testcase>
  <testcase name="fetchOrderListandValidate" classname="com.airtel.RestAssured.Adtech.Tests.sms.CampaignTest" time="0">
    <skipped message="expected [true] but found [false]"/>
  </testcase>
  <testcase name="verifyInitiatewithoutUser" classname="com.airtel.RestAssured.Adtech.Tests.billing.InvoiceTest" time="0">
    <skipped message="expected [true] but found [false]"/>
  </testcase>
  <testcase name="verifyTagPeidForDLTVerifiedStatus" classname="com.airtel.RestAssured.Adtech.Tests.sms.AdminTest" time="0">
    <skipped message="expected [true] but found [false]"/>
  </testcase>
  <testcase name="createOrderWithMultipleHeaders" classname="com.airtel.RestAssured.Adtech.Tests.sms.CampaignTest" time="0">
    <skipped message="expected [true] but found [false]"/>
  </testcase>
  <testcase name="verifyFetchDLTDetailswithPan" classname="com.airtel.RestAssured.Adtech.Tests.sms.AdminTest" time="0">
    <skipped message="expected [true] but found [false]"/>
  </testcase>
  <testcase name="createOrderWithNewTemplate" classname="com.airtel.RestAssured.Adtech.Tests.sms.CampaignTest" time="0">
    <skipped message="expected [true] but found [false]"/>
  </testcase>
  <testcase name="validateFetchDLTWithPeidCampaign" classname="com.airtel.RestAssured.Adtech.Tests.sms.AdminTest" time="0">
    <skipped message="expected [true] but found [false]"/>
  </testcase>
  <testcase name="createOrderWithmultipleTemplatewithSingleHeader" classname="com.airtel.RestAssured.Adtech.Tests.sms.CampaignTest" time="0">
    <skipped message="expected [true] but found [false]"/>
  </testcase>
  <testcase name="verifyNotifyUser" classname="com.airtel.RestAssured.Adtech.Tests.sms.AdminTest" time="0">
    <skipped message="expected [true] but found [false]"/>
  </testcase>
  <testcase name="panOrderWithMultipleHeaders" classname="com.airtel.RestAssured.Adtech.Tests.sms.CampaignTest" time="0">
    <skipped message="expected [true] but found [false]"/>
  </testcase>
  <testcase name="verifyNotifyUserWithoutPeid" classname="com.airtel.RestAssured.Adtech.Tests.sms.AdminTest" time="0">
    <skipped message="expected [true] but found [false]"/>
  </testcase>
  <testcase name="panOrderWithNewTemplate" classname="com.airtel.RestAssured.Adtech.Tests.sms.CampaignTest" time="0">
    <skipped message="expected [true] but found [false]"/>
  </testcase>
  <testcase name="verifyNotifyUserWithCampaign" classname="com.airtel.RestAssured.Adtech.Tests.sms.AdminTest" time="0">
    <skipped message="expected [true] but found [false]"/>
  </testcase>
  <testcase name="registerHeaderWithoutDLT" classname="com.airtel.RestAssured.Adtech.Tests.sms.CampaignTest" time="0">
    <skipped message="expected [true] but found [false]"/>
  </testcase>
  <testcase name="verifyAdminApproveDLTwithPan" classname="com.airtel.RestAssured.Adtech.Tests.sms.AdminTest" time="0">
    <skipped message="expected [true] but found [false]"/>
  </testcase>
  <testcase name="cretaOrderWithUnregisteredHeader" classname="com.airtel.RestAssured.Adtech.Tests.sms.CampaignTest" time="0">
    <skipped message="expected [true] but found [false]"/>
  </testcase>
  <testcase name="verifyAdminApproveDLTwithPeid" classname="com.airtel.RestAssured.Adtech.Tests.sms.AdminTest" time="0">
    <skipped message="expected [true] but found [false]"/>
  </testcase>
  <testcase name="verifyRandomTemplatewithHeader" classname="com.airtel.RestAssured.Adtech.Tests.sms.CampaignTest" time="0">
    <skipped message="expected [true] but found [false]"/>
  </testcase>
  <testcase name="verifyAdminApproveNewTemplate" classname="com.airtel.RestAssured.Adtech.Tests.sms.AdminTest" time="0">
    <skipped message="expected [true] but found [false]"/>
  </testcase>
  <testcase name="verifyAdminApprovePanOrderWithNewTemplate" classname="com.airtel.RestAssured.Adtech.Tests.sms.AdminTest" time="0">
    <skipped message="expected [true] but found [false]"/>
  </testcase>
  <testcase name="verifyAdminApproveDuplicateHeader" classname="com.airtel.RestAssured.Adtech.Tests.sms.AdminTest" time="0">
    <skipped message="expected [true] but found [false]"/>
  </testcase>
  <testcase name="verifyDownloadFile" classname="com.airtel.RestAssured.Adtech.Tests.sms.AdminTest" time="0">
    <skipped message="expected [true] but found [false]"/>
  </testcase>
  <testcase name="verifyDownloadFileNegative" classname="com.airtel.RestAssured.Adtech.Tests.sms.AdminTest" time="0">
    <skipped message="expected [true] but found [false]"/>
  </testcase>
  <testcase name="verifySubmissionNullDateinFetchDLT" classname="com.airtel.RestAssured.Adtech.Tests.sms.AdminTest" time="0">
    <skipped message="expected [true] but found [false]"/>
  </testcase>
  <testcase name="reviseDLTandUpdateDoc" classname="com.airtel.RestAssured.Adtech.Tests.sms.AdminTest" time="0">
    <skipped message="expected [true] but found [false]"/>
  </testcase>
  <testcase name="reviseandUpdateCampaign" classname="com.airtel.RestAssured.Adtech.Tests.sms.AdminTest" time="0">
    <skipped message="expected [true] but found [false]"/>
  </testcase>
  <testcase name="reviseDLTVerified" classname="com.airtel.RestAssured.Adtech.Tests.sms.AdminTest" time="0">
    <skipped message="expected [true] but found [false]"/>
  </testcase>
  <testcase name="reviseDLTDraft" classname="com.airtel.RestAssured.Adtech.Tests.sms.AdminTest" time="0">
    <skipped message="expected [true] but found [false]"/>
  </testcase>
  <testcase name="reviseCampaignDraft" classname="com.airtel.RestAssured.Adtech.Tests.sms.AdminTest" time="0">
    <skipped message="expected [true] but found [false]"/>
  </testcase>
  <testcase name="revisecampaignApproved" classname="com.airtel.RestAssured.Adtech.Tests.sms.AdminTest" time="0">
    <skipped message="expected [true] but found [false]"/>
  </testcase>
</testsuite>