<?xml version="1.0" encoding="UTF-8"?>
<!-- Generated by org.testng.reporters.JUnitReportReporter -->
<testsuite skipped="0" hostname="ip-192-168-0-112.ap-south-1.compute.internal" name="com.adtech.restAssured.tests.personalisation.PersonalisationTest" tests="1" failures="0" timestamp="2022-07-19T18:50:04 IST" time="1.876" errors="0">
  <testcase name="verifyIncorrectMsisdn" time="1.876" classname="com.adtech.restAssured.tests.personalisation.PersonalisationTest"/>
  <system-out>
    <![CDATA[<br><a href='./Requests/Requests__bdc4028d-8a52-492c-8785-59dbff0227c1.json'>Request_</a><br>
<br><a href='./Responses/Responses__2502f5aa-2ad3-4529-b8ba-40dd845bf60e.json'>Response_</a><br>]]>
  </system-out>
</testsuite> <!-- com.adtech.restAssured.tests.personalisation.PersonalisationTest -->
