<?xml version="1.0" encoding="UTF-8"?>
<!-- Generated by org.testng.reporters.JUnitReportReporter -->
<testsuite skipped="0" hostname="ip-192-168-0-112.ap-south-1.compute.internal" name="com.adtech.restAssured.tests.personalisation.PersonalisationTest" tests="1" failures="0" timestamp="2022-07-19T18:20:29 IST" time="2.286" errors="0">
  <testcase name="verifyIncorrectMsisdn" time="2.286" classname="com.adtech.restAssured.tests.personalisation.PersonalisationTest"/>
  <system-out>
    <![CDATA[<br><a href='./Requests/Requests__18c37b77-c787-4aca-a89c-a1f099206a0f.json'>Request_</a><br>
<br><a href='./Responses/Responses__7eb3b995-0bc4-4d42-b15a-1dca10dbdf0a.json'>Response_</a><br>]]>
  </system-out>
</testsuite> <!-- com.adtech.restAssured.tests.personalisation.PersonalisationTest -->
