<?xml version="1.0" encoding="UTF-8"?>
<!-- Generated by org.testng.reporters.JUnitReportReporter -->
<testsuite skipped="0" hostname="LTB0216523-MAC.local" name="com.Adtech.Adconfig.AdConfigAdaptorImpl" tests="1" failures="0" timestamp="18 Jul 2022 06:34:51 GMT" time="1.742" errors="0">
  <testcase name="demoo" time="1.742" classname="com.Adtech.Adconfig.AdConfigAdaptorImpl"/>
</testsuite> <!-- com.Adtech.Adconfig.AdConfigAdaptorImpl -->
