<?xml version="1.0" encoding="UTF-8"?>
<!-- Generated by org.testng.reporters.JUnitReportReporter -->
<testsuite skipped="0" hostname="LTB0216523-MAC.local" name="com.Adtech.Authentication.Test.AuthenticationTest" tests="1" failures="0" timestamp="19 Jul 2022 11:28:50 GMT" time="1.535" errors="0">
  <testcase name="TestAuthenticationAPI" time="1.535" classname="com.Adtech.Authentication.Test.AuthenticationTest"/>
</testsuite> <!-- com.Adtech.Authentication.Test.AuthenticationTest -->
