<?xml version="1.0" encoding="UTF-8"?>
<!-- Generated by org.testng.reporters.JUnitReportReporter -->
<testsuite skipped="5" hostname="LTB0216523-MAC.local" name="com.airtel.RestAssured.Adtech.Tests.sms.AudienceTest" tests="6" failures="0" timestamp="19 Jul 2022 09:23:45 GMT" time="0.021" errors="1">
  <testcase name="fetchAudience" time="0.003" classname="com.airtel.RestAssured.Adtech.Tests.sms.AudienceTest">
    <skipped/>
  </testcase> <!-- fetchAudience -->
  <testcase name="createCamapignandVerifyAudienceinMongo" time="0.012" classname="com.airtel.RestAssured.Adtech.Tests.sms.AudienceTest">
    <skipped/>
  </testcase> <!-- createCamapignandVerifyAudienceinMongo -->
  <testcase name="createUserCompany" time="0.004" classname="com.airtel.RestAssured.Adtech.Tests.sms.AudienceTest">
    <error type="java.lang.NullPointerException">
      <![CDATA[java.lang.NullPointerException
	at com.airtel.teams.common.CommonApi.updateDeleteDataFromDb(CommonApi.java:1084)
	at com.airtel.adtech.dao.onboard.OnboardDaoImpl.deleteFromAdvertiser(OnboardDaoImpl.java:116)
	at com.airtel.adtech.manager.OnboardApiManager.deleteUserCompanyDataFromDb(OnboardApiManager.java:126)
	at com.airtel.adtech.manager.OnboardApiManager.createUser(OnboardApiManager.java:81)
	at com.airtel.adtech.manager.OnboardApiManager.createUserCompanyAdtech(OnboardApiManager.java:43)
	at com.airtel.RestAssured.Adtech.Tests.sms.AudienceTest.createUserCompany(AudienceTest.java:124)
	at sun.reflect.NativeMethodAccessorImpl.invoke0(Native Method)
	at sun.reflect.NativeMethodAccessorImpl.invoke(NativeMethodAccessorImpl.java:62)
	at sun.reflect.DelegatingMethodAccessorImpl.invoke(DelegatingMethodAccessorImpl.java:43)
	at java.lang.reflect.Method.invoke(Method.java:498)
	at org.testng.internal.MethodInvocationHelper.invokeMethod(MethodInvocationHelper.java:108)
	at org.testng.internal.Invoker.invokeConfigurationMethod(Invoker.java:523)
	at org.testng.internal.Invoker.invokeConfigurations(Invoker.java:224)
	at org.testng.internal.Invoker.invokeMethod(Invoker.java:599)
	at org.testng.internal.Invoker.invokeTestMethod(Invoker.java:869)
	at org.testng.internal.Invoker.invokeTestMethods(Invoker.java:1193)
	at org.testng.internal.TestMethodWorker.invokeTestMethods(TestMethodWorker.java:126)
	at org.testng.internal.TestMethodWorker.run(TestMethodWorker.java:109)
	at org.testng.TestRunner.privateRun(TestRunner.java:744)
	at org.testng.TestRunner.run(TestRunner.java:602)
	at org.testng.SuiteRunner.runTest(SuiteRunner.java:380)
	at org.testng.SuiteRunner.runSequentially(SuiteRunner.java:375)
	at org.testng.SuiteRunner.privateRun(SuiteRunner.java:340)
	at org.testng.SuiteRunner.run(SuiteRunner.java:289)
	at org.testng.SuiteRunnerWorker.runSuite(SuiteRunnerWorker.java:52)
	at org.testng.SuiteRunnerWorker.run(SuiteRunnerWorker.java:86)
	at org.testng.TestNG.runSuitesSequentially(TestNG.java:1301)
	at org.testng.TestNG.runSuitesLocally(TestNG.java:1226)
	at org.testng.TestNG.runSuites(TestNG.java:1144)
	at org.testng.TestNG.run(TestNG.java:1115)
	at org.apache.maven.surefire.testng.TestNGExecutor.run(TestNGExecutor.java:135)
	at org.apache.maven.surefire.testng.TestNGDirectoryTestSuite.executeMulti(TestNGDirectoryTestSuite.java:193)
	at org.apache.maven.surefire.testng.TestNGDirectoryTestSuite.execute(TestNGDirectoryTestSuite.java:94)
	at org.apache.maven.surefire.testng.TestNGProvider.invoke(TestNGProvider.java:146)
	at org.apache.maven.surefire.booter.ForkedBooter.invokeProviderInSameClassLoader(ForkedBooter.java:386)
	at org.apache.maven.surefire.booter.ForkedBooter.runSuitesInProcess(ForkedBooter.java:323)
	at org.apache.maven.surefire.booter.ForkedBooter.main(ForkedBooter.java:143)
]]>
    </error>
  </testcase> <!-- createUserCompany -->
  <testcase name="verifyApproveAudience" time="0.001" classname="com.airtel.RestAssured.Adtech.Tests.sms.AudienceTest">
    <skipped/>
  </testcase> <!-- verifyApproveAudience -->
  <testcase name="getAudienceCount" time="0.001" classname="com.airtel.RestAssured.Adtech.Tests.sms.AudienceTest">
    <skipped/>
  </testcase> <!-- getAudienceCount -->
  <testcase name="verifyAudienceonUpdatedOrder" time="0.000" classname="com.airtel.RestAssured.Adtech.Tests.sms.AudienceTest">
    <skipped/>
  </testcase> <!-- verifyAudienceonUpdatedOrder -->
</testsuite> <!-- com.airtel.RestAssured.Adtech.Tests.sms.AudienceTest -->
