<?xml version="1.0" encoding="UTF-8"?>
<!-- Generated by org.testng.reporters.JUnitReportReporter -->
<testsuite skipped="17" hostname="LTB0216523-MAC.local" name="com.airtel.RestAssured.Adtech.Tests.billing.InvoiceTest" tests="18" failures="0" timestamp="19 Jul 2022 09:23:45 GMT" time="0.021" errors="1">
  <testcase name="createUserCompany" time="0.002" classname="com.airtel.RestAssured.Adtech.Tests.billing.InvoiceTest">
    <error type="java.lang.NullPointerException">
      <![CDATA[java.lang.NullPointerException
	at com.airtel.teams.common.CommonApi.updateDeleteDataFromDb(CommonApi.java:1084)
	at com.airtel.adtech.dao.onboard.OnboardDaoImpl.deleteFromAdvertiser(OnboardDaoImpl.java:116)
	at com.airtel.adtech.manager.OnboardApiManager.deleteUserCompanyDataFromDb(OnboardApiManager.java:126)
	at com.airtel.adtech.manager.OnboardApiManager.createUser(OnboardApiManager.java:81)
	at com.airtel.adtech.manager.OnboardApiManager.createUserCompanyAdtech(OnboardApiManager.java:43)
	at com.airtel.RestAssured.Adtech.Tests.billing.InvoiceTest.createUserCompany(InvoiceTest.java:131)
	at sun.reflect.NativeMethodAccessorImpl.invoke0(Native Method)
	at sun.reflect.NativeMethodAccessorImpl.invoke(NativeMethodAccessorImpl.java:62)
	at sun.reflect.DelegatingMethodAccessorImpl.invoke(DelegatingMethodAccessorImpl.java:43)
	at java.lang.reflect.Method.invoke(Method.java:498)
	at org.testng.internal.MethodInvocationHelper.invokeMethod(MethodInvocationHelper.java:108)
	at org.testng.internal.Invoker.invokeConfigurationMethod(Invoker.java:523)
	at org.testng.internal.Invoker.invokeConfigurations(Invoker.java:224)
	at org.testng.internal.Invoker.invokeMethod(Invoker.java:599)
	at org.testng.internal.Invoker.invokeTestMethod(Invoker.java:869)
	at org.testng.internal.Invoker.invokeTestMethods(Invoker.java:1193)
	at org.testng.internal.TestMethodWorker.invokeTestMethods(TestMethodWorker.java:126)
	at org.testng.internal.TestMethodWorker.run(TestMethodWorker.java:109)
	at org.testng.TestRunner.privateRun(TestRunner.java:744)
	at org.testng.TestRunner.run(TestRunner.java:602)
	at org.testng.SuiteRunner.runTest(SuiteRunner.java:380)
	at org.testng.SuiteRunner.runSequentially(SuiteRunner.java:375)
	at org.testng.SuiteRunner.privateRun(SuiteRunner.java:340)
	at org.testng.SuiteRunner.run(SuiteRunner.java:289)
	at org.testng.SuiteRunnerWorker.runSuite(SuiteRunnerWorker.java:52)
	at org.testng.SuiteRunnerWorker.run(SuiteRunnerWorker.java:86)
	at org.testng.TestNG.runSuitesSequentially(TestNG.java:1301)
	at org.testng.TestNG.runSuitesLocally(TestNG.java:1226)
	at org.testng.TestNG.runSuites(TestNG.java:1144)
	at org.testng.TestNG.run(TestNG.java:1115)
	at org.apache.maven.surefire.testng.TestNGExecutor.run(TestNGExecutor.java:135)
	at org.apache.maven.surefire.testng.TestNGDirectoryTestSuite.executeMulti(TestNGDirectoryTestSuite.java:193)
	at org.apache.maven.surefire.testng.TestNGDirectoryTestSuite.execute(TestNGDirectoryTestSuite.java:94)
	at org.apache.maven.surefire.testng.TestNGProvider.invoke(TestNGProvider.java:146)
	at org.apache.maven.surefire.booter.ForkedBooter.invokeProviderInSameClassLoader(ForkedBooter.java:386)
	at org.apache.maven.surefire.booter.ForkedBooter.runSuitesInProcess(ForkedBooter.java:323)
	at org.apache.maven.surefire.booter.ForkedBooter.main(ForkedBooter.java:143)
]]>
    </error>
  </testcase> <!-- createUserCompany -->
  <testcase name="fetchInvoices" time="0.001" classname="com.airtel.RestAssured.Adtech.Tests.billing.InvoiceTest">
    <skipped/>
  </testcase> <!-- fetchInvoices -->
  <testcase name="fetchInvoiceAfterValidatePayment" time="0.001" classname="com.airtel.RestAssured.Adtech.Tests.billing.InvoiceTest">
    <skipped/>
  </testcase> <!-- fetchInvoiceAfterValidatePayment -->
  <testcase name="fetchInvoiceForInvalidPayment" time="0.002" classname="com.airtel.RestAssured.Adtech.Tests.billing.InvoiceTest">
    <skipped/>
  </testcase> <!-- fetchInvoiceForInvalidPayment -->
  <testcase name="fetchInvoiceWithoutCloseFlag" time="0.003" classname="com.airtel.RestAssured.Adtech.Tests.billing.InvoiceTest">
    <skipped/>
  </testcase> <!-- fetchInvoiceWithoutCloseFlag -->
  <testcase name="fetchInvoiceAfterFailurePayment" time="0.001" classname="com.airtel.RestAssured.Adtech.Tests.billing.InvoiceTest">
    <skipped/>
  </testcase> <!-- fetchInvoiceAfterFailurePayment -->
  <testcase name="fetchReceipts" time="0.000" classname="com.airtel.RestAssured.Adtech.Tests.billing.InvoiceTest">
    <skipped/>
  </testcase> <!-- fetchReceipts -->
  <testcase name="fetchTransaction" time="0.001" classname="com.airtel.RestAssured.Adtech.Tests.billing.InvoiceTest">
    <skipped/>
  </testcase> <!-- fetchTransaction -->
  <testcase name="verifyTdsNegValue" time="0.002" classname="com.airtel.RestAssured.Adtech.Tests.billing.InvoiceTest">
    <skipped/>
  </testcase> <!-- verifyTdsNegValue -->
  <testcase name="verifyTdsuptoThreeDecimcalValue" time="0.000" classname="com.airtel.RestAssured.Adtech.Tests.billing.InvoiceTest">
    <skipped/>
  </testcase> <!-- verifyTdsuptoThreeDecimcalValue -->
  <testcase name="verifyTdsGreaterThanTenValue" time="0.001" classname="com.airtel.RestAssured.Adtech.Tests.billing.InvoiceTest">
    <skipped/>
  </testcase> <!-- verifyTdsGreaterThanTenValue -->
  <testcase name="verifyTdsuptoTwoDecimcalValue" time="0.001" classname="com.airtel.RestAssured.Adtech.Tests.billing.InvoiceTest">
    <skipped/>
  </testcase> <!-- verifyTdsuptoTwoDecimcalValue -->
  <testcase name="verifyTdsasNullValue" time="0.001" classname="com.airtel.RestAssured.Adtech.Tests.billing.InvoiceTest">
    <skipped/>
  </testcase> <!-- verifyTdsasNullValue -->
  <testcase name="verifyValidateAdtechBillingApi" time="0.001" classname="com.airtel.RestAssured.Adtech.Tests.billing.InvoiceTest">
    <skipped/>
  </testcase> <!-- verifyValidateAdtechBillingApi -->
  <testcase name="verifyTransactionStatus" time="0.001" classname="com.airtel.RestAssured.Adtech.Tests.billing.InvoiceTest">
    <skipped/>
  </testcase> <!-- verifyTransactionStatus -->
  <testcase name="verifyInitiatewithIncorrectCompany" time="0.002" classname="com.airtel.RestAssured.Adtech.Tests.billing.InvoiceTest">
    <skipped/>
  </testcase> <!-- verifyInitiatewithIncorrectCompany -->
  <testcase name="verifyInitiatewithIncorrectUserId" time="0.001" classname="com.airtel.RestAssured.Adtech.Tests.billing.InvoiceTest">
    <skipped/>
  </testcase> <!-- verifyInitiatewithIncorrectUserId -->
  <testcase name="verifyInitiatewithoutUser" time="0.000" classname="com.airtel.RestAssured.Adtech.Tests.billing.InvoiceTest">
    <skipped/>
  </testcase> <!-- verifyInitiatewithoutUser -->
</testsuite> <!-- com.airtel.RestAssured.Adtech.Tests.billing.InvoiceTest -->
