<?xml version="1.0" encoding="UTF-8"?>
<!-- Generated by org.testng.reporters.JUnitReportReporter -->
<testsuite skipped="0" hostname="ip-192-168-0-112.ap-south-1.compute.internal" name="com.adtech.restAssured.tests.personalisation.PersonalisationTest" tests="1" failures="0" timestamp="19 Jul 2022 13:24:54 GMT" time="1.675" errors="0">
  <testcase name="verifyIncorrectMsisdn" time="1.675" classname="com.adtech.restAssured.tests.personalisation.PersonalisationTest"/>
</testsuite> <!-- com.adtech.restAssured.tests.personalisation.PersonalisationTest -->
