<?xml version="1.0" encoding="UTF-8"?>
<!-- Generated by org.testng.reporters.JUnitReportReporter -->
<testsuite hostname="LTB0216523-MAC-2.local" failures="1" tests="38" name="com.airtel.RestAssured.Adtech.Tests.sms.AdminTest" time="1.565" errors="0" timestamp="18 May 2022 07:45:42 GMT" skipped="37">
  <testcase classname="com.airtel.RestAssured.Adtech.Tests.sms.AdminTest" name="createUserCompany" time="1.552">
    <failure message="expected [true] but found [false]" type="java.lang.AssertionError">
      <![CDATA[java.lang.AssertionError: expected [true] but found [false]
	at org.testng.Assert.fail(Assert.java:93)
	at org.testng.Assert.failNotEquals(Assert.java:512)
	at org.testng.Assert.assertTrue(Assert.java:41)
	at org.testng.Assert.assertTrue(Assert.java:51)
	at com.airtel.helper.common.ApiHelper.fetchApiResponse(ApiHelper.java:653)
	at com.airtel.helper.common.ApiHelper.postResponseWithHeaders(ApiHelper.java:577)
	at com.airtel.teams.common.CommonApi.getPostResponseWithStatusCode(CommonApi.java:344)
	at com.airtel.adtech.adaptor.userOnboard.OnboardUserIAdaptormpl.signUpUser(OnboardUserIAdaptormpl.java:50)
	at com.airtel.adtech.manager.OnboardApiManager.createUser(OnboardApiManager.java:84)
	at com.airtel.adtech.manager.OnboardApiManager.createUserCompanyAdtech(OnboardApiManager.java:43)
	at com.airtel.RestAssured.Adtech.Tests.sms.AdminTest.createUserCompany(AdminTest.java:156)
	at java.base/jdk.internal.reflect.NativeMethodAccessorImpl.invoke0(Native Method)
	at java.base/jdk.internal.reflect.NativeMethodAccessorImpl.invoke(NativeMethodAccessorImpl.java:77)
	at java.base/jdk.internal.reflect.DelegatingMethodAccessorImpl.invoke(DelegatingMethodAccessorImpl.java:43)
	at java.base/java.lang.reflect.Method.invoke(Method.java:568)
	at org.testng.internal.MethodInvocationHelper.invokeMethod(MethodInvocationHelper.java:108)
	at org.testng.internal.Invoker.invokeConfigurationMethod(Invoker.java:523)
	at org.testng.internal.Invoker.invokeConfigurations(Invoker.java:224)
	at org.testng.internal.Invoker.invokeMethod(Invoker.java:599)
	at org.testng.internal.Invoker.invokeTestMethod(Invoker.java:869)
	at org.testng.internal.Invoker.invokeTestMethods(Invoker.java:1193)
	at org.testng.internal.TestMethodWorker.invokeTestMethods(TestMethodWorker.java:126)
	at org.testng.internal.TestMethodWorker.run(TestMethodWorker.java:109)
	at org.testng.TestRunner.privateRun(TestRunner.java:744)
	at org.testng.TestRunner.run(TestRunner.java:602)
	at org.testng.SuiteRunner.runTest(SuiteRunner.java:380)
	at org.testng.SuiteRunner.runSequentially(SuiteRunner.java:375)
	at org.testng.SuiteRunner.privateRun(SuiteRunner.java:340)
	at org.testng.SuiteRunner.run(SuiteRunner.java:289)
	at org.testng.SuiteRunnerWorker.runSuite(SuiteRunnerWorker.java:52)
	at org.testng.SuiteRunnerWorker.run(SuiteRunnerWorker.java:86)
	at org.testng.TestNG.runSuitesSequentially(TestNG.java:1301)
	at org.testng.TestNG.runSuitesLocally(TestNG.java:1226)
	at org.testng.TestNG.runSuites(TestNG.java:1144)
	at org.testng.TestNG.run(TestNG.java:1115)
	at org.apache.maven.surefire.testng.TestNGExecutor.run(TestNGExecutor.java:135)
	at org.apache.maven.surefire.testng.TestNGDirectoryTestSuite.executeMulti(TestNGDirectoryTestSuite.java:193)
	at org.apache.maven.surefire.testng.TestNGDirectoryTestSuite.execute(TestNGDirectoryTestSuite.java:94)
	at org.apache.maven.surefire.testng.TestNGProvider.invoke(TestNGProvider.java:146)
	at org.apache.maven.surefire.booter.ForkedBooter.invokeProviderInSameClassLoader(ForkedBooter.java:386)
	at org.apache.maven.surefire.booter.ForkedBooter.runSuitesInProcess(ForkedBooter.java:323)
	at org.apache.maven.surefire.booter.ForkedBooter.main(ForkedBooter.java:143)
]]>
    </failure>
  </testcase> <!-- createUserCompany -->
  <testcase classname="com.airtel.RestAssured.Adtech.Tests.sms.AdminTest" name="campaignListByPageLimitAndSort" time="0.001">
    <skipped/>
  </testcase> <!-- campaignListByPageLimitAndSort -->
  <testcase classname="com.airtel.RestAssured.Adtech.Tests.sms.AdminTest" name="dltListByPageLimitAndSort" time="0.001">
    <skipped/>
  </testcase> <!-- dltListByPageLimitAndSort -->
  <testcase classname="com.airtel.RestAssured.Adtech.Tests.sms.AdminTest" name="campaignListWithZeroPageNo" time="0.001">
    <skipped/>
  </testcase> <!-- campaignListWithZeroPageNo -->
  <testcase classname="com.airtel.RestAssured.Adtech.Tests.sms.AdminTest" name="dltListWithMaxPageNo" time="0.001">
    <skipped/>
  </testcase> <!-- dltListWithMaxPageNo -->
  <testcase classname="com.airtel.RestAssured.Adtech.Tests.sms.AdminTest" name="campaignListWithZeroLimit" time="0.001">
    <skipped/>
  </testcase> <!-- campaignListWithZeroLimit -->
  <testcase classname="com.airtel.RestAssured.Adtech.Tests.sms.AdminTest" name="campaignListWithNullLimit" time="0.000">
    <skipped/>
  </testcase> <!-- campaignListWithNullLimit -->
  <testcase classname="com.airtel.RestAssured.Adtech.Tests.sms.AdminTest" name="campaignListWithNullOffset" time="0.000">
    <skipped/>
  </testcase> <!-- campaignListWithNullOffset -->
  <testcase classname="com.airtel.RestAssured.Adtech.Tests.sms.AdminTest" name="campaignListByPageLimitAndSortDesc" time="0.000">
    <skipped/>
  </testcase> <!-- campaignListByPageLimitAndSortDesc -->
  <testcase classname="com.airtel.RestAssured.Adtech.Tests.sms.AdminTest" name="getCampaignSearchWithTitle" time="0.000">
    <skipped/>
  </testcase> <!-- getCampaignSearchWithTitle -->
  <testcase classname="com.airtel.RestAssured.Adtech.Tests.sms.AdminTest" name="getDLTSearchWithCompany" time="0.000">
    <skipped/>
  </testcase> <!-- getDLTSearchWithCompany -->
  <testcase classname="com.airtel.RestAssured.Adtech.Tests.sms.AdminTest" name="getCampaignByPartialTemplateSearch" time="0.000">
    <skipped/>
  </testcase> <!-- getCampaignByPartialTemplateSearch -->
  <testcase classname="com.airtel.RestAssured.Adtech.Tests.sms.AdminTest" name="getDLTBySearchWithEmail" time="0.001">
    <skipped/>
  </testcase> <!-- getDLTBySearchWithEmail -->
  <testcase classname="com.airtel.RestAssured.Adtech.Tests.sms.AdminTest" name="getDLTByPartialSearchWithName" time="0.001">
    <skipped/>
  </testcase> <!-- getDLTByPartialSearchWithName -->
  <testcase classname="com.airtel.RestAssured.Adtech.Tests.sms.AdminTest" name="getDLTByIncorrectSearch" time="0.001">
    <skipped/>
  </testcase> <!-- getDLTByIncorrectSearch -->
  <testcase classname="com.airtel.RestAssured.Adtech.Tests.sms.AdminTest" name="verifyTagPeid" time="0.000">
    <skipped/>
  </testcase> <!-- verifyTagPeid -->
  <testcase classname="com.airtel.RestAssured.Adtech.Tests.sms.AdminTest" name="verifyTagPeidInCampaign" time="0.000">
    <skipped/>
  </testcase> <!-- verifyTagPeidInCampaign -->
  <testcase classname="com.airtel.RestAssured.Adtech.Tests.sms.AdminTest" name="verifyTagPeidWithDraftDLT" time="0.000">
    <skipped/>
  </testcase> <!-- verifyTagPeidWithDraftDLT -->
  <testcase classname="com.airtel.RestAssured.Adtech.Tests.sms.AdminTest" name="verifyTagPeidForDLTVerifiedStatus" time="0.000">
    <skipped/>
  </testcase> <!-- verifyTagPeidForDLTVerifiedStatus -->
  <testcase classname="com.airtel.RestAssured.Adtech.Tests.sms.AdminTest" name="verifyFetchDLTDetailswithPan" time="0.000">
    <skipped/>
  </testcase> <!-- verifyFetchDLTDetailswithPan -->
  <testcase classname="com.airtel.RestAssured.Adtech.Tests.sms.AdminTest" name="validateFetchDLTWithPeidCampaign" time="0.001">
    <skipped/>
  </testcase> <!-- validateFetchDLTWithPeidCampaign -->
  <testcase classname="com.airtel.RestAssured.Adtech.Tests.sms.AdminTest" name="verifyNotifyUser" time="0.001">
    <skipped/>
  </testcase> <!-- verifyNotifyUser -->
  <testcase classname="com.airtel.RestAssured.Adtech.Tests.sms.AdminTest" name="verifyNotifyUserWithoutPeid" time="0.000">
    <skipped/>
  </testcase> <!-- verifyNotifyUserWithoutPeid -->
  <testcase classname="com.airtel.RestAssured.Adtech.Tests.sms.AdminTest" name="verifyNotifyUserWithCampaign" time="0.001">
    <skipped/>
  </testcase> <!-- verifyNotifyUserWithCampaign -->
  <testcase classname="com.airtel.RestAssured.Adtech.Tests.sms.AdminTest" name="verifyAdminApproveDLTwithPan" time="0.000">
    <skipped/>
  </testcase> <!-- verifyAdminApproveDLTwithPan -->
  <testcase classname="com.airtel.RestAssured.Adtech.Tests.sms.AdminTest" name="verifyAdminApproveDLTwithPeid" time="0.001">
    <skipped/>
  </testcase> <!-- verifyAdminApproveDLTwithPeid -->
  <testcase classname="com.airtel.RestAssured.Adtech.Tests.sms.AdminTest" name="verifyAdminApproveNewTemplate" time="0.000">
    <skipped/>
  </testcase> <!-- verifyAdminApproveNewTemplate -->
  <testcase classname="com.airtel.RestAssured.Adtech.Tests.sms.AdminTest" name="verifyAdminApprovePanOrderWithNewTemplate" time="0.000">
    <skipped/>
  </testcase> <!-- verifyAdminApprovePanOrderWithNewTemplate -->
  <testcase classname="com.airtel.RestAssured.Adtech.Tests.sms.AdminTest" name="verifyAdminApproveDuplicateHeader" time="0.000">
    <skipped/>
  </testcase> <!-- verifyAdminApproveDuplicateHeader -->
  <testcase classname="com.airtel.RestAssured.Adtech.Tests.sms.AdminTest" name="verifyDownloadFile" time="0.000">
    <skipped/>
  </testcase> <!-- verifyDownloadFile -->
  <testcase classname="com.airtel.RestAssured.Adtech.Tests.sms.AdminTest" name="verifyDownloadFileNegative" time="0.001">
    <skipped/>
  </testcase> <!-- verifyDownloadFileNegative -->
  <testcase classname="com.airtel.RestAssured.Adtech.Tests.sms.AdminTest" name="verifySubmissionNullDateinFetchDLT" time="0.000">
    <skipped/>
  </testcase> <!-- verifySubmissionNullDateinFetchDLT -->
  <testcase classname="com.airtel.RestAssured.Adtech.Tests.sms.AdminTest" name="reviseDLTandUpdateDoc" time="0.000">
    <skipped/>
  </testcase> <!-- reviseDLTandUpdateDoc -->
  <testcase classname="com.airtel.RestAssured.Adtech.Tests.sms.AdminTest" name="reviseandUpdateCampaign" time="0.000">
    <skipped/>
  </testcase> <!-- reviseandUpdateCampaign -->
  <testcase classname="com.airtel.RestAssured.Adtech.Tests.sms.AdminTest" name="reviseDLTVerified" time="0.000">
    <skipped/>
  </testcase> <!-- reviseDLTVerified -->
  <testcase classname="com.airtel.RestAssured.Adtech.Tests.sms.AdminTest" name="reviseDLTDraft" time="0.000">
    <skipped/>
  </testcase> <!-- reviseDLTDraft -->
  <testcase classname="com.airtel.RestAssured.Adtech.Tests.sms.AdminTest" name="reviseCampaignDraft" time="0.000">
    <skipped/>
  </testcase> <!-- reviseCampaignDraft -->
  <testcase classname="com.airtel.RestAssured.Adtech.Tests.sms.AdminTest" name="revisecampaignApproved" time="0.000">
    <skipped/>
  </testcase> <!-- revisecampaignApproved -->
</testsuite> <!-- com.airtel.RestAssured.Adtech.Tests.sms.AdminTest -->
