<?xml version="1.0" encoding="UTF-8"?>
<!-- Generated by org.testng.reporters.JUnitReportReporter -->
<testsuite skipped="37" hostname="LTB0216523-MAC.local" name="com.airtel.RestAssured.Adtech.Tests.sms.AdminTest" tests="38" failures="0" timestamp="19 Jul 2022 09:23:45 GMT" time="0.042" errors="1">
  <testcase name="createUserCompany" time="0.000" classname="com.airtel.RestAssured.Adtech.Tests.sms.AdminTest">
    <error type="java.lang.NullPointerException">
      <![CDATA[java.lang.NullPointerException
	at com.airtel.teams.common.CommonApi.updateDeleteDataFromDb(CommonApi.java:1084)
	at com.airtel.adtech.dao.onboard.OnboardDaoImpl.deleteFromAdvertiser(OnboardDaoImpl.java:116)
	at com.airtel.adtech.manager.OnboardApiManager.deleteUserCompanyDataFromDb(OnboardApiManager.java:126)
	at com.airtel.adtech.manager.OnboardApiManager.createUser(OnboardApiManager.java:81)
	at com.airtel.adtech.manager.OnboardApiManager.createUserCompanyAdtech(OnboardApiManager.java:43)
	at com.airtel.RestAssured.Adtech.Tests.sms.AdminTest.createUserCompany(AdminTest.java:156)
	at sun.reflect.NativeMethodAccessorImpl.invoke0(Native Method)
	at sun.reflect.NativeMethodAccessorImpl.invoke(NativeMethodAccessorImpl.java:62)
	at sun.reflect.DelegatingMethodAccessorImpl.invoke(DelegatingMethodAccessorImpl.java:43)
	at java.lang.reflect.Method.invoke(Method.java:498)
	at org.testng.internal.MethodInvocationHelper.invokeMethod(MethodInvocationHelper.java:108)
	at org.testng.internal.Invoker.invokeConfigurationMethod(Invoker.java:523)
	at org.testng.internal.Invoker.invokeConfigurations(Invoker.java:224)
	at org.testng.internal.Invoker.invokeMethod(Invoker.java:599)
	at org.testng.internal.Invoker.invokeTestMethod(Invoker.java:869)
	at org.testng.internal.Invoker.invokeTestMethods(Invoker.java:1193)
	at org.testng.internal.TestMethodWorker.invokeTestMethods(TestMethodWorker.java:126)
	at org.testng.internal.TestMethodWorker.run(TestMethodWorker.java:109)
	at org.testng.TestRunner.privateRun(TestRunner.java:744)
	at org.testng.TestRunner.run(TestRunner.java:602)
	at org.testng.SuiteRunner.runTest(SuiteRunner.java:380)
	at org.testng.SuiteRunner.runSequentially(SuiteRunner.java:375)
	at org.testng.SuiteRunner.privateRun(SuiteRunner.java:340)
	at org.testng.SuiteRunner.run(SuiteRunner.java:289)
	at org.testng.SuiteRunnerWorker.runSuite(SuiteRunnerWorker.java:52)
	at org.testng.SuiteRunnerWorker.run(SuiteRunnerWorker.java:86)
	at org.testng.TestNG.runSuitesSequentially(TestNG.java:1301)
	at org.testng.TestNG.runSuitesLocally(TestNG.java:1226)
	at org.testng.TestNG.runSuites(TestNG.java:1144)
	at org.testng.TestNG.run(TestNG.java:1115)
	at org.apache.maven.surefire.testng.TestNGExecutor.run(TestNGExecutor.java:135)
	at org.apache.maven.surefire.testng.TestNGDirectoryTestSuite.executeMulti(TestNGDirectoryTestSuite.java:193)
	at org.apache.maven.surefire.testng.TestNGDirectoryTestSuite.execute(TestNGDirectoryTestSuite.java:94)
	at org.apache.maven.surefire.testng.TestNGProvider.invoke(TestNGProvider.java:146)
	at org.apache.maven.surefire.booter.ForkedBooter.invokeProviderInSameClassLoader(ForkedBooter.java:386)
	at org.apache.maven.surefire.booter.ForkedBooter.runSuitesInProcess(ForkedBooter.java:323)
	at org.apache.maven.surefire.booter.ForkedBooter.main(ForkedBooter.java:143)
]]>
    </error>
  </testcase> <!-- createUserCompany -->
  <testcase name="campaignListByPageLimitAndSort" time="0.001" classname="com.airtel.RestAssured.Adtech.Tests.sms.AdminTest">
    <skipped/>
  </testcase> <!-- campaignListByPageLimitAndSort -->
  <testcase name="dltListByPageLimitAndSort" time="0.001" classname="com.airtel.RestAssured.Adtech.Tests.sms.AdminTest">
    <skipped/>
  </testcase> <!-- dltListByPageLimitAndSort -->
  <testcase name="campaignListWithZeroPageNo" time="0.003" classname="com.airtel.RestAssured.Adtech.Tests.sms.AdminTest">
    <skipped/>
  </testcase> <!-- campaignListWithZeroPageNo -->
  <testcase name="dltListWithMaxPageNo" time="0.001" classname="com.airtel.RestAssured.Adtech.Tests.sms.AdminTest">
    <skipped/>
  </testcase> <!-- dltListWithMaxPageNo -->
  <testcase name="campaignListWithZeroLimit" time="0.000" classname="com.airtel.RestAssured.Adtech.Tests.sms.AdminTest">
    <skipped/>
  </testcase> <!-- campaignListWithZeroLimit -->
  <testcase name="campaignListWithNullLimit" time="0.000" classname="com.airtel.RestAssured.Adtech.Tests.sms.AdminTest">
    <skipped/>
  </testcase> <!-- campaignListWithNullLimit -->
  <testcase name="campaignListWithNullOffset" time="0.001" classname="com.airtel.RestAssured.Adtech.Tests.sms.AdminTest">
    <skipped/>
  </testcase> <!-- campaignListWithNullOffset -->
  <testcase name="campaignListByPageLimitAndSortDesc" time="0.000" classname="com.airtel.RestAssured.Adtech.Tests.sms.AdminTest">
    <skipped/>
  </testcase> <!-- campaignListByPageLimitAndSortDesc -->
  <testcase name="getCampaignSearchWithTitle" time="0.001" classname="com.airtel.RestAssured.Adtech.Tests.sms.AdminTest">
    <skipped/>
  </testcase> <!-- getCampaignSearchWithTitle -->
  <testcase name="getDLTSearchWithCompany" time="0.001" classname="com.airtel.RestAssured.Adtech.Tests.sms.AdminTest">
    <skipped/>
  </testcase> <!-- getDLTSearchWithCompany -->
  <testcase name="getCampaignByPartialTemplateSearch" time="0.001" classname="com.airtel.RestAssured.Adtech.Tests.sms.AdminTest">
    <skipped/>
  </testcase> <!-- getCampaignByPartialTemplateSearch -->
  <testcase name="getDLTBySearchWithEmail" time="0.001" classname="com.airtel.RestAssured.Adtech.Tests.sms.AdminTest">
    <skipped/>
  </testcase> <!-- getDLTBySearchWithEmail -->
  <testcase name="getDLTByPartialSearchWithName" time="0.001" classname="com.airtel.RestAssured.Adtech.Tests.sms.AdminTest">
    <skipped/>
  </testcase> <!-- getDLTByPartialSearchWithName -->
  <testcase name="getDLTByIncorrectSearch" time="0.004" classname="com.airtel.RestAssured.Adtech.Tests.sms.AdminTest">
    <skipped/>
  </testcase> <!-- getDLTByIncorrectSearch -->
  <testcase name="verifyTagPeid" time="0.003" classname="com.airtel.RestAssured.Adtech.Tests.sms.AdminTest">
    <skipped/>
  </testcase> <!-- verifyTagPeid -->
  <testcase name="verifyTagPeidInCampaign" time="0.001" classname="com.airtel.RestAssured.Adtech.Tests.sms.AdminTest">
    <skipped/>
  </testcase> <!-- verifyTagPeidInCampaign -->
  <testcase name="verifyTagPeidWithDraftDLT" time="0.001" classname="com.airtel.RestAssured.Adtech.Tests.sms.AdminTest">
    <skipped/>
  </testcase> <!-- verifyTagPeidWithDraftDLT -->
  <testcase name="verifyTagPeidForDLTVerifiedStatus" time="0.001" classname="com.airtel.RestAssured.Adtech.Tests.sms.AdminTest">
    <skipped/>
  </testcase> <!-- verifyTagPeidForDLTVerifiedStatus -->
  <testcase name="verifyFetchDLTDetailswithPan" time="0.001" classname="com.airtel.RestAssured.Adtech.Tests.sms.AdminTest">
    <skipped/>
  </testcase> <!-- verifyFetchDLTDetailswithPan -->
  <testcase name="validateFetchDLTWithPeidCampaign" time="0.000" classname="com.airtel.RestAssured.Adtech.Tests.sms.AdminTest">
    <skipped/>
  </testcase> <!-- validateFetchDLTWithPeidCampaign -->
  <testcase name="verifyNotifyUser" time="0.004" classname="com.airtel.RestAssured.Adtech.Tests.sms.AdminTest">
    <skipped/>
  </testcase> <!-- verifyNotifyUser -->
  <testcase name="verifyNotifyUserWithoutPeid" time="0.001" classname="com.airtel.RestAssured.Adtech.Tests.sms.AdminTest">
    <skipped/>
  </testcase> <!-- verifyNotifyUserWithoutPeid -->
  <testcase name="verifyNotifyUserWithCampaign" time="0.001" classname="com.airtel.RestAssured.Adtech.Tests.sms.AdminTest">
    <skipped/>
  </testcase> <!-- verifyNotifyUserWithCampaign -->
  <testcase name="verifyAdminApproveDLTwithPan" time="0.002" classname="com.airtel.RestAssured.Adtech.Tests.sms.AdminTest">
    <skipped/>
  </testcase> <!-- verifyAdminApproveDLTwithPan -->
  <testcase name="verifyAdminApproveDLTwithPeid" time="0.000" classname="com.airtel.RestAssured.Adtech.Tests.sms.AdminTest">
    <skipped/>
  </testcase> <!-- verifyAdminApproveDLTwithPeid -->
  <testcase name="verifyAdminApproveNewTemplate" time="0.001" classname="com.airtel.RestAssured.Adtech.Tests.sms.AdminTest">
    <skipped/>
  </testcase> <!-- verifyAdminApproveNewTemplate -->
  <testcase name="verifyAdminApprovePanOrderWithNewTemplate" time="0.002" classname="com.airtel.RestAssured.Adtech.Tests.sms.AdminTest">
    <skipped/>
  </testcase> <!-- verifyAdminApprovePanOrderWithNewTemplate -->
  <testcase name="verifyAdminApproveDuplicateHeader" time="0.001" classname="com.airtel.RestAssured.Adtech.Tests.sms.AdminTest">
    <skipped/>
  </testcase> <!-- verifyAdminApproveDuplicateHeader -->
  <testcase name="verifyDownloadFile" time="0.000" classname="com.airtel.RestAssured.Adtech.Tests.sms.AdminTest">
    <skipped/>
  </testcase> <!-- verifyDownloadFile -->
  <testcase name="verifyDownloadFileNegative" time="0.002" classname="com.airtel.RestAssured.Adtech.Tests.sms.AdminTest">
    <skipped/>
  </testcase> <!-- verifyDownloadFileNegative -->
  <testcase name="verifySubmissionNullDateinFetchDLT" time="0.001" classname="com.airtel.RestAssured.Adtech.Tests.sms.AdminTest">
    <skipped/>
  </testcase> <!-- verifySubmissionNullDateinFetchDLT -->
  <testcase name="reviseDLTandUpdateDoc" time="0.002" classname="com.airtel.RestAssured.Adtech.Tests.sms.AdminTest">
    <skipped/>
  </testcase> <!-- reviseDLTandUpdateDoc -->
  <testcase name="reviseandUpdateCampaign" time="0.000" classname="com.airtel.RestAssured.Adtech.Tests.sms.AdminTest">
    <skipped/>
  </testcase> <!-- reviseandUpdateCampaign -->
  <testcase name="reviseDLTVerified" time="0.001" classname="com.airtel.RestAssured.Adtech.Tests.sms.AdminTest">
    <skipped/>
  </testcase> <!-- reviseDLTVerified -->
  <testcase name="reviseDLTDraft" time="0.000" classname="com.airtel.RestAssured.Adtech.Tests.sms.AdminTest">
    <skipped/>
  </testcase> <!-- reviseDLTDraft -->
  <testcase name="reviseCampaignDraft" time="0.001" classname="com.airtel.RestAssured.Adtech.Tests.sms.AdminTest">
    <skipped/>
  </testcase> <!-- reviseCampaignDraft -->
  <testcase name="revisecampaignApproved" time="0.000" classname="com.airtel.RestAssured.Adtech.Tests.sms.AdminTest">
    <skipped/>
  </testcase> <!-- revisecampaignApproved -->
</testsuite> <!-- com.airtel.RestAssured.Adtech.Tests.sms.AdminTest -->
