<?xml version="1.0" encoding="UTF-8"?>
<!-- Generated by org.testng.reporters.JUnitReportReporter -->
<testsuite skipped="14" hostname="LTB0216523-MAC.local" name="com.airtel.RestAssured.Adtech.Tests.billing.ReceiptTest" tests="15" failures="0" timestamp="19 Jul 2022 09:23:45 GMT" time="300.054" errors="1">
  <testcase name="setEnvironment" time="300.038" classname="com.airtel.RestAssured.Adtech.Tests.billing.ReceiptTest">
    <error type="java.lang.NullPointerException">
      <![CDATA[java.lang.NullPointerException
	at java.math.BigDecimal.<init>(BigDecimal.java:809)
	at com.airtel.adtech.manager.BillingAdtechApiManager.<init>(BillingAdtechApiManager.java:72)
	at com.airtel.RestAssured.Adtech.Tests.billing.ReceiptTest.setEnvironment(ReceiptTest.java:99)
	at sun.reflect.NativeMethodAccessorImpl.invoke0(Native Method)
	at sun.reflect.NativeMethodAccessorImpl.invoke(NativeMethodAccessorImpl.java:62)
	at sun.reflect.DelegatingMethodAccessorImpl.invoke(DelegatingMethodAccessorImpl.java:43)
	at java.lang.reflect.Method.invoke(Method.java:498)
	at org.testng.internal.MethodInvocationHelper.invokeMethod(MethodInvocationHelper.java:108)
	at org.testng.internal.Invoker.invokeConfigurationMethod(Invoker.java:523)
	at org.testng.internal.Invoker.invokeConfigurations(Invoker.java:224)
	at org.testng.internal.Invoker.invokeConfigurations(Invoker.java:146)
	at org.testng.internal.TestMethodWorker.invokeBeforeClassMethods(TestMethodWorker.java:166)
	at org.testng.internal.TestMethodWorker.run(TestMethodWorker.java:105)
	at org.testng.TestRunner.privateRun(TestRunner.java:744)
	at org.testng.TestRunner.run(TestRunner.java:602)
	at org.testng.SuiteRunner.runTest(SuiteRunner.java:380)
	at org.testng.SuiteRunner.runSequentially(SuiteRunner.java:375)
	at org.testng.SuiteRunner.privateRun(SuiteRunner.java:340)
	at org.testng.SuiteRunner.run(SuiteRunner.java:289)
	at org.testng.SuiteRunnerWorker.runSuite(SuiteRunnerWorker.java:52)
	at org.testng.SuiteRunnerWorker.run(SuiteRunnerWorker.java:86)
	at org.testng.TestNG.runSuitesSequentially(TestNG.java:1301)
	at org.testng.TestNG.runSuitesLocally(TestNG.java:1226)
	at org.testng.TestNG.runSuites(TestNG.java:1144)
	at org.testng.TestNG.run(TestNG.java:1115)
	at org.apache.maven.surefire.testng.TestNGExecutor.run(TestNGExecutor.java:135)
	at org.apache.maven.surefire.testng.TestNGDirectoryTestSuite.executeMulti(TestNGDirectoryTestSuite.java:193)
	at org.apache.maven.surefire.testng.TestNGDirectoryTestSuite.execute(TestNGDirectoryTestSuite.java:94)
	at org.apache.maven.surefire.testng.TestNGProvider.invoke(TestNGProvider.java:146)
	at org.apache.maven.surefire.booter.ForkedBooter.invokeProviderInSameClassLoader(ForkedBooter.java:386)
	at org.apache.maven.surefire.booter.ForkedBooter.runSuitesInProcess(ForkedBooter.java:323)
	at org.apache.maven.surefire.booter.ForkedBooter.main(ForkedBooter.java:143)
]]>
    </error>
  </testcase> <!-- setEnvironment -->
  <testcase name="validateInitiatePaymentSuccess" time="0.001" classname="com.airtel.RestAssured.Adtech.Tests.billing.ReceiptTest">
    <skipped/>
  </testcase> <!-- validateInitiatePaymentSuccess -->
  <testcase name="validateInitiatePaymentFailure" time="0.000" classname="com.airtel.RestAssured.Adtech.Tests.billing.ReceiptTest">
    <skipped/>
  </testcase> <!-- validateInitiatePaymentFailure -->
  <testcase name="initiatePaymentwithInvalidAmount" time="0.001" classname="com.airtel.RestAssured.Adtech.Tests.billing.ReceiptTest">
    <skipped/>
  </testcase> <!-- initiatePaymentwithInvalidAmount -->
  <testcase name="initiatePaymentOnPartialPaidInvoice" time="0.003" classname="com.airtel.RestAssured.Adtech.Tests.billing.ReceiptTest">
    <skipped/>
  </testcase> <!-- initiatePaymentOnPartialPaidInvoice -->
  <testcase name="initiatePaymentWithInvalidEvent" time="0.000" classname="com.airtel.RestAssured.Adtech.Tests.billing.ReceiptTest">
    <skipped/>
  </testcase> <!-- initiatePaymentWithInvalidEvent -->
  <testcase name="initiatePaymentWithMultipleInvoices" time="0.000" classname="com.airtel.RestAssured.Adtech.Tests.billing.ReceiptTest">
    <skipped/>
  </testcase> <!-- initiatePaymentWithMultipleInvoices -->
  <testcase name="verifyValidateAPITwice" time="0.000" classname="com.airtel.RestAssured.Adtech.Tests.billing.ReceiptTest">
    <skipped/>
  </testcase> <!-- verifyValidateAPITwice -->
  <testcase name="initiatePaymentOnProceesedStatus" time="0.009" classname="com.airtel.RestAssured.Adtech.Tests.billing.ReceiptTest">
    <skipped/>
  </testcase> <!-- initiatePaymentOnProceesedStatus -->
  <testcase name="validateInvoiceAndReceipt" time="0.001" classname="com.airtel.RestAssured.Adtech.Tests.billing.ReceiptTest">
    <skipped/>
  </testcase> <!-- validateInvoiceAndReceipt -->
  <testcase name="validateInvoiceReceiptWithLessInvoiceAmount" time="0.000" classname="com.airtel.RestAssured.Adtech.Tests.billing.ReceiptTest">
    <skipped/>
  </testcase> <!-- validateInvoiceReceiptWithLessInvoiceAmount -->
  <testcase name="verifyReceiptsforMultipleInvoices" time="0.000" classname="com.airtel.RestAssured.Adtech.Tests.billing.ReceiptTest">
    <skipped/>
  </testcase> <!-- verifyReceiptsforMultipleInvoices -->
  <testcase name="verifyReceiptsforMultipleInvoiceswithPendingReceipts" time="0.001" classname="com.airtel.RestAssured.Adtech.Tests.billing.ReceiptTest">
    <skipped/>
  </testcase> <!-- verifyReceiptsforMultipleInvoiceswithPendingReceipts -->
  <testcase name="verifyReceiptswithGreaterAmountThanInvoice" time="0.000" classname="com.airtel.RestAssured.Adtech.Tests.billing.ReceiptTest">
    <skipped/>
  </testcase> <!-- verifyReceiptswithGreaterAmountThanInvoice -->
  <testcase name="duplicateEvent" time="0.000" classname="com.airtel.RestAssured.Adtech.Tests.billing.ReceiptTest">
    <skipped/>
  </testcase> <!-- duplicateEvent -->
</testsuite> <!-- com.airtel.RestAssured.Adtech.Tests.billing.ReceiptTest -->
