<?xml version="1.0" encoding="UTF-8"?>
<!-- Generated by org.testng.reporters.JUnitReportReporter -->
<testsuite skipped="26" hostname="LTB0216523-MAC.local" name="com.airtel.RestAssured.Adtech.Tests.sms.CampaignTest" tests="27" failures="0" timestamp="19 Jul 2022 09:23:45 GMT" time="0.068" errors="1">
  <testcase name="createUserCompany" time="0.005" classname="com.airtel.RestAssured.Adtech.Tests.sms.CampaignTest">
    <error type="java.lang.NullPointerException">
      <![CDATA[java.lang.NullPointerException
	at com.airtel.teams.common.CommonApi.updateDeleteDataFromDb(CommonApi.java:1084)
	at com.airtel.adtech.dao.onboard.OnboardDaoImpl.deleteFromAdvertiser(OnboardDaoImpl.java:116)
	at com.airtel.adtech.manager.OnboardApiManager.deleteUserCompanyDataFromDb(OnboardApiManager.java:126)
	at com.airtel.adtech.manager.OnboardApiManager.createUser(OnboardApiManager.java:81)
	at com.airtel.adtech.manager.OnboardApiManager.createUserCompanyAdtech(OnboardApiManager.java:43)
	at com.airtel.RestAssured.Adtech.Tests.sms.CampaignTest.createUserCompany(CampaignTest.java:142)
	at sun.reflect.NativeMethodAccessorImpl.invoke0(Native Method)
	at sun.reflect.NativeMethodAccessorImpl.invoke(NativeMethodAccessorImpl.java:62)
	at sun.reflect.DelegatingMethodAccessorImpl.invoke(DelegatingMethodAccessorImpl.java:43)
	at java.lang.reflect.Method.invoke(Method.java:498)
	at org.testng.internal.MethodInvocationHelper.invokeMethod(MethodInvocationHelper.java:108)
	at org.testng.internal.Invoker.invokeConfigurationMethod(Invoker.java:523)
	at org.testng.internal.Invoker.invokeConfigurations(Invoker.java:224)
	at org.testng.internal.Invoker.invokeMethod(Invoker.java:599)
	at org.testng.internal.Invoker.invokeTestMethod(Invoker.java:869)
	at org.testng.internal.Invoker.invokeTestMethods(Invoker.java:1193)
	at org.testng.internal.TestMethodWorker.invokeTestMethods(TestMethodWorker.java:126)
	at org.testng.internal.TestMethodWorker.run(TestMethodWorker.java:109)
	at org.testng.TestRunner.privateRun(TestRunner.java:744)
	at org.testng.TestRunner.run(TestRunner.java:602)
	at org.testng.SuiteRunner.runTest(SuiteRunner.java:380)
	at org.testng.SuiteRunner.runSequentially(SuiteRunner.java:375)
	at org.testng.SuiteRunner.privateRun(SuiteRunner.java:340)
	at org.testng.SuiteRunner.run(SuiteRunner.java:289)
	at org.testng.SuiteRunnerWorker.runSuite(SuiteRunnerWorker.java:52)
	at org.testng.SuiteRunnerWorker.run(SuiteRunnerWorker.java:86)
	at org.testng.TestNG.runSuitesSequentially(TestNG.java:1301)
	at org.testng.TestNG.runSuitesLocally(TestNG.java:1226)
	at org.testng.TestNG.runSuites(TestNG.java:1144)
	at org.testng.TestNG.run(TestNG.java:1115)
	at org.apache.maven.surefire.testng.TestNGExecutor.run(TestNGExecutor.java:135)
	at org.apache.maven.surefire.testng.TestNGDirectoryTestSuite.executeMulti(TestNGDirectoryTestSuite.java:193)
	at org.apache.maven.surefire.testng.TestNGDirectoryTestSuite.execute(TestNGDirectoryTestSuite.java:94)
	at org.apache.maven.surefire.testng.TestNGProvider.invoke(TestNGProvider.java:146)
	at org.apache.maven.surefire.booter.ForkedBooter.invokeProviderInSameClassLoader(ForkedBooter.java:386)
	at org.apache.maven.surefire.booter.ForkedBooter.runSuitesInProcess(ForkedBooter.java:323)
	at org.apache.maven.surefire.booter.ForkedBooter.main(ForkedBooter.java:143)
]]>
    </error>
  </testcase> <!-- createUserCompany -->
  <testcase name="submitCampaignandValidatewithPeid" time="0.004" classname="com.airtel.RestAssured.Adtech.Tests.sms.CampaignTest">
    <skipped/>
  </testcase> <!-- submitCampaignandValidatewithPeid -->
  <testcase name="submitCampaignandValidatewithPan" time="0.001" classname="com.airtel.RestAssured.Adtech.Tests.sms.CampaignTest">
    <skipped/>
  </testcase> <!-- submitCampaignandValidatewithPan -->
  <testcase name="registerNewTemplatewithDLT" time="0.001" classname="com.airtel.RestAssured.Adtech.Tests.sms.CampaignTest">
    <skipped/>
  </testcase> <!-- registerNewTemplatewithDLT -->
  <testcase name="fetchandSubmitCampaign" time="0.002" classname="com.airtel.RestAssured.Adtech.Tests.sms.CampaignTest">
    <skipped/>
  </testcase> <!-- fetchandSubmitCampaign -->
  <testcase name="updateExistingCampaign" time="0.001" classname="com.airtel.RestAssured.Adtech.Tests.sms.CampaignTest">
    <skipped/>
  </testcase> <!-- updateExistingCampaign -->
  <testcase name="multipleCampaignWithDLTapproved" time="0.002" classname="com.airtel.RestAssured.Adtech.Tests.sms.CampaignTest">
    <skipped/>
  </testcase> <!-- multipleCampaignWithDLTapproved -->
  <testcase name="multiCampaignswithSubmittedStatus" time="0.002" classname="com.airtel.RestAssured.Adtech.Tests.sms.CampaignTest">
    <skipped/>
  </testcase> <!-- multiCampaignswithSubmittedStatus -->
  <testcase name="createOrderWithoutDLT" time="0.001" classname="com.airtel.RestAssured.Adtech.Tests.sms.CampaignTest">
    <skipped/>
  </testcase> <!-- createOrderWithoutDLT -->
  <testcase name="orderwithInvalidIndustry" time="0.002" classname="com.airtel.RestAssured.Adtech.Tests.sms.CampaignTest">
    <skipped/>
  </testcase> <!-- orderwithInvalidIndustry -->
  <testcase name="createCamapignwithCurrentDate" time="0.001" classname="com.airtel.RestAssured.Adtech.Tests.sms.CampaignTest">
    <skipped/>
  </testcase> <!-- createCamapignwithCurrentDate -->
  <testcase name="createCamapignwithIncorrectTemplateId" time="0.000" classname="com.airtel.RestAssured.Adtech.Tests.sms.CampaignTest">
    <skipped/>
  </testcase> <!-- createCamapignwithIncorrectTemplateId -->
  <testcase name="calculateBudgetandcreateOrder" time="0.001" classname="com.airtel.RestAssured.Adtech.Tests.sms.CampaignTest">
    <skipped/>
  </testcase> <!-- calculateBudgetandcreateOrder -->
  <testcase name="orderWithInvalidIndustryinBudgetApi" time="0.003" classname="com.airtel.RestAssured.Adtech.Tests.sms.CampaignTest">
    <skipped/>
  </testcase> <!-- orderWithInvalidIndustryinBudgetApi -->
  <testcase name="verifySchedulerwithCompletedStatus" time="0.000" classname="com.airtel.RestAssured.Adtech.Tests.sms.CampaignTest">
    <skipped/>
  </testcase> <!-- verifySchedulerwithCompletedStatus -->
  <testcase name="verifySchedulerwithFailedStatus" time="0.000" classname="com.airtel.RestAssured.Adtech.Tests.sms.CampaignTest">
    <skipped/>
  </testcase> <!-- verifySchedulerwithFailedStatus -->
  <testcase name="verifySchedulerwithDummyEvent" time="0.029" classname="com.airtel.RestAssured.Adtech.Tests.sms.CampaignTest">
    <skipped/>
  </testcase> <!-- verifySchedulerwithDummyEvent -->
  <testcase name="verifySchedulerwithFileCreationEvent" time="0.002" classname="com.airtel.RestAssured.Adtech.Tests.sms.CampaignTest">
    <skipped/>
  </testcase> <!-- verifySchedulerwithFileCreationEvent -->
  <testcase name="fetchOrderListandValidate" time="0.004" classname="com.airtel.RestAssured.Adtech.Tests.sms.CampaignTest">
    <skipped/>
  </testcase> <!-- fetchOrderListandValidate -->
  <testcase name="createOrderWithMultipleHeaders" time="0.001" classname="com.airtel.RestAssured.Adtech.Tests.sms.CampaignTest">
    <skipped/>
  </testcase> <!-- createOrderWithMultipleHeaders -->
  <testcase name="createOrderWithNewTemplate" time="0.000" classname="com.airtel.RestAssured.Adtech.Tests.sms.CampaignTest">
    <skipped/>
  </testcase> <!-- createOrderWithNewTemplate -->
  <testcase name="createOrderWithmultipleTemplatewithSingleHeader" time="0.001" classname="com.airtel.RestAssured.Adtech.Tests.sms.CampaignTest">
    <skipped/>
  </testcase> <!-- createOrderWithmultipleTemplatewithSingleHeader -->
  <testcase name="panOrderWithMultipleHeaders" time="0.001" classname="com.airtel.RestAssured.Adtech.Tests.sms.CampaignTest">
    <skipped/>
  </testcase> <!-- panOrderWithMultipleHeaders -->
  <testcase name="panOrderWithNewTemplate" time="0.001" classname="com.airtel.RestAssured.Adtech.Tests.sms.CampaignTest">
    <skipped/>
  </testcase> <!-- panOrderWithNewTemplate -->
  <testcase name="registerHeaderWithoutDLT" time="0.001" classname="com.airtel.RestAssured.Adtech.Tests.sms.CampaignTest">
    <skipped/>
  </testcase> <!-- registerHeaderWithoutDLT -->
  <testcase name="cretaOrderWithUnregisteredHeader" time="0.002" classname="com.airtel.RestAssured.Adtech.Tests.sms.CampaignTest">
    <skipped/>
  </testcase> <!-- cretaOrderWithUnregisteredHeader -->
  <testcase name="verifyRandomTemplatewithHeader" time="0.000" classname="com.airtel.RestAssured.Adtech.Tests.sms.CampaignTest">
    <skipped/>
  </testcase> <!-- verifyRandomTemplatewithHeader -->
</testsuite> <!-- com.airtel.RestAssured.Adtech.Tests.sms.CampaignTest -->
